CRITICAL - 2022-10-10 15:36:21 --> Undefined variable: especificacoies
in APPPATH/Views/Produto/detalhes.php on line 161.
 1 APPPATH/Views/Produto/detalhes.php(161): CodeIgniter\Debug\Exceptions->errorHandler()
 2 SYSTEMPATH/View/View.php(213): include('APPPATH/Views/Produto/detalhes.php')
 3 SYSTEMPATH/View/View.php(216): CodeIgniter\View\View->CodeIgniter\View\{closure}()
 4 SYSTEMPATH/Common.php(1137): CodeIgniter\View\View->render()
 5 APPPATH/Controllers/Produto.php(53): view()
 6 SYSTEMPATH/CodeIgniter.php(904): App\Controllers\Produto->detalhes()
 7 SYSTEMPATH/CodeIgniter.php(457): CodeIgniter\CodeIgniter->runController()
 8 SYSTEMPATH/CodeIgniter.php(340): CodeIgniter\CodeIgniter->handleRequest()
 9 FCPATH/index.php(67): CodeIgniter\CodeIgniter->run()
10 SYSTEMPATH/Commands/Server/rewrite.php(43): require_once('FCPATH/index.php')
CRITICAL - 2022-10-10 15:36:22 --> Undefined variable: especificacoies
in APPPATH/Views/Produto/detalhes.php on line 161.
 1 APPPATH/Views/Produto/detalhes.php(161): CodeIgniter\Debug\Exceptions->errorHandler()
 2 SYSTEMPATH/View/View.php(213): include('APPPATH/Views/Produto/detalhes.php')
 3 SYSTEMPATH/View/View.php(216): CodeIgniter\View\View->CodeIgniter\View\{closure}()
 4 SYSTEMPATH/Common.php(1137): CodeIgniter\View\View->render()
 5 APPPATH/Controllers/Produto.php(53): view()
 6 SYSTEMPATH/CodeIgniter.php(904): App\Controllers\Produto->detalhes()
 7 SYSTEMPATH/CodeIgniter.php(457): CodeIgniter\CodeIgniter->runController()
 8 SYSTEMPATH/CodeIgniter.php(340): CodeIgniter\CodeIgniter->handleRequest()
 9 FCPATH/index.php(67): CodeIgniter\CodeIgniter->run()
10 SYSTEMPATH/Commands/Server/rewrite.php(43): require_once('FCPATH/index.php')
CRITICAL - 2022-10-10 16:11:40 --> Call to undefined method CodeIgniter\Validation\Validation::getErros()
in APPPATH/Controllers/Carrinho.php on line 39.
 1 SYSTEMPATH/CodeIgniter.php(904): App\Controllers\Carrinho->adicionar()
 2 SYSTEMPATH/CodeIgniter.php(457): CodeIgniter\CodeIgniter->runController()
 3 SYSTEMPATH/CodeIgniter.php(340): CodeIgniter\CodeIgniter->handleRequest()
 4 FCPATH/index.php(67): CodeIgniter\CodeIgniter->run()
 5 SYSTEMPATH/Commands/Server/rewrite.php(43): require_once('FCPATH/index.php')
