CRITICAL - 2022-10-31 15:42:44 --> Arquivo inválido: conta/sidebar.php
in SYSTEMPATH/Exceptions/FrameworkException.php on line 33.
 1 SYSTEMPATH/View/View.php(201): CodeIgniter\Exceptions\FrameworkException::forInvalidFile()
 2 SYSTEMPATH/View/View.php(429): CodeIgniter\View\View->render()
 3 APPPATH/Views/Conta/show.php(26): CodeIgniter\View\View->include()
 4 SYSTEMPATH/View/View.php(213): include('APPPATH/Views/Conta/show.php')
 5 SYSTEMPATH/View/View.php(216): CodeIgniter\View\View->CodeIgniter\View\{closure}()
 6 SYSTEMPATH/Common.php(1137): CodeIgniter\View\View->render()
 7 APPPATH/Controllers/Conta.php(32): view()
 8 SYSTEMPATH/CodeIgniter.php(904): App\Controllers\Conta->show()
 9 SYSTEMPATH/CodeIgniter.php(457): CodeIgniter\CodeIgniter->runController()
10 SYSTEMPATH/CodeIgniter.php(340): CodeIgniter\CodeIgniter->handleRequest()
11 FCPATH/index.php(67): CodeIgniter\CodeIgniter->run()
12 SYSTEMPATH/Commands/Server/rewrite.php(43): require_once('FCPATH/index.php')
CRITICAL - 2022-10-31 15:43:01 --> Arquivo inválido: Conta/show.php
in SYSTEMPATH/Exceptions/FrameworkException.php on line 33.
 1 SYSTEMPATH/View/View.php(201): CodeIgniter\Exceptions\FrameworkException::forInvalidFile()
 2 SYSTEMPATH/Common.php(1137): CodeIgniter\View\View->render()
 3 APPPATH/Controllers/Conta.php(32): view()
 4 SYSTEMPATH/CodeIgniter.php(904): App\Controllers\Conta->show()
 5 SYSTEMPATH/CodeIgniter.php(457): CodeIgniter\CodeIgniter->runController()
 6 SYSTEMPATH/CodeIgniter.php(340): CodeIgniter\CodeIgniter->handleRequest()
 7 FCPATH/index.php(67): CodeIgniter\CodeIgniter->run()
 8 SYSTEMPATH/Commands/Server/rewrite.php(43): require_once('FCPATH/index.php')
CRITICAL - 2022-10-31 15:43:53 --> Arquivo inválido: conta/sidebar.php
in SYSTEMPATH/Exceptions/FrameworkException.php on line 33.
 1 SYSTEMPATH/View/View.php(201): CodeIgniter\Exceptions\FrameworkException::forInvalidFile()
 2 SYSTEMPATH/View/View.php(429): CodeIgniter\View\View->render()
 3 APPPATH/Views/Conta/show.php(26): CodeIgniter\View\View->include()
 4 SYSTEMPATH/View/View.php(213): include('APPPATH/Views/Conta/show.php')
 5 SYSTEMPATH/View/View.php(216): CodeIgniter\View\View->CodeIgniter\View\{closure}()
 6 SYSTEMPATH/Common.php(1137): CodeIgniter\View\View->render()
 7 APPPATH/Controllers/Conta.php(32): view()
 8 SYSTEMPATH/CodeIgniter.php(904): App\Controllers\Conta->show()
 9 SYSTEMPATH/CodeIgniter.php(457): CodeIgniter\CodeIgniter->runController()
10 SYSTEMPATH/CodeIgniter.php(340): CodeIgniter\CodeIgniter->handleRequest()
11 FCPATH/index.php(67): CodeIgniter\CodeIgniter->run()
12 SYSTEMPATH/Commands/Server/rewrite.php(43): require_once('FCPATH/index.php')
CRITICAL - 2022-10-31 15:43:54 --> Arquivo inválido: conta/sidebar.php
in SYSTEMPATH/Exceptions/FrameworkException.php on line 33.
 1 SYSTEMPATH/View/View.php(201): CodeIgniter\Exceptions\FrameworkException::forInvalidFile()
 2 SYSTEMPATH/View/View.php(429): CodeIgniter\View\View->render()
 3 APPPATH/Views/Conta/show.php(26): CodeIgniter\View\View->include()
 4 SYSTEMPATH/View/View.php(213): include('APPPATH/Views/Conta/show.php')
 5 SYSTEMPATH/View/View.php(216): CodeIgniter\View\View->CodeIgniter\View\{closure}()
 6 SYSTEMPATH/Common.php(1137): CodeIgniter\View\View->render()
 7 APPPATH/Controllers/Conta.php(32): view()
 8 SYSTEMPATH/CodeIgniter.php(904): App\Controllers\Conta->show()
 9 SYSTEMPATH/CodeIgniter.php(457): CodeIgniter\CodeIgniter->runController()
10 SYSTEMPATH/CodeIgniter.php(340): CodeIgniter\CodeIgniter->handleRequest()
11 FCPATH/index.php(67): CodeIgniter\CodeIgniter->run()
12 SYSTEMPATH/Commands/Server/rewrite.php(43): require_once('FCPATH/index.php')
CRITICAL - 2022-10-31 15:43:54 --> Arquivo inválido: conta/sidebar.php
in SYSTEMPATH/Exceptions/FrameworkException.php on line 33.
 1 SYSTEMPATH/View/View.php(201): CodeIgniter\Exceptions\FrameworkException::forInvalidFile()
 2 SYSTEMPATH/View/View.php(429): CodeIgniter\View\View->render()
 3 APPPATH/Views/Conta/show.php(26): CodeIgniter\View\View->include()
 4 SYSTEMPATH/View/View.php(213): include('APPPATH/Views/Conta/show.php')
 5 SYSTEMPATH/View/View.php(216): CodeIgniter\View\View->CodeIgniter\View\{closure}()
 6 SYSTEMPATH/Common.php(1137): CodeIgniter\View\View->render()
 7 APPPATH/Controllers/Conta.php(32): view()
 8 SYSTEMPATH/CodeIgniter.php(904): App\Controllers\Conta->show()
 9 SYSTEMPATH/CodeIgniter.php(457): CodeIgniter\CodeIgniter->runController()
10 SYSTEMPATH/CodeIgniter.php(340): CodeIgniter\CodeIgniter->handleRequest()
11 FCPATH/index.php(67): CodeIgniter\CodeIgniter->run()
12 SYSTEMPATH/Commands/Server/rewrite.php(43): require_once('FCPATH/index.php')
CRITICAL - 2022-10-31 15:43:54 --> Arquivo inválido: conta/sidebar.php
in SYSTEMPATH/Exceptions/FrameworkException.php on line 33.
 1 SYSTEMPATH/View/View.php(201): CodeIgniter\Exceptions\FrameworkException::forInvalidFile()
 2 SYSTEMPATH/View/View.php(429): CodeIgniter\View\View->render()
 3 APPPATH/Views/Conta/show.php(26): CodeIgniter\View\View->include()
 4 SYSTEMPATH/View/View.php(213): include('APPPATH/Views/Conta/show.php')
 5 SYSTEMPATH/View/View.php(216): CodeIgniter\View\View->CodeIgniter\View\{closure}()
 6 SYSTEMPATH/Common.php(1137): CodeIgniter\View\View->render()
 7 APPPATH/Controllers/Conta.php(32): view()
 8 SYSTEMPATH/CodeIgniter.php(904): App\Controllers\Conta->show()
 9 SYSTEMPATH/CodeIgniter.php(457): CodeIgniter\CodeIgniter->runController()
10 SYSTEMPATH/CodeIgniter.php(340): CodeIgniter\CodeIgniter->handleRequest()
11 FCPATH/index.php(67): CodeIgniter\CodeIgniter->run()
12 SYSTEMPATH/Commands/Server/rewrite.php(43): require_once('FCPATH/index.php')
CRITICAL - 2022-10-31 15:43:54 --> Arquivo inválido: conta/sidebar.php
in SYSTEMPATH/Exceptions/FrameworkException.php on line 33.
 1 SYSTEMPATH/View/View.php(201): CodeIgniter\Exceptions\FrameworkException::forInvalidFile()
 2 SYSTEMPATH/View/View.php(429): CodeIgniter\View\View->render()
 3 APPPATH/Views/Conta/show.php(26): CodeIgniter\View\View->include()
 4 SYSTEMPATH/View/View.php(213): include('APPPATH/Views/Conta/show.php')
 5 SYSTEMPATH/View/View.php(216): CodeIgniter\View\View->CodeIgniter\View\{closure}()
 6 SYSTEMPATH/Common.php(1137): CodeIgniter\View\View->render()
 7 APPPATH/Controllers/Conta.php(32): view()
 8 SYSTEMPATH/CodeIgniter.php(904): App\Controllers\Conta->show()
 9 SYSTEMPATH/CodeIgniter.php(457): CodeIgniter\CodeIgniter->runController()
10 SYSTEMPATH/CodeIgniter.php(340): CodeIgniter\CodeIgniter->handleRequest()
11 FCPATH/index.php(67): CodeIgniter\CodeIgniter->run()
12 SYSTEMPATH/Commands/Server/rewrite.php(43): require_once('FCPATH/index.php')
CRITICAL - 2022-10-31 15:44:07 --> Arquivo inválido: conta/sidebar.php
in SYSTEMPATH/Exceptions/FrameworkException.php on line 33.
 1 SYSTEMPATH/View/View.php(201): CodeIgniter\Exceptions\FrameworkException::forInvalidFile()
 2 SYSTEMPATH/View/View.php(429): CodeIgniter\View\View->render()
 3 APPPATH/Views/Conta/show.php(26): CodeIgniter\View\View->include()
 4 SYSTEMPATH/View/View.php(213): include('APPPATH/Views/Conta/show.php')
 5 SYSTEMPATH/View/View.php(216): CodeIgniter\View\View->CodeIgniter\View\{closure}()
 6 SYSTEMPATH/Common.php(1137): CodeIgniter\View\View->render()
 7 APPPATH/Controllers/Conta.php(32): view()
 8 SYSTEMPATH/CodeIgniter.php(904): App\Controllers\Conta->show()
 9 SYSTEMPATH/CodeIgniter.php(457): CodeIgniter\CodeIgniter->runController()
10 SYSTEMPATH/CodeIgniter.php(340): CodeIgniter\CodeIgniter->handleRequest()
11 FCPATH/index.php(67): CodeIgniter\CodeIgniter->run()
12 SYSTEMPATH/Commands/Server/rewrite.php(43): require_once('FCPATH/index.php')
