CRITICAL - 2022-10-04 14:12:45 --> Argument 1 passed to App\Controllers\Admin\Usuarios::buscaUsuarioOu404() must be of the type int or null, string given, called in /var/www/sistemaFood/app/Controllers/Admin/Usuarios.php on line 112
in APPPATH/Controllers/Admin/Usuarios.php on line 259.
 1 APPPATH/Controllers/Admin/Usuarios.php(112): App\Controllers\Admin\Usuarios->buscaUsuarioOu404()
 2 SYSTEMPATH/CodeIgniter.php(904): App\Controllers\Admin\Usuarios->show()
 3 SYSTEMPATH/CodeIgniter.php(457): CodeIgniter\CodeIgniter->runController()
 4 SYSTEMPATH/CodeIgniter.php(340): CodeIgniter\CodeIgniter->handleRequest()
 5 FCPATH/index.php(67): CodeIgniter\CodeIgniter->run()
 6 SYSTEMPATH/Commands/Server/rewrite.php(43): require_once('FCPATH/index.php')
CRITICAL - 2022-10-04 14:12:45 --> Argument 1 passed to App\Controllers\Admin\Usuarios::buscaUsuarioOu404() must be of the type int or null, string given, called in /var/www/sistemaFood/app/Controllers/Admin/Usuarios.php on line 112
in APPPATH/Controllers/Admin/Usuarios.php on line 259.
 1 APPPATH/Controllers/Admin/Usuarios.php(112): App\Controllers\Admin\Usuarios->buscaUsuarioOu404()
 2 SYSTEMPATH/CodeIgniter.php(904): App\Controllers\Admin\Usuarios->show()
 3 SYSTEMPATH/CodeIgniter.php(457): CodeIgniter\CodeIgniter->runController()
 4 SYSTEMPATH/CodeIgniter.php(340): CodeIgniter\CodeIgniter->handleRequest()
 5 FCPATH/index.php(67): CodeIgniter\CodeIgniter->run()
 6 SYSTEMPATH/Commands/Server/rewrite.php(43): require_once('FCPATH/index.php')
CRITICAL - 2022-10-04 14:12:45 --> Argument 1 passed to App\Controllers\Admin\Usuarios::buscaUsuarioOu404() must be of the type int or null, string given, called in /var/www/sistemaFood/app/Controllers/Admin/Usuarios.php on line 112
in APPPATH/Controllers/Admin/Usuarios.php on line 259.
 1 APPPATH/Controllers/Admin/Usuarios.php(112): App\Controllers\Admin\Usuarios->buscaUsuarioOu404()
 2 SYSTEMPATH/CodeIgniter.php(904): App\Controllers\Admin\Usuarios->show()
 3 SYSTEMPATH/CodeIgniter.php(457): CodeIgniter\CodeIgniter->runController()
 4 SYSTEMPATH/CodeIgniter.php(340): CodeIgniter\CodeIgniter->handleRequest()
 5 FCPATH/index.php(67): CodeIgniter\CodeIgniter->run()
 6 SYSTEMPATH/Commands/Server/rewrite.php(43): require_once('FCPATH/index.php')
CRITICAL - 2022-10-04 14:12:45 --> Argument 1 passed to App\Controllers\Admin\Usuarios::buscaUsuarioOu404() must be of the type int or null, string given, called in /var/www/sistemaFood/app/Controllers/Admin/Usuarios.php on line 112
in APPPATH/Controllers/Admin/Usuarios.php on line 259.
 1 APPPATH/Controllers/Admin/Usuarios.php(112): App\Controllers\Admin\Usuarios->buscaUsuarioOu404()
 2 SYSTEMPATH/CodeIgniter.php(904): App\Controllers\Admin\Usuarios->show()
 3 SYSTEMPATH/CodeIgniter.php(457): CodeIgniter\CodeIgniter->runController()
 4 SYSTEMPATH/CodeIgniter.php(340): CodeIgniter\CodeIgniter->handleRequest()
 5 FCPATH/index.php(67): CodeIgniter\CodeIgniter->run()
 6 SYSTEMPATH/Commands/Server/rewrite.php(43): require_once('FCPATH/index.php')
CRITICAL - 2022-10-04 14:12:45 --> Argument 1 passed to App\Controllers\Admin\Usuarios::buscaUsuarioOu404() must be of the type int or null, string given, called in /var/www/sistemaFood/app/Controllers/Admin/Usuarios.php on line 112
in APPPATH/Controllers/Admin/Usuarios.php on line 259.
 1 APPPATH/Controllers/Admin/Usuarios.php(112): App\Controllers\Admin\Usuarios->buscaUsuarioOu404()
 2 SYSTEMPATH/CodeIgniter.php(904): App\Controllers\Admin\Usuarios->show()
 3 SYSTEMPATH/CodeIgniter.php(457): CodeIgniter\CodeIgniter->runController()
 4 SYSTEMPATH/CodeIgniter.php(340): CodeIgniter\CodeIgniter->handleRequest()
 5 FCPATH/index.php(67): CodeIgniter\CodeIgniter->run()
 6 SYSTEMPATH/Commands/Server/rewrite.php(43): require_once('FCPATH/index.php')
CRITICAL - 2022-10-04 14:12:45 --> Argument 1 passed to App\Controllers\Admin\Usuarios::buscaUsuarioOu404() must be of the type int or null, string given, called in /var/www/sistemaFood/app/Controllers/Admin/Usuarios.php on line 112
in APPPATH/Controllers/Admin/Usuarios.php on line 259.
 1 APPPATH/Controllers/Admin/Usuarios.php(112): App\Controllers\Admin\Usuarios->buscaUsuarioOu404()
 2 SYSTEMPATH/CodeIgniter.php(904): App\Controllers\Admin\Usuarios->show()
 3 SYSTEMPATH/CodeIgniter.php(457): CodeIgniter\CodeIgniter->runController()
 4 SYSTEMPATH/CodeIgniter.php(340): CodeIgniter\CodeIgniter->handleRequest()
 5 FCPATH/index.php(67): CodeIgniter\CodeIgniter->run()
 6 SYSTEMPATH/Commands/Server/rewrite.php(43): require_once('FCPATH/index.php')
CRITICAL - 2022-10-04 14:12:46 --> Argument 1 passed to App\Controllers\Admin\Usuarios::buscaUsuarioOu404() must be of the type int or null, string given, called in /var/www/sistemaFood/app/Controllers/Admin/Usuarios.php on line 128
in APPPATH/Controllers/Admin/Usuarios.php on line 259.
 1 APPPATH/Controllers/Admin/Usuarios.php(128): App\Controllers\Admin\Usuarios->buscaUsuarioOu404()
 2 SYSTEMPATH/CodeIgniter.php(904): App\Controllers\Admin\Usuarios->editar()
 3 SYSTEMPATH/CodeIgniter.php(457): CodeIgniter\CodeIgniter->runController()
 4 SYSTEMPATH/CodeIgniter.php(340): CodeIgniter\CodeIgniter->handleRequest()
 5 FCPATH/index.php(67): CodeIgniter\CodeIgniter->run()
 6 SYSTEMPATH/Commands/Server/rewrite.php(43): require_once('FCPATH/index.php')
CRITICAL - 2022-10-04 14:12:46 --> Argument 1 passed to App\Controllers\Admin\Usuarios::buscaUsuarioOu404() must be of the type int or null, string given, called in /var/www/sistemaFood/app/Controllers/Admin/Usuarios.php on line 128
in APPPATH/Controllers/Admin/Usuarios.php on line 259.
 1 APPPATH/Controllers/Admin/Usuarios.php(128): App\Controllers\Admin\Usuarios->buscaUsuarioOu404()
 2 SYSTEMPATH/CodeIgniter.php(904): App\Controllers\Admin\Usuarios->editar()
 3 SYSTEMPATH/CodeIgniter.php(457): CodeIgniter\CodeIgniter->runController()
 4 SYSTEMPATH/CodeIgniter.php(340): CodeIgniter\CodeIgniter->handleRequest()
 5 FCPATH/index.php(67): CodeIgniter\CodeIgniter->run()
 6 SYSTEMPATH/Commands/Server/rewrite.php(43): require_once('FCPATH/index.php')
CRITICAL - 2022-10-04 14:12:46 --> Argument 1 passed to App\Controllers\Admin\Usuarios::buscaUsuarioOu404() must be of the type int or null, string given, called in /var/www/sistemaFood/app/Controllers/Admin/Usuarios.php on line 128
in APPPATH/Controllers/Admin/Usuarios.php on line 259.
 1 APPPATH/Controllers/Admin/Usuarios.php(128): App\Controllers\Admin\Usuarios->buscaUsuarioOu404()
 2 SYSTEMPATH/CodeIgniter.php(904): App\Controllers\Admin\Usuarios->editar()
 3 SYSTEMPATH/CodeIgniter.php(457): CodeIgniter\CodeIgniter->runController()
 4 SYSTEMPATH/CodeIgniter.php(340): CodeIgniter\CodeIgniter->handleRequest()
 5 FCPATH/index.php(67): CodeIgniter\CodeIgniter->run()
 6 SYSTEMPATH/Commands/Server/rewrite.php(43): require_once('FCPATH/index.php')
CRITICAL - 2022-10-04 14:12:46 --> Argument 1 passed to App\Controllers\Admin\Usuarios::buscaUsuarioOu404() must be of the type int or null, string given, called in /var/www/sistemaFood/app/Controllers/Admin/Usuarios.php on line 128
in APPPATH/Controllers/Admin/Usuarios.php on line 259.
 1 APPPATH/Controllers/Admin/Usuarios.php(128): App\Controllers\Admin\Usuarios->buscaUsuarioOu404()
 2 SYSTEMPATH/CodeIgniter.php(904): App\Controllers\Admin\Usuarios->editar()
 3 SYSTEMPATH/CodeIgniter.php(457): CodeIgniter\CodeIgniter->runController()
 4 SYSTEMPATH/CodeIgniter.php(340): CodeIgniter\CodeIgniter->handleRequest()
 5 FCPATH/index.php(67): CodeIgniter\CodeIgniter->run()
 6 SYSTEMPATH/Commands/Server/rewrite.php(43): require_once('FCPATH/index.php')
CRITICAL - 2022-10-04 14:12:46 --> Argument 1 passed to App\Controllers\Admin\Usuarios::buscaUsuarioOu404() must be of the type int or null, string given, called in /var/www/sistemaFood/app/Controllers/Admin/Usuarios.php on line 128
in APPPATH/Controllers/Admin/Usuarios.php on line 259.
 1 APPPATH/Controllers/Admin/Usuarios.php(128): App\Controllers\Admin\Usuarios->buscaUsuarioOu404()
 2 SYSTEMPATH/CodeIgniter.php(904): App\Controllers\Admin\Usuarios->editar()
 3 SYSTEMPATH/CodeIgniter.php(457): CodeIgniter\CodeIgniter->runController()
 4 SYSTEMPATH/CodeIgniter.php(340): CodeIgniter\CodeIgniter->handleRequest()
 5 FCPATH/index.php(67): CodeIgniter\CodeIgniter->run()
 6 SYSTEMPATH/Commands/Server/rewrite.php(43): require_once('FCPATH/index.php')
CRITICAL - 2022-10-04 14:12:46 --> Argument 1 passed to App\Controllers\Admin\Usuarios::buscaUsuarioOu404() must be of the type int or null, string given, called in /var/www/sistemaFood/app/Controllers/Admin/Usuarios.php on line 128
in APPPATH/Controllers/Admin/Usuarios.php on line 259.
 1 APPPATH/Controllers/Admin/Usuarios.php(128): App\Controllers\Admin\Usuarios->buscaUsuarioOu404()
 2 SYSTEMPATH/CodeIgniter.php(904): App\Controllers\Admin\Usuarios->editar()
 3 SYSTEMPATH/CodeIgniter.php(457): CodeIgniter\CodeIgniter->runController()
 4 SYSTEMPATH/CodeIgniter.php(340): CodeIgniter\CodeIgniter->handleRequest()
 5 FCPATH/index.php(67): CodeIgniter\CodeIgniter->run()
 6 SYSTEMPATH/Commands/Server/rewrite.php(43): require_once('FCPATH/index.php')
CRITICAL - 2022-10-04 14:13:02 --> Argument 1 passed to App\Controllers\Admin\Usuarios::buscaUsuarioOu404() must be of the type int or null, string given, called in /var/www/sistemaFood/app/Controllers/Admin/Usuarios.php on line 112
in APPPATH/Controllers/Admin/Usuarios.php on line 259.
 1 APPPATH/Controllers/Admin/Usuarios.php(112): App\Controllers\Admin\Usuarios->buscaUsuarioOu404()
 2 SYSTEMPATH/CodeIgniter.php(904): App\Controllers\Admin\Usuarios->show()
 3 SYSTEMPATH/CodeIgniter.php(457): CodeIgniter\CodeIgniter->runController()
 4 SYSTEMPATH/CodeIgniter.php(340): CodeIgniter\CodeIgniter->handleRequest()
 5 FCPATH/index.php(67): CodeIgniter\CodeIgniter->run()
 6 SYSTEMPATH/Commands/Server/rewrite.php(43): require_once('FCPATH/index.php')
CRITICAL - 2022-10-04 14:13:02 --> Argument 1 passed to App\Controllers\Admin\Usuarios::buscaUsuarioOu404() must be of the type int or null, string given, called in /var/www/sistemaFood/app/Controllers/Admin/Usuarios.php on line 112
in APPPATH/Controllers/Admin/Usuarios.php on line 259.
 1 APPPATH/Controllers/Admin/Usuarios.php(112): App\Controllers\Admin\Usuarios->buscaUsuarioOu404()
 2 SYSTEMPATH/CodeIgniter.php(904): App\Controllers\Admin\Usuarios->show()
 3 SYSTEMPATH/CodeIgniter.php(457): CodeIgniter\CodeIgniter->runController()
 4 SYSTEMPATH/CodeIgniter.php(340): CodeIgniter\CodeIgniter->handleRequest()
 5 FCPATH/index.php(67): CodeIgniter\CodeIgniter->run()
 6 SYSTEMPATH/Commands/Server/rewrite.php(43): require_once('FCPATH/index.php')
CRITICAL - 2022-10-04 14:13:02 --> Argument 1 passed to App\Controllers\Admin\Usuarios::buscaUsuarioOu404() must be of the type int or null, string given, called in /var/www/sistemaFood/app/Controllers/Admin/Usuarios.php on line 112
in APPPATH/Controllers/Admin/Usuarios.php on line 259.
 1 APPPATH/Controllers/Admin/Usuarios.php(112): App\Controllers\Admin\Usuarios->buscaUsuarioOu404()
 2 SYSTEMPATH/CodeIgniter.php(904): App\Controllers\Admin\Usuarios->show()
 3 SYSTEMPATH/CodeIgniter.php(457): CodeIgniter\CodeIgniter->runController()
 4 SYSTEMPATH/CodeIgniter.php(340): CodeIgniter\CodeIgniter->handleRequest()
 5 FCPATH/index.php(67): CodeIgniter\CodeIgniter->run()
 6 SYSTEMPATH/Commands/Server/rewrite.php(43): require_once('FCPATH/index.php')
CRITICAL - 2022-10-04 14:13:02 --> Argument 1 passed to App\Controllers\Admin\Usuarios::buscaUsuarioOu404() must be of the type int or null, string given, called in /var/www/sistemaFood/app/Controllers/Admin/Usuarios.php on line 112
in APPPATH/Controllers/Admin/Usuarios.php on line 259.
 1 APPPATH/Controllers/Admin/Usuarios.php(112): App\Controllers\Admin\Usuarios->buscaUsuarioOu404()
 2 SYSTEMPATH/CodeIgniter.php(904): App\Controllers\Admin\Usuarios->show()
 3 SYSTEMPATH/CodeIgniter.php(457): CodeIgniter\CodeIgniter->runController()
 4 SYSTEMPATH/CodeIgniter.php(340): CodeIgniter\CodeIgniter->handleRequest()
 5 FCPATH/index.php(67): CodeIgniter\CodeIgniter->run()
 6 SYSTEMPATH/Commands/Server/rewrite.php(43): require_once('FCPATH/index.php')
CRITICAL - 2022-10-04 14:13:02 --> Argument 1 passed to App\Controllers\Admin\Usuarios::buscaUsuarioOu404() must be of the type int or null, string given, called in /var/www/sistemaFood/app/Controllers/Admin/Usuarios.php on line 112
in APPPATH/Controllers/Admin/Usuarios.php on line 259.
 1 APPPATH/Controllers/Admin/Usuarios.php(112): App\Controllers\Admin\Usuarios->buscaUsuarioOu404()
 2 SYSTEMPATH/CodeIgniter.php(904): App\Controllers\Admin\Usuarios->show()
 3 SYSTEMPATH/CodeIgniter.php(457): CodeIgniter\CodeIgniter->runController()
 4 SYSTEMPATH/CodeIgniter.php(340): CodeIgniter\CodeIgniter->handleRequest()
 5 FCPATH/index.php(67): CodeIgniter\CodeIgniter->run()
 6 SYSTEMPATH/Commands/Server/rewrite.php(43): require_once('FCPATH/index.php')
CRITICAL - 2022-10-04 14:13:02 --> Argument 1 passed to App\Controllers\Admin\Usuarios::buscaUsuarioOu404() must be of the type int or null, string given, called in /var/www/sistemaFood/app/Controllers/Admin/Usuarios.php on line 112
in APPPATH/Controllers/Admin/Usuarios.php on line 259.
 1 APPPATH/Controllers/Admin/Usuarios.php(112): App\Controllers\Admin\Usuarios->buscaUsuarioOu404()
 2 SYSTEMPATH/CodeIgniter.php(904): App\Controllers\Admin\Usuarios->show()
 3 SYSTEMPATH/CodeIgniter.php(457): CodeIgniter\CodeIgniter->runController()
 4 SYSTEMPATH/CodeIgniter.php(340): CodeIgniter\CodeIgniter->handleRequest()
 5 FCPATH/index.php(67): CodeIgniter\CodeIgniter->run()
 6 SYSTEMPATH/Commands/Server/rewrite.php(43): require_once('FCPATH/index.php')
CRITICAL - 2022-10-04 14:13:06 --> Argument 1 passed to App\Controllers\Admin\Usuarios::buscaUsuarioOu404() must be of the type int or null, string given, called in /var/www/sistemaFood/app/Controllers/Admin/Usuarios.php on line 112
in APPPATH/Controllers/Admin/Usuarios.php on line 259.
 1 APPPATH/Controllers/Admin/Usuarios.php(112): App\Controllers\Admin\Usuarios->buscaUsuarioOu404()
 2 SYSTEMPATH/CodeIgniter.php(904): App\Controllers\Admin\Usuarios->show()
 3 SYSTEMPATH/CodeIgniter.php(457): CodeIgniter\CodeIgniter->runController()
 4 SYSTEMPATH/CodeIgniter.php(340): CodeIgniter\CodeIgniter->handleRequest()
 5 FCPATH/index.php(67): CodeIgniter\CodeIgniter->run()
 6 SYSTEMPATH/Commands/Server/rewrite.php(43): require_once('FCPATH/index.php')
CRITICAL - 2022-10-04 14:13:06 --> Argument 1 passed to App\Controllers\Admin\Usuarios::buscaUsuarioOu404() must be of the type int or null, string given, called in /var/www/sistemaFood/app/Controllers/Admin/Usuarios.php on line 112
in APPPATH/Controllers/Admin/Usuarios.php on line 259.
 1 APPPATH/Controllers/Admin/Usuarios.php(112): App\Controllers\Admin\Usuarios->buscaUsuarioOu404()
 2 SYSTEMPATH/CodeIgniter.php(904): App\Controllers\Admin\Usuarios->show()
 3 SYSTEMPATH/CodeIgniter.php(457): CodeIgniter\CodeIgniter->runController()
 4 SYSTEMPATH/CodeIgniter.php(340): CodeIgniter\CodeIgniter->handleRequest()
 5 FCPATH/index.php(67): CodeIgniter\CodeIgniter->run()
 6 SYSTEMPATH/Commands/Server/rewrite.php(43): require_once('FCPATH/index.php')
CRITICAL - 2022-10-04 14:13:06 --> Argument 1 passed to App\Controllers\Admin\Usuarios::buscaUsuarioOu404() must be of the type int or null, string given, called in /var/www/sistemaFood/app/Controllers/Admin/Usuarios.php on line 112
in APPPATH/Controllers/Admin/Usuarios.php on line 259.
 1 APPPATH/Controllers/Admin/Usuarios.php(112): App\Controllers\Admin\Usuarios->buscaUsuarioOu404()
 2 SYSTEMPATH/CodeIgniter.php(904): App\Controllers\Admin\Usuarios->show()
 3 SYSTEMPATH/CodeIgniter.php(457): CodeIgniter\CodeIgniter->runController()
 4 SYSTEMPATH/CodeIgniter.php(340): CodeIgniter\CodeIgniter->handleRequest()
 5 FCPATH/index.php(67): CodeIgniter\CodeIgniter->run()
 6 SYSTEMPATH/Commands/Server/rewrite.php(43): require_once('FCPATH/index.php')
CRITICAL - 2022-10-04 14:13:06 --> Argument 1 passed to App\Controllers\Admin\Usuarios::buscaUsuarioOu404() must be of the type int or null, string given, called in /var/www/sistemaFood/app/Controllers/Admin/Usuarios.php on line 112
in APPPATH/Controllers/Admin/Usuarios.php on line 259.
 1 APPPATH/Controllers/Admin/Usuarios.php(112): App\Controllers\Admin\Usuarios->buscaUsuarioOu404()
 2 SYSTEMPATH/CodeIgniter.php(904): App\Controllers\Admin\Usuarios->show()
 3 SYSTEMPATH/CodeIgniter.php(457): CodeIgniter\CodeIgniter->runController()
 4 SYSTEMPATH/CodeIgniter.php(340): CodeIgniter\CodeIgniter->handleRequest()
 5 FCPATH/index.php(67): CodeIgniter\CodeIgniter->run()
 6 SYSTEMPATH/Commands/Server/rewrite.php(43): require_once('FCPATH/index.php')
CRITICAL - 2022-10-04 14:13:06 --> Argument 1 passed to App\Controllers\Admin\Usuarios::buscaUsuarioOu404() must be of the type int or null, string given, called in /var/www/sistemaFood/app/Controllers/Admin/Usuarios.php on line 112
in APPPATH/Controllers/Admin/Usuarios.php on line 259.
 1 APPPATH/Controllers/Admin/Usuarios.php(112): App\Controllers\Admin\Usuarios->buscaUsuarioOu404()
 2 SYSTEMPATH/CodeIgniter.php(904): App\Controllers\Admin\Usuarios->show()
 3 SYSTEMPATH/CodeIgniter.php(457): CodeIgniter\CodeIgniter->runController()
 4 SYSTEMPATH/CodeIgniter.php(340): CodeIgniter\CodeIgniter->handleRequest()
 5 FCPATH/index.php(67): CodeIgniter\CodeIgniter->run()
 6 SYSTEMPATH/Commands/Server/rewrite.php(43): require_once('FCPATH/index.php')
CRITICAL - 2022-10-04 14:13:06 --> Argument 1 passed to App\Controllers\Admin\Usuarios::buscaUsuarioOu404() must be of the type int or null, string given, called in /var/www/sistemaFood/app/Controllers/Admin/Usuarios.php on line 112
in APPPATH/Controllers/Admin/Usuarios.php on line 259.
 1 APPPATH/Controllers/Admin/Usuarios.php(112): App\Controllers\Admin\Usuarios->buscaUsuarioOu404()
 2 SYSTEMPATH/CodeIgniter.php(904): App\Controllers\Admin\Usuarios->show()
 3 SYSTEMPATH/CodeIgniter.php(457): CodeIgniter\CodeIgniter->runController()
 4 SYSTEMPATH/CodeIgniter.php(340): CodeIgniter\CodeIgniter->handleRequest()
 5 FCPATH/index.php(67): CodeIgniter\CodeIgniter->run()
 6 SYSTEMPATH/Commands/Server/rewrite.php(43): require_once('FCPATH/index.php')
CRITICAL - 2022-10-04 14:13:07 --> Argument 1 passed to App\Controllers\Admin\Usuarios::buscaUsuarioOu404() must be of the type int or null, string given, called in /var/www/sistemaFood/app/Controllers/Admin/Usuarios.php on line 128
in APPPATH/Controllers/Admin/Usuarios.php on line 259.
 1 APPPATH/Controllers/Admin/Usuarios.php(128): App\Controllers\Admin\Usuarios->buscaUsuarioOu404()
 2 SYSTEMPATH/CodeIgniter.php(904): App\Controllers\Admin\Usuarios->editar()
 3 SYSTEMPATH/CodeIgniter.php(457): CodeIgniter\CodeIgniter->runController()
 4 SYSTEMPATH/CodeIgniter.php(340): CodeIgniter\CodeIgniter->handleRequest()
 5 FCPATH/index.php(67): CodeIgniter\CodeIgniter->run()
 6 SYSTEMPATH/Commands/Server/rewrite.php(43): require_once('FCPATH/index.php')
CRITICAL - 2022-10-04 14:13:07 --> Argument 1 passed to App\Controllers\Admin\Usuarios::buscaUsuarioOu404() must be of the type int or null, string given, called in /var/www/sistemaFood/app/Controllers/Admin/Usuarios.php on line 128
in APPPATH/Controllers/Admin/Usuarios.php on line 259.
 1 APPPATH/Controllers/Admin/Usuarios.php(128): App\Controllers\Admin\Usuarios->buscaUsuarioOu404()
 2 SYSTEMPATH/CodeIgniter.php(904): App\Controllers\Admin\Usuarios->editar()
 3 SYSTEMPATH/CodeIgniter.php(457): CodeIgniter\CodeIgniter->runController()
 4 SYSTEMPATH/CodeIgniter.php(340): CodeIgniter\CodeIgniter->handleRequest()
 5 FCPATH/index.php(67): CodeIgniter\CodeIgniter->run()
 6 SYSTEMPATH/Commands/Server/rewrite.php(43): require_once('FCPATH/index.php')
CRITICAL - 2022-10-04 14:13:07 --> Argument 1 passed to App\Controllers\Admin\Usuarios::buscaUsuarioOu404() must be of the type int or null, string given, called in /var/www/sistemaFood/app/Controllers/Admin/Usuarios.php on line 128
in APPPATH/Controllers/Admin/Usuarios.php on line 259.
 1 APPPATH/Controllers/Admin/Usuarios.php(128): App\Controllers\Admin\Usuarios->buscaUsuarioOu404()
 2 SYSTEMPATH/CodeIgniter.php(904): App\Controllers\Admin\Usuarios->editar()
 3 SYSTEMPATH/CodeIgniter.php(457): CodeIgniter\CodeIgniter->runController()
 4 SYSTEMPATH/CodeIgniter.php(340): CodeIgniter\CodeIgniter->handleRequest()
 5 FCPATH/index.php(67): CodeIgniter\CodeIgniter->run()
 6 SYSTEMPATH/Commands/Server/rewrite.php(43): require_once('FCPATH/index.php')
CRITICAL - 2022-10-04 14:13:07 --> Argument 1 passed to App\Controllers\Admin\Usuarios::buscaUsuarioOu404() must be of the type int or null, string given, called in /var/www/sistemaFood/app/Controllers/Admin/Usuarios.php on line 128
in APPPATH/Controllers/Admin/Usuarios.php on line 259.
 1 APPPATH/Controllers/Admin/Usuarios.php(128): App\Controllers\Admin\Usuarios->buscaUsuarioOu404()
 2 SYSTEMPATH/CodeIgniter.php(904): App\Controllers\Admin\Usuarios->editar()
 3 SYSTEMPATH/CodeIgniter.php(457): CodeIgniter\CodeIgniter->runController()
 4 SYSTEMPATH/CodeIgniter.php(340): CodeIgniter\CodeIgniter->handleRequest()
 5 FCPATH/index.php(67): CodeIgniter\CodeIgniter->run()
 6 SYSTEMPATH/Commands/Server/rewrite.php(43): require_once('FCPATH/index.php')
CRITICAL - 2022-10-04 14:13:07 --> Argument 1 passed to App\Controllers\Admin\Usuarios::buscaUsuarioOu404() must be of the type int or null, string given, called in /var/www/sistemaFood/app/Controllers/Admin/Usuarios.php on line 128
in APPPATH/Controllers/Admin/Usuarios.php on line 259.
 1 APPPATH/Controllers/Admin/Usuarios.php(128): App\Controllers\Admin\Usuarios->buscaUsuarioOu404()
 2 SYSTEMPATH/CodeIgniter.php(904): App\Controllers\Admin\Usuarios->editar()
 3 SYSTEMPATH/CodeIgniter.php(457): CodeIgniter\CodeIgniter->runController()
 4 SYSTEMPATH/CodeIgniter.php(340): CodeIgniter\CodeIgniter->handleRequest()
 5 FCPATH/index.php(67): CodeIgniter\CodeIgniter->run()
 6 SYSTEMPATH/Commands/Server/rewrite.php(43): require_once('FCPATH/index.php')
CRITICAL - 2022-10-04 14:13:07 --> Argument 1 passed to App\Controllers\Admin\Usuarios::buscaUsuarioOu404() must be of the type int or null, string given, called in /var/www/sistemaFood/app/Controllers/Admin/Usuarios.php on line 128
in APPPATH/Controllers/Admin/Usuarios.php on line 259.
 1 APPPATH/Controllers/Admin/Usuarios.php(128): App\Controllers\Admin\Usuarios->buscaUsuarioOu404()
 2 SYSTEMPATH/CodeIgniter.php(904): App\Controllers\Admin\Usuarios->editar()
 3 SYSTEMPATH/CodeIgniter.php(457): CodeIgniter\CodeIgniter->runController()
 4 SYSTEMPATH/CodeIgniter.php(340): CodeIgniter\CodeIgniter->handleRequest()
 5 FCPATH/index.php(67): CodeIgniter\CodeIgniter->run()
 6 SYSTEMPATH/Commands/Server/rewrite.php(43): require_once('FCPATH/index.php')
CRITICAL - 2022-10-04 14:15:00 --> Argument 1 passed to App\Controllers\Admin\Usuarios::buscaUsuarioOu404() must be of the type int or null, string given, called in /var/www/sistemaFood/app/Controllers/Admin/Usuarios.php on line 112
in APPPATH/Controllers/Admin/Usuarios.php on line 259.
 1 APPPATH/Controllers/Admin/Usuarios.php(112): App\Controllers\Admin\Usuarios->buscaUsuarioOu404()
 2 SYSTEMPATH/CodeIgniter.php(904): App\Controllers\Admin\Usuarios->show()
 3 SYSTEMPATH/CodeIgniter.php(457): CodeIgniter\CodeIgniter->runController()
 4 SYSTEMPATH/CodeIgniter.php(340): CodeIgniter\CodeIgniter->handleRequest()
 5 FCPATH/index.php(67): CodeIgniter\CodeIgniter->run()
 6 SYSTEMPATH/Commands/Server/rewrite.php(43): require_once('FCPATH/index.php')
CRITICAL - 2022-10-04 14:15:00 --> Argument 1 passed to App\Controllers\Admin\Usuarios::buscaUsuarioOu404() must be of the type int or null, string given, called in /var/www/sistemaFood/app/Controllers/Admin/Usuarios.php on line 112
in APPPATH/Controllers/Admin/Usuarios.php on line 259.
 1 APPPATH/Controllers/Admin/Usuarios.php(112): App\Controllers\Admin\Usuarios->buscaUsuarioOu404()
 2 SYSTEMPATH/CodeIgniter.php(904): App\Controllers\Admin\Usuarios->show()
 3 SYSTEMPATH/CodeIgniter.php(457): CodeIgniter\CodeIgniter->runController()
 4 SYSTEMPATH/CodeIgniter.php(340): CodeIgniter\CodeIgniter->handleRequest()
 5 FCPATH/index.php(67): CodeIgniter\CodeIgniter->run()
 6 SYSTEMPATH/Commands/Server/rewrite.php(43): require_once('FCPATH/index.php')
CRITICAL - 2022-10-04 14:15:00 --> Argument 1 passed to App\Controllers\Admin\Usuarios::buscaUsuarioOu404() must be of the type int or null, string given, called in /var/www/sistemaFood/app/Controllers/Admin/Usuarios.php on line 112
in APPPATH/Controllers/Admin/Usuarios.php on line 259.
 1 APPPATH/Controllers/Admin/Usuarios.php(112): App\Controllers\Admin\Usuarios->buscaUsuarioOu404()
 2 SYSTEMPATH/CodeIgniter.php(904): App\Controllers\Admin\Usuarios->show()
 3 SYSTEMPATH/CodeIgniter.php(457): CodeIgniter\CodeIgniter->runController()
 4 SYSTEMPATH/CodeIgniter.php(340): CodeIgniter\CodeIgniter->handleRequest()
 5 FCPATH/index.php(67): CodeIgniter\CodeIgniter->run()
 6 SYSTEMPATH/Commands/Server/rewrite.php(43): require_once('FCPATH/index.php')
CRITICAL - 2022-10-04 14:15:00 --> Argument 1 passed to App\Controllers\Admin\Usuarios::buscaUsuarioOu404() must be of the type int or null, string given, called in /var/www/sistemaFood/app/Controllers/Admin/Usuarios.php on line 112
in APPPATH/Controllers/Admin/Usuarios.php on line 259.
 1 APPPATH/Controllers/Admin/Usuarios.php(112): App\Controllers\Admin\Usuarios->buscaUsuarioOu404()
 2 SYSTEMPATH/CodeIgniter.php(904): App\Controllers\Admin\Usuarios->show()
 3 SYSTEMPATH/CodeIgniter.php(457): CodeIgniter\CodeIgniter->runController()
 4 SYSTEMPATH/CodeIgniter.php(340): CodeIgniter\CodeIgniter->handleRequest()
 5 FCPATH/index.php(67): CodeIgniter\CodeIgniter->run()
 6 SYSTEMPATH/Commands/Server/rewrite.php(43): require_once('FCPATH/index.php')
CRITICAL - 2022-10-04 14:15:00 --> Argument 1 passed to App\Controllers\Admin\Usuarios::buscaUsuarioOu404() must be of the type int or null, string given, called in /var/www/sistemaFood/app/Controllers/Admin/Usuarios.php on line 112
in APPPATH/Controllers/Admin/Usuarios.php on line 259.
 1 APPPATH/Controllers/Admin/Usuarios.php(112): App\Controllers\Admin\Usuarios->buscaUsuarioOu404()
 2 SYSTEMPATH/CodeIgniter.php(904): App\Controllers\Admin\Usuarios->show()
 3 SYSTEMPATH/CodeIgniter.php(457): CodeIgniter\CodeIgniter->runController()
 4 SYSTEMPATH/CodeIgniter.php(340): CodeIgniter\CodeIgniter->handleRequest()
 5 FCPATH/index.php(67): CodeIgniter\CodeIgniter->run()
 6 SYSTEMPATH/Commands/Server/rewrite.php(43): require_once('FCPATH/index.php')
CRITICAL - 2022-10-04 14:15:00 --> Argument 1 passed to App\Controllers\Admin\Usuarios::buscaUsuarioOu404() must be of the type int or null, string given, called in /var/www/sistemaFood/app/Controllers/Admin/Usuarios.php on line 112
in APPPATH/Controllers/Admin/Usuarios.php on line 259.
 1 APPPATH/Controllers/Admin/Usuarios.php(112): App\Controllers\Admin\Usuarios->buscaUsuarioOu404()
 2 SYSTEMPATH/CodeIgniter.php(904): App\Controllers\Admin\Usuarios->show()
 3 SYSTEMPATH/CodeIgniter.php(457): CodeIgniter\CodeIgniter->runController()
 4 SYSTEMPATH/CodeIgniter.php(340): CodeIgniter\CodeIgniter->handleRequest()
 5 FCPATH/index.php(67): CodeIgniter\CodeIgniter->run()
 6 SYSTEMPATH/Commands/Server/rewrite.php(43): require_once('FCPATH/index.php')
CRITICAL - 2022-10-04 14:15:03 --> Argument 1 passed to App\Controllers\Admin\Usuarios::buscaUsuarioOu404() must be of the type int or null, string given, called in /var/www/sistemaFood/app/Controllers/Admin/Usuarios.php on line 128
in APPPATH/Controllers/Admin/Usuarios.php on line 259.
 1 APPPATH/Controllers/Admin/Usuarios.php(128): App\Controllers\Admin\Usuarios->buscaUsuarioOu404()
 2 SYSTEMPATH/CodeIgniter.php(904): App\Controllers\Admin\Usuarios->editar()
 3 SYSTEMPATH/CodeIgniter.php(457): CodeIgniter\CodeIgniter->runController()
 4 SYSTEMPATH/CodeIgniter.php(340): CodeIgniter\CodeIgniter->handleRequest()
 5 FCPATH/index.php(67): CodeIgniter\CodeIgniter->run()
 6 SYSTEMPATH/Commands/Server/rewrite.php(43): require_once('FCPATH/index.php')
CRITICAL - 2022-10-04 14:15:03 --> Argument 1 passed to App\Controllers\Admin\Usuarios::buscaUsuarioOu404() must be of the type int or null, string given, called in /var/www/sistemaFood/app/Controllers/Admin/Usuarios.php on line 128
in APPPATH/Controllers/Admin/Usuarios.php on line 259.
 1 APPPATH/Controllers/Admin/Usuarios.php(128): App\Controllers\Admin\Usuarios->buscaUsuarioOu404()
 2 SYSTEMPATH/CodeIgniter.php(904): App\Controllers\Admin\Usuarios->editar()
 3 SYSTEMPATH/CodeIgniter.php(457): CodeIgniter\CodeIgniter->runController()
 4 SYSTEMPATH/CodeIgniter.php(340): CodeIgniter\CodeIgniter->handleRequest()
 5 FCPATH/index.php(67): CodeIgniter\CodeIgniter->run()
 6 SYSTEMPATH/Commands/Server/rewrite.php(43): require_once('FCPATH/index.php')
CRITICAL - 2022-10-04 14:15:03 --> Argument 1 passed to App\Controllers\Admin\Usuarios::buscaUsuarioOu404() must be of the type int or null, string given, called in /var/www/sistemaFood/app/Controllers/Admin/Usuarios.php on line 128
in APPPATH/Controllers/Admin/Usuarios.php on line 259.
 1 APPPATH/Controllers/Admin/Usuarios.php(128): App\Controllers\Admin\Usuarios->buscaUsuarioOu404()
 2 SYSTEMPATH/CodeIgniter.php(904): App\Controllers\Admin\Usuarios->editar()
 3 SYSTEMPATH/CodeIgniter.php(457): CodeIgniter\CodeIgniter->runController()
 4 SYSTEMPATH/CodeIgniter.php(340): CodeIgniter\CodeIgniter->handleRequest()
 5 FCPATH/index.php(67): CodeIgniter\CodeIgniter->run()
 6 SYSTEMPATH/Commands/Server/rewrite.php(43): require_once('FCPATH/index.php')
CRITICAL - 2022-10-04 14:15:03 --> Argument 1 passed to App\Controllers\Admin\Usuarios::buscaUsuarioOu404() must be of the type int or null, string given, called in /var/www/sistemaFood/app/Controllers/Admin/Usuarios.php on line 128
in APPPATH/Controllers/Admin/Usuarios.php on line 259.
 1 APPPATH/Controllers/Admin/Usuarios.php(128): App\Controllers\Admin\Usuarios->buscaUsuarioOu404()
 2 SYSTEMPATH/CodeIgniter.php(904): App\Controllers\Admin\Usuarios->editar()
 3 SYSTEMPATH/CodeIgniter.php(457): CodeIgniter\CodeIgniter->runController()
 4 SYSTEMPATH/CodeIgniter.php(340): CodeIgniter\CodeIgniter->handleRequest()
 5 FCPATH/index.php(67): CodeIgniter\CodeIgniter->run()
 6 SYSTEMPATH/Commands/Server/rewrite.php(43): require_once('FCPATH/index.php')
CRITICAL - 2022-10-04 14:15:03 --> Argument 1 passed to App\Controllers\Admin\Usuarios::buscaUsuarioOu404() must be of the type int or null, string given, called in /var/www/sistemaFood/app/Controllers/Admin/Usuarios.php on line 128
in APPPATH/Controllers/Admin/Usuarios.php on line 259.
 1 APPPATH/Controllers/Admin/Usuarios.php(128): App\Controllers\Admin\Usuarios->buscaUsuarioOu404()
 2 SYSTEMPATH/CodeIgniter.php(904): App\Controllers\Admin\Usuarios->editar()
 3 SYSTEMPATH/CodeIgniter.php(457): CodeIgniter\CodeIgniter->runController()
 4 SYSTEMPATH/CodeIgniter.php(340): CodeIgniter\CodeIgniter->handleRequest()
 5 FCPATH/index.php(67): CodeIgniter\CodeIgniter->run()
 6 SYSTEMPATH/Commands/Server/rewrite.php(43): require_once('FCPATH/index.php')
CRITICAL - 2022-10-04 14:15:03 --> Argument 1 passed to App\Controllers\Admin\Usuarios::buscaUsuarioOu404() must be of the type int or null, string given, called in /var/www/sistemaFood/app/Controllers/Admin/Usuarios.php on line 128
in APPPATH/Controllers/Admin/Usuarios.php on line 259.
 1 APPPATH/Controllers/Admin/Usuarios.php(128): App\Controllers\Admin\Usuarios->buscaUsuarioOu404()
 2 SYSTEMPATH/CodeIgniter.php(904): App\Controllers\Admin\Usuarios->editar()
 3 SYSTEMPATH/CodeIgniter.php(457): CodeIgniter\CodeIgniter->runController()
 4 SYSTEMPATH/CodeIgniter.php(340): CodeIgniter\CodeIgniter->handleRequest()
 5 FCPATH/index.php(67): CodeIgniter\CodeIgniter->run()
 6 SYSTEMPATH/Commands/Server/rewrite.php(43): require_once('FCPATH/index.php')
CRITICAL - 2022-10-04 14:15:04 --> Argument 1 passed to App\Controllers\Admin\Usuarios::buscaUsuarioOu404() must be of the type int or null, string given, called in /var/www/sistemaFood/app/Controllers/Admin/Usuarios.php on line 112
in APPPATH/Controllers/Admin/Usuarios.php on line 259.
 1 APPPATH/Controllers/Admin/Usuarios.php(112): App\Controllers\Admin\Usuarios->buscaUsuarioOu404()
 2 SYSTEMPATH/CodeIgniter.php(904): App\Controllers\Admin\Usuarios->show()
 3 SYSTEMPATH/CodeIgniter.php(457): CodeIgniter\CodeIgniter->runController()
 4 SYSTEMPATH/CodeIgniter.php(340): CodeIgniter\CodeIgniter->handleRequest()
 5 FCPATH/index.php(67): CodeIgniter\CodeIgniter->run()
 6 SYSTEMPATH/Commands/Server/rewrite.php(43): require_once('FCPATH/index.php')
CRITICAL - 2022-10-04 14:15:04 --> Argument 1 passed to App\Controllers\Admin\Usuarios::buscaUsuarioOu404() must be of the type int or null, string given, called in /var/www/sistemaFood/app/Controllers/Admin/Usuarios.php on line 112
in APPPATH/Controllers/Admin/Usuarios.php on line 259.
 1 APPPATH/Controllers/Admin/Usuarios.php(112): App\Controllers\Admin\Usuarios->buscaUsuarioOu404()
 2 SYSTEMPATH/CodeIgniter.php(904): App\Controllers\Admin\Usuarios->show()
 3 SYSTEMPATH/CodeIgniter.php(457): CodeIgniter\CodeIgniter->runController()
 4 SYSTEMPATH/CodeIgniter.php(340): CodeIgniter\CodeIgniter->handleRequest()
 5 FCPATH/index.php(67): CodeIgniter\CodeIgniter->run()
 6 SYSTEMPATH/Commands/Server/rewrite.php(43): require_once('FCPATH/index.php')
CRITICAL - 2022-10-04 14:15:04 --> Argument 1 passed to App\Controllers\Admin\Usuarios::buscaUsuarioOu404() must be of the type int or null, string given, called in /var/www/sistemaFood/app/Controllers/Admin/Usuarios.php on line 112
in APPPATH/Controllers/Admin/Usuarios.php on line 259.
 1 APPPATH/Controllers/Admin/Usuarios.php(112): App\Controllers\Admin\Usuarios->buscaUsuarioOu404()
 2 SYSTEMPATH/CodeIgniter.php(904): App\Controllers\Admin\Usuarios->show()
 3 SYSTEMPATH/CodeIgniter.php(457): CodeIgniter\CodeIgniter->runController()
 4 SYSTEMPATH/CodeIgniter.php(340): CodeIgniter\CodeIgniter->handleRequest()
 5 FCPATH/index.php(67): CodeIgniter\CodeIgniter->run()
 6 SYSTEMPATH/Commands/Server/rewrite.php(43): require_once('FCPATH/index.php')
CRITICAL - 2022-10-04 14:15:04 --> Argument 1 passed to App\Controllers\Admin\Usuarios::buscaUsuarioOu404() must be of the type int or null, string given, called in /var/www/sistemaFood/app/Controllers/Admin/Usuarios.php on line 112
in APPPATH/Controllers/Admin/Usuarios.php on line 259.
 1 APPPATH/Controllers/Admin/Usuarios.php(112): App\Controllers\Admin\Usuarios->buscaUsuarioOu404()
 2 SYSTEMPATH/CodeIgniter.php(904): App\Controllers\Admin\Usuarios->show()
 3 SYSTEMPATH/CodeIgniter.php(457): CodeIgniter\CodeIgniter->runController()
 4 SYSTEMPATH/CodeIgniter.php(340): CodeIgniter\CodeIgniter->handleRequest()
 5 FCPATH/index.php(67): CodeIgniter\CodeIgniter->run()
 6 SYSTEMPATH/Commands/Server/rewrite.php(43): require_once('FCPATH/index.php')
CRITICAL - 2022-10-04 14:15:04 --> Argument 1 passed to App\Controllers\Admin\Usuarios::buscaUsuarioOu404() must be of the type int or null, string given, called in /var/www/sistemaFood/app/Controllers/Admin/Usuarios.php on line 112
in APPPATH/Controllers/Admin/Usuarios.php on line 259.
 1 APPPATH/Controllers/Admin/Usuarios.php(112): App\Controllers\Admin\Usuarios->buscaUsuarioOu404()
 2 SYSTEMPATH/CodeIgniter.php(904): App\Controllers\Admin\Usuarios->show()
 3 SYSTEMPATH/CodeIgniter.php(457): CodeIgniter\CodeIgniter->runController()
 4 SYSTEMPATH/CodeIgniter.php(340): CodeIgniter\CodeIgniter->handleRequest()
 5 FCPATH/index.php(67): CodeIgniter\CodeIgniter->run()
 6 SYSTEMPATH/Commands/Server/rewrite.php(43): require_once('FCPATH/index.php')
CRITICAL - 2022-10-04 14:15:04 --> Argument 1 passed to App\Controllers\Admin\Usuarios::buscaUsuarioOu404() must be of the type int or null, string given, called in /var/www/sistemaFood/app/Controllers/Admin/Usuarios.php on line 112
in APPPATH/Controllers/Admin/Usuarios.php on line 259.
 1 APPPATH/Controllers/Admin/Usuarios.php(112): App\Controllers\Admin\Usuarios->buscaUsuarioOu404()
 2 SYSTEMPATH/CodeIgniter.php(904): App\Controllers\Admin\Usuarios->show()
 3 SYSTEMPATH/CodeIgniter.php(457): CodeIgniter\CodeIgniter->runController()
 4 SYSTEMPATH/CodeIgniter.php(340): CodeIgniter\CodeIgniter->handleRequest()
 5 FCPATH/index.php(67): CodeIgniter\CodeIgniter->run()
 6 SYSTEMPATH/Commands/Server/rewrite.php(43): require_once('FCPATH/index.php')
CRITICAL - 2022-10-04 14:15:05 --> Argument 1 passed to App\Controllers\Admin\Usuarios::buscaUsuarioOu404() must be of the type int or null, string given, called in /var/www/sistemaFood/app/Controllers/Admin/Usuarios.php on line 128
in APPPATH/Controllers/Admin/Usuarios.php on line 259.
 1 APPPATH/Controllers/Admin/Usuarios.php(128): App\Controllers\Admin\Usuarios->buscaUsuarioOu404()
 2 SYSTEMPATH/CodeIgniter.php(904): App\Controllers\Admin\Usuarios->editar()
 3 SYSTEMPATH/CodeIgniter.php(457): CodeIgniter\CodeIgniter->runController()
 4 SYSTEMPATH/CodeIgniter.php(340): CodeIgniter\CodeIgniter->handleRequest()
 5 FCPATH/index.php(67): CodeIgniter\CodeIgniter->run()
 6 SYSTEMPATH/Commands/Server/rewrite.php(43): require_once('FCPATH/index.php')
CRITICAL - 2022-10-04 14:15:05 --> Argument 1 passed to App\Controllers\Admin\Usuarios::buscaUsuarioOu404() must be of the type int or null, string given, called in /var/www/sistemaFood/app/Controllers/Admin/Usuarios.php on line 128
in APPPATH/Controllers/Admin/Usuarios.php on line 259.
 1 APPPATH/Controllers/Admin/Usuarios.php(128): App\Controllers\Admin\Usuarios->buscaUsuarioOu404()
 2 SYSTEMPATH/CodeIgniter.php(904): App\Controllers\Admin\Usuarios->editar()
 3 SYSTEMPATH/CodeIgniter.php(457): CodeIgniter\CodeIgniter->runController()
 4 SYSTEMPATH/CodeIgniter.php(340): CodeIgniter\CodeIgniter->handleRequest()
 5 FCPATH/index.php(67): CodeIgniter\CodeIgniter->run()
 6 SYSTEMPATH/Commands/Server/rewrite.php(43): require_once('FCPATH/index.php')
CRITICAL - 2022-10-04 14:15:06 --> Argument 1 passed to App\Controllers\Admin\Usuarios::buscaUsuarioOu404() must be of the type int or null, string given, called in /var/www/sistemaFood/app/Controllers/Admin/Usuarios.php on line 128
in APPPATH/Controllers/Admin/Usuarios.php on line 259.
 1 APPPATH/Controllers/Admin/Usuarios.php(128): App\Controllers\Admin\Usuarios->buscaUsuarioOu404()
 2 SYSTEMPATH/CodeIgniter.php(904): App\Controllers\Admin\Usuarios->editar()
 3 SYSTEMPATH/CodeIgniter.php(457): CodeIgniter\CodeIgniter->runController()
 4 SYSTEMPATH/CodeIgniter.php(340): CodeIgniter\CodeIgniter->handleRequest()
 5 FCPATH/index.php(67): CodeIgniter\CodeIgniter->run()
 6 SYSTEMPATH/Commands/Server/rewrite.php(43): require_once('FCPATH/index.php')
CRITICAL - 2022-10-04 14:15:06 --> Argument 1 passed to App\Controllers\Admin\Usuarios::buscaUsuarioOu404() must be of the type int or null, string given, called in /var/www/sistemaFood/app/Controllers/Admin/Usuarios.php on line 128
in APPPATH/Controllers/Admin/Usuarios.php on line 259.
 1 APPPATH/Controllers/Admin/Usuarios.php(128): App\Controllers\Admin\Usuarios->buscaUsuarioOu404()
 2 SYSTEMPATH/CodeIgniter.php(904): App\Controllers\Admin\Usuarios->editar()
 3 SYSTEMPATH/CodeIgniter.php(457): CodeIgniter\CodeIgniter->runController()
 4 SYSTEMPATH/CodeIgniter.php(340): CodeIgniter\CodeIgniter->handleRequest()
 5 FCPATH/index.php(67): CodeIgniter\CodeIgniter->run()
 6 SYSTEMPATH/Commands/Server/rewrite.php(43): require_once('FCPATH/index.php')
CRITICAL - 2022-10-04 14:15:06 --> Argument 1 passed to App\Controllers\Admin\Usuarios::buscaUsuarioOu404() must be of the type int or null, string given, called in /var/www/sistemaFood/app/Controllers/Admin/Usuarios.php on line 128
in APPPATH/Controllers/Admin/Usuarios.php on line 259.
 1 APPPATH/Controllers/Admin/Usuarios.php(128): App\Controllers\Admin\Usuarios->buscaUsuarioOu404()
 2 SYSTEMPATH/CodeIgniter.php(904): App\Controllers\Admin\Usuarios->editar()
 3 SYSTEMPATH/CodeIgniter.php(457): CodeIgniter\CodeIgniter->runController()
 4 SYSTEMPATH/CodeIgniter.php(340): CodeIgniter\CodeIgniter->handleRequest()
 5 FCPATH/index.php(67): CodeIgniter\CodeIgniter->run()
 6 SYSTEMPATH/Commands/Server/rewrite.php(43): require_once('FCPATH/index.php')
CRITICAL - 2022-10-04 14:15:06 --> Argument 1 passed to App\Controllers\Admin\Usuarios::buscaUsuarioOu404() must be of the type int or null, string given, called in /var/www/sistemaFood/app/Controllers/Admin/Usuarios.php on line 128
in APPPATH/Controllers/Admin/Usuarios.php on line 259.
 1 APPPATH/Controllers/Admin/Usuarios.php(128): App\Controllers\Admin\Usuarios->buscaUsuarioOu404()
 2 SYSTEMPATH/CodeIgniter.php(904): App\Controllers\Admin\Usuarios->editar()
 3 SYSTEMPATH/CodeIgniter.php(457): CodeIgniter\CodeIgniter->runController()
 4 SYSTEMPATH/CodeIgniter.php(340): CodeIgniter\CodeIgniter->handleRequest()
 5 FCPATH/index.php(67): CodeIgniter\CodeIgniter->run()
 6 SYSTEMPATH/Commands/Server/rewrite.php(43): require_once('FCPATH/index.php')
CRITICAL - 2022-10-04 14:15:50 --> Argument 1 passed to App\Controllers\Admin\Usuarios::buscaUsuarioOu404() must be of the type int or null, string given, called in /var/www/sistemaFood/app/Controllers/Admin/Usuarios.php on line 128
in APPPATH/Controllers/Admin/Usuarios.php on line 259.
 1 APPPATH/Controllers/Admin/Usuarios.php(128): App\Controllers\Admin\Usuarios->buscaUsuarioOu404()
 2 SYSTEMPATH/CodeIgniter.php(904): App\Controllers\Admin\Usuarios->editar()
 3 SYSTEMPATH/CodeIgniter.php(457): CodeIgniter\CodeIgniter->runController()
 4 SYSTEMPATH/CodeIgniter.php(340): CodeIgniter\CodeIgniter->handleRequest()
 5 FCPATH/index.php(67): CodeIgniter\CodeIgniter->run()
 6 SYSTEMPATH/Commands/Server/rewrite.php(43): require_once('FCPATH/index.php')
CRITICAL - 2022-10-04 14:15:50 --> Argument 1 passed to App\Controllers\Admin\Usuarios::buscaUsuarioOu404() must be of the type int or null, string given, called in /var/www/sistemaFood/app/Controllers/Admin/Usuarios.php on line 128
in APPPATH/Controllers/Admin/Usuarios.php on line 259.
 1 APPPATH/Controllers/Admin/Usuarios.php(128): App\Controllers\Admin\Usuarios->buscaUsuarioOu404()
 2 SYSTEMPATH/CodeIgniter.php(904): App\Controllers\Admin\Usuarios->editar()
 3 SYSTEMPATH/CodeIgniter.php(457): CodeIgniter\CodeIgniter->runController()
 4 SYSTEMPATH/CodeIgniter.php(340): CodeIgniter\CodeIgniter->handleRequest()
 5 FCPATH/index.php(67): CodeIgniter\CodeIgniter->run()
 6 SYSTEMPATH/Commands/Server/rewrite.php(43): require_once('FCPATH/index.php')
CRITICAL - 2022-10-04 14:15:50 --> Argument 1 passed to App\Controllers\Admin\Usuarios::buscaUsuarioOu404() must be of the type int or null, string given, called in /var/www/sistemaFood/app/Controllers/Admin/Usuarios.php on line 128
in APPPATH/Controllers/Admin/Usuarios.php on line 259.
 1 APPPATH/Controllers/Admin/Usuarios.php(128): App\Controllers\Admin\Usuarios->buscaUsuarioOu404()
 2 SYSTEMPATH/CodeIgniter.php(904): App\Controllers\Admin\Usuarios->editar()
 3 SYSTEMPATH/CodeIgniter.php(457): CodeIgniter\CodeIgniter->runController()
 4 SYSTEMPATH/CodeIgniter.php(340): CodeIgniter\CodeIgniter->handleRequest()
 5 FCPATH/index.php(67): CodeIgniter\CodeIgniter->run()
 6 SYSTEMPATH/Commands/Server/rewrite.php(43): require_once('FCPATH/index.php')
CRITICAL - 2022-10-04 14:15:50 --> Argument 1 passed to App\Controllers\Admin\Usuarios::buscaUsuarioOu404() must be of the type int or null, string given, called in /var/www/sistemaFood/app/Controllers/Admin/Usuarios.php on line 128
in APPPATH/Controllers/Admin/Usuarios.php on line 259.
 1 APPPATH/Controllers/Admin/Usuarios.php(128): App\Controllers\Admin\Usuarios->buscaUsuarioOu404()
 2 SYSTEMPATH/CodeIgniter.php(904): App\Controllers\Admin\Usuarios->editar()
 3 SYSTEMPATH/CodeIgniter.php(457): CodeIgniter\CodeIgniter->runController()
 4 SYSTEMPATH/CodeIgniter.php(340): CodeIgniter\CodeIgniter->handleRequest()
 5 FCPATH/index.php(67): CodeIgniter\CodeIgniter->run()
 6 SYSTEMPATH/Commands/Server/rewrite.php(43): require_once('FCPATH/index.php')
CRITICAL - 2022-10-04 14:15:50 --> Argument 1 passed to App\Controllers\Admin\Usuarios::buscaUsuarioOu404() must be of the type int or null, string given, called in /var/www/sistemaFood/app/Controllers/Admin/Usuarios.php on line 128
in APPPATH/Controllers/Admin/Usuarios.php on line 259.
 1 APPPATH/Controllers/Admin/Usuarios.php(128): App\Controllers\Admin\Usuarios->buscaUsuarioOu404()
 2 SYSTEMPATH/CodeIgniter.php(904): App\Controllers\Admin\Usuarios->editar()
 3 SYSTEMPATH/CodeIgniter.php(457): CodeIgniter\CodeIgniter->runController()
 4 SYSTEMPATH/CodeIgniter.php(340): CodeIgniter\CodeIgniter->handleRequest()
 5 FCPATH/index.php(67): CodeIgniter\CodeIgniter->run()
 6 SYSTEMPATH/Commands/Server/rewrite.php(43): require_once('FCPATH/index.php')
CRITICAL - 2022-10-04 14:15:50 --> Argument 1 passed to App\Controllers\Admin\Usuarios::buscaUsuarioOu404() must be of the type int or null, string given, called in /var/www/sistemaFood/app/Controllers/Admin/Usuarios.php on line 128
in APPPATH/Controllers/Admin/Usuarios.php on line 259.
 1 APPPATH/Controllers/Admin/Usuarios.php(128): App\Controllers\Admin\Usuarios->buscaUsuarioOu404()
 2 SYSTEMPATH/CodeIgniter.php(904): App\Controllers\Admin\Usuarios->editar()
 3 SYSTEMPATH/CodeIgniter.php(457): CodeIgniter\CodeIgniter->runController()
 4 SYSTEMPATH/CodeIgniter.php(340): CodeIgniter\CodeIgniter->handleRequest()
 5 FCPATH/index.php(67): CodeIgniter\CodeIgniter->run()
 6 SYSTEMPATH/Commands/Server/rewrite.php(43): require_once('FCPATH/index.php')
CRITICAL - 2022-10-04 14:15:53 --> Argument 1 passed to App\Controllers\Admin\Usuarios::buscaUsuarioOu404() must be of the type int or null, string given, called in /var/www/sistemaFood/app/Controllers/Admin/Usuarios.php on line 112
in APPPATH/Controllers/Admin/Usuarios.php on line 259.
 1 APPPATH/Controllers/Admin/Usuarios.php(112): App\Controllers\Admin\Usuarios->buscaUsuarioOu404()
 2 SYSTEMPATH/CodeIgniter.php(904): App\Controllers\Admin\Usuarios->show()
 3 SYSTEMPATH/CodeIgniter.php(457): CodeIgniter\CodeIgniter->runController()
 4 SYSTEMPATH/CodeIgniter.php(340): CodeIgniter\CodeIgniter->handleRequest()
 5 FCPATH/index.php(67): CodeIgniter\CodeIgniter->run()
 6 SYSTEMPATH/Commands/Server/rewrite.php(43): require_once('FCPATH/index.php')
CRITICAL - 2022-10-04 14:15:53 --> Argument 1 passed to App\Controllers\Admin\Usuarios::buscaUsuarioOu404() must be of the type int or null, string given, called in /var/www/sistemaFood/app/Controllers/Admin/Usuarios.php on line 112
in APPPATH/Controllers/Admin/Usuarios.php on line 259.
 1 APPPATH/Controllers/Admin/Usuarios.php(112): App\Controllers\Admin\Usuarios->buscaUsuarioOu404()
 2 SYSTEMPATH/CodeIgniter.php(904): App\Controllers\Admin\Usuarios->show()
 3 SYSTEMPATH/CodeIgniter.php(457): CodeIgniter\CodeIgniter->runController()
 4 SYSTEMPATH/CodeIgniter.php(340): CodeIgniter\CodeIgniter->handleRequest()
 5 FCPATH/index.php(67): CodeIgniter\CodeIgniter->run()
 6 SYSTEMPATH/Commands/Server/rewrite.php(43): require_once('FCPATH/index.php')
CRITICAL - 2022-10-04 14:15:53 --> Argument 1 passed to App\Controllers\Admin\Usuarios::buscaUsuarioOu404() must be of the type int or null, string given, called in /var/www/sistemaFood/app/Controllers/Admin/Usuarios.php on line 112
in APPPATH/Controllers/Admin/Usuarios.php on line 259.
 1 APPPATH/Controllers/Admin/Usuarios.php(112): App\Controllers\Admin\Usuarios->buscaUsuarioOu404()
 2 SYSTEMPATH/CodeIgniter.php(904): App\Controllers\Admin\Usuarios->show()
 3 SYSTEMPATH/CodeIgniter.php(457): CodeIgniter\CodeIgniter->runController()
 4 SYSTEMPATH/CodeIgniter.php(340): CodeIgniter\CodeIgniter->handleRequest()
 5 FCPATH/index.php(67): CodeIgniter\CodeIgniter->run()
 6 SYSTEMPATH/Commands/Server/rewrite.php(43): require_once('FCPATH/index.php')
CRITICAL - 2022-10-04 14:15:53 --> Argument 1 passed to App\Controllers\Admin\Usuarios::buscaUsuarioOu404() must be of the type int or null, string given, called in /var/www/sistemaFood/app/Controllers/Admin/Usuarios.php on line 112
in APPPATH/Controllers/Admin/Usuarios.php on line 259.
 1 APPPATH/Controllers/Admin/Usuarios.php(112): App\Controllers\Admin\Usuarios->buscaUsuarioOu404()
 2 SYSTEMPATH/CodeIgniter.php(904): App\Controllers\Admin\Usuarios->show()
 3 SYSTEMPATH/CodeIgniter.php(457): CodeIgniter\CodeIgniter->runController()
 4 SYSTEMPATH/CodeIgniter.php(340): CodeIgniter\CodeIgniter->handleRequest()
 5 FCPATH/index.php(67): CodeIgniter\CodeIgniter->run()
 6 SYSTEMPATH/Commands/Server/rewrite.php(43): require_once('FCPATH/index.php')
CRITICAL - 2022-10-04 14:15:53 --> Argument 1 passed to App\Controllers\Admin\Usuarios::buscaUsuarioOu404() must be of the type int or null, string given, called in /var/www/sistemaFood/app/Controllers/Admin/Usuarios.php on line 112
in APPPATH/Controllers/Admin/Usuarios.php on line 259.
 1 APPPATH/Controllers/Admin/Usuarios.php(112): App\Controllers\Admin\Usuarios->buscaUsuarioOu404()
 2 SYSTEMPATH/CodeIgniter.php(904): App\Controllers\Admin\Usuarios->show()
 3 SYSTEMPATH/CodeIgniter.php(457): CodeIgniter\CodeIgniter->runController()
 4 SYSTEMPATH/CodeIgniter.php(340): CodeIgniter\CodeIgniter->handleRequest()
 5 FCPATH/index.php(67): CodeIgniter\CodeIgniter->run()
 6 SYSTEMPATH/Commands/Server/rewrite.php(43): require_once('FCPATH/index.php')
CRITICAL - 2022-10-04 14:15:53 --> Argument 1 passed to App\Controllers\Admin\Usuarios::buscaUsuarioOu404() must be of the type int or null, string given, called in /var/www/sistemaFood/app/Controllers/Admin/Usuarios.php on line 112
in APPPATH/Controllers/Admin/Usuarios.php on line 259.
 1 APPPATH/Controllers/Admin/Usuarios.php(112): App\Controllers\Admin\Usuarios->buscaUsuarioOu404()
 2 SYSTEMPATH/CodeIgniter.php(904): App\Controllers\Admin\Usuarios->show()
 3 SYSTEMPATH/CodeIgniter.php(457): CodeIgniter\CodeIgniter->runController()
 4 SYSTEMPATH/CodeIgniter.php(340): CodeIgniter\CodeIgniter->handleRequest()
 5 FCPATH/index.php(67): CodeIgniter\CodeIgniter->run()
 6 SYSTEMPATH/Commands/Server/rewrite.php(43): require_once('FCPATH/index.php')
CRITICAL - 2022-10-04 14:15:54 --> Argument 1 passed to App\Controllers\Admin\Usuarios::buscaUsuarioOu404() must be of the type int or null, string given, called in /var/www/sistemaFood/app/Controllers/Admin/Usuarios.php on line 128
in APPPATH/Controllers/Admin/Usuarios.php on line 259.
 1 APPPATH/Controllers/Admin/Usuarios.php(128): App\Controllers\Admin\Usuarios->buscaUsuarioOu404()
 2 SYSTEMPATH/CodeIgniter.php(904): App\Controllers\Admin\Usuarios->editar()
 3 SYSTEMPATH/CodeIgniter.php(457): CodeIgniter\CodeIgniter->runController()
 4 SYSTEMPATH/CodeIgniter.php(340): CodeIgniter\CodeIgniter->handleRequest()
 5 FCPATH/index.php(67): CodeIgniter\CodeIgniter->run()
 6 SYSTEMPATH/Commands/Server/rewrite.php(43): require_once('FCPATH/index.php')
CRITICAL - 2022-10-04 14:15:54 --> Argument 1 passed to App\Controllers\Admin\Usuarios::buscaUsuarioOu404() must be of the type int or null, string given, called in /var/www/sistemaFood/app/Controllers/Admin/Usuarios.php on line 128
in APPPATH/Controllers/Admin/Usuarios.php on line 259.
 1 APPPATH/Controllers/Admin/Usuarios.php(128): App\Controllers\Admin\Usuarios->buscaUsuarioOu404()
 2 SYSTEMPATH/CodeIgniter.php(904): App\Controllers\Admin\Usuarios->editar()
 3 SYSTEMPATH/CodeIgniter.php(457): CodeIgniter\CodeIgniter->runController()
 4 SYSTEMPATH/CodeIgniter.php(340): CodeIgniter\CodeIgniter->handleRequest()
 5 FCPATH/index.php(67): CodeIgniter\CodeIgniter->run()
 6 SYSTEMPATH/Commands/Server/rewrite.php(43): require_once('FCPATH/index.php')
CRITICAL - 2022-10-04 14:15:54 --> Argument 1 passed to App\Controllers\Admin\Usuarios::buscaUsuarioOu404() must be of the type int or null, string given, called in /var/www/sistemaFood/app/Controllers/Admin/Usuarios.php on line 128
in APPPATH/Controllers/Admin/Usuarios.php on line 259.
 1 APPPATH/Controllers/Admin/Usuarios.php(128): App\Controllers\Admin\Usuarios->buscaUsuarioOu404()
 2 SYSTEMPATH/CodeIgniter.php(904): App\Controllers\Admin\Usuarios->editar()
 3 SYSTEMPATH/CodeIgniter.php(457): CodeIgniter\CodeIgniter->runController()
 4 SYSTEMPATH/CodeIgniter.php(340): CodeIgniter\CodeIgniter->handleRequest()
 5 FCPATH/index.php(67): CodeIgniter\CodeIgniter->run()
 6 SYSTEMPATH/Commands/Server/rewrite.php(43): require_once('FCPATH/index.php')
CRITICAL - 2022-10-04 14:15:54 --> Argument 1 passed to App\Controllers\Admin\Usuarios::buscaUsuarioOu404() must be of the type int or null, string given, called in /var/www/sistemaFood/app/Controllers/Admin/Usuarios.php on line 128
in APPPATH/Controllers/Admin/Usuarios.php on line 259.
 1 APPPATH/Controllers/Admin/Usuarios.php(128): App\Controllers\Admin\Usuarios->buscaUsuarioOu404()
 2 SYSTEMPATH/CodeIgniter.php(904): App\Controllers\Admin\Usuarios->editar()
 3 SYSTEMPATH/CodeIgniter.php(457): CodeIgniter\CodeIgniter->runController()
 4 SYSTEMPATH/CodeIgniter.php(340): CodeIgniter\CodeIgniter->handleRequest()
 5 FCPATH/index.php(67): CodeIgniter\CodeIgniter->run()
 6 SYSTEMPATH/Commands/Server/rewrite.php(43): require_once('FCPATH/index.php')
CRITICAL - 2022-10-04 14:15:54 --> Argument 1 passed to App\Controllers\Admin\Usuarios::buscaUsuarioOu404() must be of the type int or null, string given, called in /var/www/sistemaFood/app/Controllers/Admin/Usuarios.php on line 128
in APPPATH/Controllers/Admin/Usuarios.php on line 259.
 1 APPPATH/Controllers/Admin/Usuarios.php(128): App\Controllers\Admin\Usuarios->buscaUsuarioOu404()
 2 SYSTEMPATH/CodeIgniter.php(904): App\Controllers\Admin\Usuarios->editar()
 3 SYSTEMPATH/CodeIgniter.php(457): CodeIgniter\CodeIgniter->runController()
 4 SYSTEMPATH/CodeIgniter.php(340): CodeIgniter\CodeIgniter->handleRequest()
 5 FCPATH/index.php(67): CodeIgniter\CodeIgniter->run()
 6 SYSTEMPATH/Commands/Server/rewrite.php(43): require_once('FCPATH/index.php')
CRITICAL - 2022-10-04 14:15:54 --> Argument 1 passed to App\Controllers\Admin\Usuarios::buscaUsuarioOu404() must be of the type int or null, string given, called in /var/www/sistemaFood/app/Controllers/Admin/Usuarios.php on line 128
in APPPATH/Controllers/Admin/Usuarios.php on line 259.
 1 APPPATH/Controllers/Admin/Usuarios.php(128): App\Controllers\Admin\Usuarios->buscaUsuarioOu404()
 2 SYSTEMPATH/CodeIgniter.php(904): App\Controllers\Admin\Usuarios->editar()
 3 SYSTEMPATH/CodeIgniter.php(457): CodeIgniter\CodeIgniter->runController()
 4 SYSTEMPATH/CodeIgniter.php(340): CodeIgniter\CodeIgniter->handleRequest()
 5 FCPATH/index.php(67): CodeIgniter\CodeIgniter->run()
 6 SYSTEMPATH/Commands/Server/rewrite.php(43): require_once('FCPATH/index.php')
CRITICAL - 2022-10-04 14:15:56 --> Argument 1 passed to App\Controllers\Admin\Usuarios::buscaUsuarioOu404() must be of the type int or null, string given, called in /var/www/sistemaFood/app/Controllers/Admin/Usuarios.php on line 112
in APPPATH/Controllers/Admin/Usuarios.php on line 259.
 1 APPPATH/Controllers/Admin/Usuarios.php(112): App\Controllers\Admin\Usuarios->buscaUsuarioOu404()
 2 SYSTEMPATH/CodeIgniter.php(904): App\Controllers\Admin\Usuarios->show()
 3 SYSTEMPATH/CodeIgniter.php(457): CodeIgniter\CodeIgniter->runController()
 4 SYSTEMPATH/CodeIgniter.php(340): CodeIgniter\CodeIgniter->handleRequest()
 5 FCPATH/index.php(67): CodeIgniter\CodeIgniter->run()
 6 SYSTEMPATH/Commands/Server/rewrite.php(43): require_once('FCPATH/index.php')
CRITICAL - 2022-10-04 14:15:56 --> Argument 1 passed to App\Controllers\Admin\Usuarios::buscaUsuarioOu404() must be of the type int or null, string given, called in /var/www/sistemaFood/app/Controllers/Admin/Usuarios.php on line 112
in APPPATH/Controllers/Admin/Usuarios.php on line 259.
 1 APPPATH/Controllers/Admin/Usuarios.php(112): App\Controllers\Admin\Usuarios->buscaUsuarioOu404()
 2 SYSTEMPATH/CodeIgniter.php(904): App\Controllers\Admin\Usuarios->show()
 3 SYSTEMPATH/CodeIgniter.php(457): CodeIgniter\CodeIgniter->runController()
 4 SYSTEMPATH/CodeIgniter.php(340): CodeIgniter\CodeIgniter->handleRequest()
 5 FCPATH/index.php(67): CodeIgniter\CodeIgniter->run()
 6 SYSTEMPATH/Commands/Server/rewrite.php(43): require_once('FCPATH/index.php')
CRITICAL - 2022-10-04 14:15:56 --> Argument 1 passed to App\Controllers\Admin\Usuarios::buscaUsuarioOu404() must be of the type int or null, string given, called in /var/www/sistemaFood/app/Controllers/Admin/Usuarios.php on line 112
in APPPATH/Controllers/Admin/Usuarios.php on line 259.
 1 APPPATH/Controllers/Admin/Usuarios.php(112): App\Controllers\Admin\Usuarios->buscaUsuarioOu404()
 2 SYSTEMPATH/CodeIgniter.php(904): App\Controllers\Admin\Usuarios->show()
 3 SYSTEMPATH/CodeIgniter.php(457): CodeIgniter\CodeIgniter->runController()
 4 SYSTEMPATH/CodeIgniter.php(340): CodeIgniter\CodeIgniter->handleRequest()
 5 FCPATH/index.php(67): CodeIgniter\CodeIgniter->run()
 6 SYSTEMPATH/Commands/Server/rewrite.php(43): require_once('FCPATH/index.php')
CRITICAL - 2022-10-04 14:15:56 --> Argument 1 passed to App\Controllers\Admin\Usuarios::buscaUsuarioOu404() must be of the type int or null, string given, called in /var/www/sistemaFood/app/Controllers/Admin/Usuarios.php on line 112
in APPPATH/Controllers/Admin/Usuarios.php on line 259.
 1 APPPATH/Controllers/Admin/Usuarios.php(112): App\Controllers\Admin\Usuarios->buscaUsuarioOu404()
 2 SYSTEMPATH/CodeIgniter.php(904): App\Controllers\Admin\Usuarios->show()
 3 SYSTEMPATH/CodeIgniter.php(457): CodeIgniter\CodeIgniter->runController()
 4 SYSTEMPATH/CodeIgniter.php(340): CodeIgniter\CodeIgniter->handleRequest()
 5 FCPATH/index.php(67): CodeIgniter\CodeIgniter->run()
 6 SYSTEMPATH/Commands/Server/rewrite.php(43): require_once('FCPATH/index.php')
CRITICAL - 2022-10-04 14:15:56 --> Argument 1 passed to App\Controllers\Admin\Usuarios::buscaUsuarioOu404() must be of the type int or null, string given, called in /var/www/sistemaFood/app/Controllers/Admin/Usuarios.php on line 112
in APPPATH/Controllers/Admin/Usuarios.php on line 259.
 1 APPPATH/Controllers/Admin/Usuarios.php(112): App\Controllers\Admin\Usuarios->buscaUsuarioOu404()
 2 SYSTEMPATH/CodeIgniter.php(904): App\Controllers\Admin\Usuarios->show()
 3 SYSTEMPATH/CodeIgniter.php(457): CodeIgniter\CodeIgniter->runController()
 4 SYSTEMPATH/CodeIgniter.php(340): CodeIgniter\CodeIgniter->handleRequest()
 5 FCPATH/index.php(67): CodeIgniter\CodeIgniter->run()
 6 SYSTEMPATH/Commands/Server/rewrite.php(43): require_once('FCPATH/index.php')
CRITICAL - 2022-10-04 14:15:56 --> Argument 1 passed to App\Controllers\Admin\Usuarios::buscaUsuarioOu404() must be of the type int or null, string given, called in /var/www/sistemaFood/app/Controllers/Admin/Usuarios.php on line 112
in APPPATH/Controllers/Admin/Usuarios.php on line 259.
 1 APPPATH/Controllers/Admin/Usuarios.php(112): App\Controllers\Admin\Usuarios->buscaUsuarioOu404()
 2 SYSTEMPATH/CodeIgniter.php(904): App\Controllers\Admin\Usuarios->show()
 3 SYSTEMPATH/CodeIgniter.php(457): CodeIgniter\CodeIgniter->runController()
 4 SYSTEMPATH/CodeIgniter.php(340): CodeIgniter\CodeIgniter->handleRequest()
 5 FCPATH/index.php(67): CodeIgniter\CodeIgniter->run()
 6 SYSTEMPATH/Commands/Server/rewrite.php(43): require_once('FCPATH/index.php')
CRITICAL - 2022-10-04 14:15:57 --> Argument 1 passed to App\Controllers\Admin\Usuarios::buscaUsuarioOu404() must be of the type int or null, string given, called in /var/www/sistemaFood/app/Controllers/Admin/Usuarios.php on line 128
in APPPATH/Controllers/Admin/Usuarios.php on line 259.
 1 APPPATH/Controllers/Admin/Usuarios.php(128): App\Controllers\Admin\Usuarios->buscaUsuarioOu404()
 2 SYSTEMPATH/CodeIgniter.php(904): App\Controllers\Admin\Usuarios->editar()
 3 SYSTEMPATH/CodeIgniter.php(457): CodeIgniter\CodeIgniter->runController()
 4 SYSTEMPATH/CodeIgniter.php(340): CodeIgniter\CodeIgniter->handleRequest()
 5 FCPATH/index.php(67): CodeIgniter\CodeIgniter->run()
 6 SYSTEMPATH/Commands/Server/rewrite.php(43): require_once('FCPATH/index.php')
CRITICAL - 2022-10-04 14:15:57 --> Argument 1 passed to App\Controllers\Admin\Usuarios::buscaUsuarioOu404() must be of the type int or null, string given, called in /var/www/sistemaFood/app/Controllers/Admin/Usuarios.php on line 128
in APPPATH/Controllers/Admin/Usuarios.php on line 259.
 1 APPPATH/Controllers/Admin/Usuarios.php(128): App\Controllers\Admin\Usuarios->buscaUsuarioOu404()
 2 SYSTEMPATH/CodeIgniter.php(904): App\Controllers\Admin\Usuarios->editar()
 3 SYSTEMPATH/CodeIgniter.php(457): CodeIgniter\CodeIgniter->runController()
 4 SYSTEMPATH/CodeIgniter.php(340): CodeIgniter\CodeIgniter->handleRequest()
 5 FCPATH/index.php(67): CodeIgniter\CodeIgniter->run()
 6 SYSTEMPATH/Commands/Server/rewrite.php(43): require_once('FCPATH/index.php')
CRITICAL - 2022-10-04 14:15:57 --> Argument 1 passed to App\Controllers\Admin\Usuarios::buscaUsuarioOu404() must be of the type int or null, string given, called in /var/www/sistemaFood/app/Controllers/Admin/Usuarios.php on line 128
in APPPATH/Controllers/Admin/Usuarios.php on line 259.
 1 APPPATH/Controllers/Admin/Usuarios.php(128): App\Controllers\Admin\Usuarios->buscaUsuarioOu404()
 2 SYSTEMPATH/CodeIgniter.php(904): App\Controllers\Admin\Usuarios->editar()
 3 SYSTEMPATH/CodeIgniter.php(457): CodeIgniter\CodeIgniter->runController()
 4 SYSTEMPATH/CodeIgniter.php(340): CodeIgniter\CodeIgniter->handleRequest()
 5 FCPATH/index.php(67): CodeIgniter\CodeIgniter->run()
 6 SYSTEMPATH/Commands/Server/rewrite.php(43): require_once('FCPATH/index.php')
CRITICAL - 2022-10-04 14:15:57 --> Argument 1 passed to App\Controllers\Admin\Usuarios::buscaUsuarioOu404() must be of the type int or null, string given, called in /var/www/sistemaFood/app/Controllers/Admin/Usuarios.php on line 128
in APPPATH/Controllers/Admin/Usuarios.php on line 259.
 1 APPPATH/Controllers/Admin/Usuarios.php(128): App\Controllers\Admin\Usuarios->buscaUsuarioOu404()
 2 SYSTEMPATH/CodeIgniter.php(904): App\Controllers\Admin\Usuarios->editar()
 3 SYSTEMPATH/CodeIgniter.php(457): CodeIgniter\CodeIgniter->runController()
 4 SYSTEMPATH/CodeIgniter.php(340): CodeIgniter\CodeIgniter->handleRequest()
 5 FCPATH/index.php(67): CodeIgniter\CodeIgniter->run()
 6 SYSTEMPATH/Commands/Server/rewrite.php(43): require_once('FCPATH/index.php')
CRITICAL - 2022-10-04 14:15:57 --> Argument 1 passed to App\Controllers\Admin\Usuarios::buscaUsuarioOu404() must be of the type int or null, string given, called in /var/www/sistemaFood/app/Controllers/Admin/Usuarios.php on line 128
in APPPATH/Controllers/Admin/Usuarios.php on line 259.
 1 APPPATH/Controllers/Admin/Usuarios.php(128): App\Controllers\Admin\Usuarios->buscaUsuarioOu404()
 2 SYSTEMPATH/CodeIgniter.php(904): App\Controllers\Admin\Usuarios->editar()
 3 SYSTEMPATH/CodeIgniter.php(457): CodeIgniter\CodeIgniter->runController()
 4 SYSTEMPATH/CodeIgniter.php(340): CodeIgniter\CodeIgniter->handleRequest()
 5 FCPATH/index.php(67): CodeIgniter\CodeIgniter->run()
 6 SYSTEMPATH/Commands/Server/rewrite.php(43): require_once('FCPATH/index.php')
CRITICAL - 2022-10-04 14:15:57 --> Argument 1 passed to App\Controllers\Admin\Usuarios::buscaUsuarioOu404() must be of the type int or null, string given, called in /var/www/sistemaFood/app/Controllers/Admin/Usuarios.php on line 128
in APPPATH/Controllers/Admin/Usuarios.php on line 259.
 1 APPPATH/Controllers/Admin/Usuarios.php(128): App\Controllers\Admin\Usuarios->buscaUsuarioOu404()
 2 SYSTEMPATH/CodeIgniter.php(904): App\Controllers\Admin\Usuarios->editar()
 3 SYSTEMPATH/CodeIgniter.php(457): CodeIgniter\CodeIgniter->runController()
 4 SYSTEMPATH/CodeIgniter.php(340): CodeIgniter\CodeIgniter->handleRequest()
 5 FCPATH/index.php(67): CodeIgniter\CodeIgniter->run()
 6 SYSTEMPATH/Commands/Server/rewrite.php(43): require_once('FCPATH/index.php')
CRITICAL - 2022-10-04 14:15:58 --> Argument 1 passed to App\Controllers\Admin\Usuarios::buscaUsuarioOu404() must be of the type int or null, string given, called in /var/www/sistemaFood/app/Controllers/Admin/Usuarios.php on line 112
in APPPATH/Controllers/Admin/Usuarios.php on line 259.
 1 APPPATH/Controllers/Admin/Usuarios.php(112): App\Controllers\Admin\Usuarios->buscaUsuarioOu404()
 2 SYSTEMPATH/CodeIgniter.php(904): App\Controllers\Admin\Usuarios->show()
 3 SYSTEMPATH/CodeIgniter.php(457): CodeIgniter\CodeIgniter->runController()
 4 SYSTEMPATH/CodeIgniter.php(340): CodeIgniter\CodeIgniter->handleRequest()
 5 FCPATH/index.php(67): CodeIgniter\CodeIgniter->run()
 6 SYSTEMPATH/Commands/Server/rewrite.php(43): require_once('FCPATH/index.php')
CRITICAL - 2022-10-04 14:15:58 --> Argument 1 passed to App\Controllers\Admin\Usuarios::buscaUsuarioOu404() must be of the type int or null, string given, called in /var/www/sistemaFood/app/Controllers/Admin/Usuarios.php on line 112
in APPPATH/Controllers/Admin/Usuarios.php on line 259.
 1 APPPATH/Controllers/Admin/Usuarios.php(112): App\Controllers\Admin\Usuarios->buscaUsuarioOu404()
 2 SYSTEMPATH/CodeIgniter.php(904): App\Controllers\Admin\Usuarios->show()
 3 SYSTEMPATH/CodeIgniter.php(457): CodeIgniter\CodeIgniter->runController()
 4 SYSTEMPATH/CodeIgniter.php(340): CodeIgniter\CodeIgniter->handleRequest()
 5 FCPATH/index.php(67): CodeIgniter\CodeIgniter->run()
 6 SYSTEMPATH/Commands/Server/rewrite.php(43): require_once('FCPATH/index.php')
CRITICAL - 2022-10-04 14:15:58 --> Argument 1 passed to App\Controllers\Admin\Usuarios::buscaUsuarioOu404() must be of the type int or null, string given, called in /var/www/sistemaFood/app/Controllers/Admin/Usuarios.php on line 112
in APPPATH/Controllers/Admin/Usuarios.php on line 259.
 1 APPPATH/Controllers/Admin/Usuarios.php(112): App\Controllers\Admin\Usuarios->buscaUsuarioOu404()
 2 SYSTEMPATH/CodeIgniter.php(904): App\Controllers\Admin\Usuarios->show()
 3 SYSTEMPATH/CodeIgniter.php(457): CodeIgniter\CodeIgniter->runController()
 4 SYSTEMPATH/CodeIgniter.php(340): CodeIgniter\CodeIgniter->handleRequest()
 5 FCPATH/index.php(67): CodeIgniter\CodeIgniter->run()
 6 SYSTEMPATH/Commands/Server/rewrite.php(43): require_once('FCPATH/index.php')
CRITICAL - 2022-10-04 14:15:58 --> Argument 1 passed to App\Controllers\Admin\Usuarios::buscaUsuarioOu404() must be of the type int or null, string given, called in /var/www/sistemaFood/app/Controllers/Admin/Usuarios.php on line 112
in APPPATH/Controllers/Admin/Usuarios.php on line 259.
 1 APPPATH/Controllers/Admin/Usuarios.php(112): App\Controllers\Admin\Usuarios->buscaUsuarioOu404()
 2 SYSTEMPATH/CodeIgniter.php(904): App\Controllers\Admin\Usuarios->show()
 3 SYSTEMPATH/CodeIgniter.php(457): CodeIgniter\CodeIgniter->runController()
 4 SYSTEMPATH/CodeIgniter.php(340): CodeIgniter\CodeIgniter->handleRequest()
 5 FCPATH/index.php(67): CodeIgniter\CodeIgniter->run()
 6 SYSTEMPATH/Commands/Server/rewrite.php(43): require_once('FCPATH/index.php')
CRITICAL - 2022-10-04 14:15:58 --> Argument 1 passed to App\Controllers\Admin\Usuarios::buscaUsuarioOu404() must be of the type int or null, string given, called in /var/www/sistemaFood/app/Controllers/Admin/Usuarios.php on line 112
in APPPATH/Controllers/Admin/Usuarios.php on line 259.
 1 APPPATH/Controllers/Admin/Usuarios.php(112): App\Controllers\Admin\Usuarios->buscaUsuarioOu404()
 2 SYSTEMPATH/CodeIgniter.php(904): App\Controllers\Admin\Usuarios->show()
 3 SYSTEMPATH/CodeIgniter.php(457): CodeIgniter\CodeIgniter->runController()
 4 SYSTEMPATH/CodeIgniter.php(340): CodeIgniter\CodeIgniter->handleRequest()
 5 FCPATH/index.php(67): CodeIgniter\CodeIgniter->run()
 6 SYSTEMPATH/Commands/Server/rewrite.php(43): require_once('FCPATH/index.php')
CRITICAL - 2022-10-04 14:15:58 --> Argument 1 passed to App\Controllers\Admin\Usuarios::buscaUsuarioOu404() must be of the type int or null, string given, called in /var/www/sistemaFood/app/Controllers/Admin/Usuarios.php on line 112
in APPPATH/Controllers/Admin/Usuarios.php on line 259.
 1 APPPATH/Controllers/Admin/Usuarios.php(112): App\Controllers\Admin\Usuarios->buscaUsuarioOu404()
 2 SYSTEMPATH/CodeIgniter.php(904): App\Controllers\Admin\Usuarios->show()
 3 SYSTEMPATH/CodeIgniter.php(457): CodeIgniter\CodeIgniter->runController()
 4 SYSTEMPATH/CodeIgniter.php(340): CodeIgniter\CodeIgniter->handleRequest()
 5 FCPATH/index.php(67): CodeIgniter\CodeIgniter->run()
 6 SYSTEMPATH/Commands/Server/rewrite.php(43): require_once('FCPATH/index.php')
CRITICAL - 2022-10-04 14:16:15 --> Argument 1 passed to App\Controllers\Admin\Usuarios::buscaUsuarioOu404() must be of the type int or null, string given, called in /var/www/sistemaFood/app/Controllers/Admin/Usuarios.php on line 128
in APPPATH/Controllers/Admin/Usuarios.php on line 259.
 1 APPPATH/Controllers/Admin/Usuarios.php(128): App\Controllers\Admin\Usuarios->buscaUsuarioOu404()
 2 SYSTEMPATH/CodeIgniter.php(904): App\Controllers\Admin\Usuarios->editar()
 3 SYSTEMPATH/CodeIgniter.php(457): CodeIgniter\CodeIgniter->runController()
 4 SYSTEMPATH/CodeIgniter.php(340): CodeIgniter\CodeIgniter->handleRequest()
 5 FCPATH/index.php(67): CodeIgniter\CodeIgniter->run()
 6 SYSTEMPATH/Commands/Server/rewrite.php(43): require_once('FCPATH/index.php')
CRITICAL - 2022-10-04 14:16:15 --> Argument 1 passed to App\Controllers\Admin\Usuarios::buscaUsuarioOu404() must be of the type int or null, string given, called in /var/www/sistemaFood/app/Controllers/Admin/Usuarios.php on line 128
in APPPATH/Controllers/Admin/Usuarios.php on line 259.
 1 APPPATH/Controllers/Admin/Usuarios.php(128): App\Controllers\Admin\Usuarios->buscaUsuarioOu404()
 2 SYSTEMPATH/CodeIgniter.php(904): App\Controllers\Admin\Usuarios->editar()
 3 SYSTEMPATH/CodeIgniter.php(457): CodeIgniter\CodeIgniter->runController()
 4 SYSTEMPATH/CodeIgniter.php(340): CodeIgniter\CodeIgniter->handleRequest()
 5 FCPATH/index.php(67): CodeIgniter\CodeIgniter->run()
 6 SYSTEMPATH/Commands/Server/rewrite.php(43): require_once('FCPATH/index.php')
CRITICAL - 2022-10-04 14:16:15 --> Argument 1 passed to App\Controllers\Admin\Usuarios::buscaUsuarioOu404() must be of the type int or null, string given, called in /var/www/sistemaFood/app/Controllers/Admin/Usuarios.php on line 128
in APPPATH/Controllers/Admin/Usuarios.php on line 259.
 1 APPPATH/Controllers/Admin/Usuarios.php(128): App\Controllers\Admin\Usuarios->buscaUsuarioOu404()
 2 SYSTEMPATH/CodeIgniter.php(904): App\Controllers\Admin\Usuarios->editar()
 3 SYSTEMPATH/CodeIgniter.php(457): CodeIgniter\CodeIgniter->runController()
 4 SYSTEMPATH/CodeIgniter.php(340): CodeIgniter\CodeIgniter->handleRequest()
 5 FCPATH/index.php(67): CodeIgniter\CodeIgniter->run()
 6 SYSTEMPATH/Commands/Server/rewrite.php(43): require_once('FCPATH/index.php')
CRITICAL - 2022-10-04 14:16:15 --> Argument 1 passed to App\Controllers\Admin\Usuarios::buscaUsuarioOu404() must be of the type int or null, string given, called in /var/www/sistemaFood/app/Controllers/Admin/Usuarios.php on line 128
in APPPATH/Controllers/Admin/Usuarios.php on line 259.
 1 APPPATH/Controllers/Admin/Usuarios.php(128): App\Controllers\Admin\Usuarios->buscaUsuarioOu404()
 2 SYSTEMPATH/CodeIgniter.php(904): App\Controllers\Admin\Usuarios->editar()
 3 SYSTEMPATH/CodeIgniter.php(457): CodeIgniter\CodeIgniter->runController()
 4 SYSTEMPATH/CodeIgniter.php(340): CodeIgniter\CodeIgniter->handleRequest()
 5 FCPATH/index.php(67): CodeIgniter\CodeIgniter->run()
 6 SYSTEMPATH/Commands/Server/rewrite.php(43): require_once('FCPATH/index.php')
CRITICAL - 2022-10-04 14:16:15 --> Argument 1 passed to App\Controllers\Admin\Usuarios::buscaUsuarioOu404() must be of the type int or null, string given, called in /var/www/sistemaFood/app/Controllers/Admin/Usuarios.php on line 128
in APPPATH/Controllers/Admin/Usuarios.php on line 259.
 1 APPPATH/Controllers/Admin/Usuarios.php(128): App\Controllers\Admin\Usuarios->buscaUsuarioOu404()
 2 SYSTEMPATH/CodeIgniter.php(904): App\Controllers\Admin\Usuarios->editar()
 3 SYSTEMPATH/CodeIgniter.php(457): CodeIgniter\CodeIgniter->runController()
 4 SYSTEMPATH/CodeIgniter.php(340): CodeIgniter\CodeIgniter->handleRequest()
 5 FCPATH/index.php(67): CodeIgniter\CodeIgniter->run()
 6 SYSTEMPATH/Commands/Server/rewrite.php(43): require_once('FCPATH/index.php')
CRITICAL - 2022-10-04 14:16:15 --> Argument 1 passed to App\Controllers\Admin\Usuarios::buscaUsuarioOu404() must be of the type int or null, string given, called in /var/www/sistemaFood/app/Controllers/Admin/Usuarios.php on line 128
in APPPATH/Controllers/Admin/Usuarios.php on line 259.
 1 APPPATH/Controllers/Admin/Usuarios.php(128): App\Controllers\Admin\Usuarios->buscaUsuarioOu404()
 2 SYSTEMPATH/CodeIgniter.php(904): App\Controllers\Admin\Usuarios->editar()
 3 SYSTEMPATH/CodeIgniter.php(457): CodeIgniter\CodeIgniter->runController()
 4 SYSTEMPATH/CodeIgniter.php(340): CodeIgniter\CodeIgniter->handleRequest()
 5 FCPATH/index.php(67): CodeIgniter\CodeIgniter->run()
 6 SYSTEMPATH/Commands/Server/rewrite.php(43): require_once('FCPATH/index.php')
CRITICAL - 2022-10-04 14:16:19 --> Argument 1 passed to App\Controllers\Admin\Usuarios::buscaUsuarioOu404() must be of the type int or null, string given, called in /var/www/sistemaFood/app/Controllers/Admin/Usuarios.php on line 112
in APPPATH/Controllers/Admin/Usuarios.php on line 259.
 1 APPPATH/Controllers/Admin/Usuarios.php(112): App\Controllers\Admin\Usuarios->buscaUsuarioOu404()
 2 SYSTEMPATH/CodeIgniter.php(904): App\Controllers\Admin\Usuarios->show()
 3 SYSTEMPATH/CodeIgniter.php(457): CodeIgniter\CodeIgniter->runController()
 4 SYSTEMPATH/CodeIgniter.php(340): CodeIgniter\CodeIgniter->handleRequest()
 5 FCPATH/index.php(67): CodeIgniter\CodeIgniter->run()
 6 SYSTEMPATH/Commands/Server/rewrite.php(43): require_once('FCPATH/index.php')
CRITICAL - 2022-10-04 14:16:19 --> Argument 1 passed to App\Controllers\Admin\Usuarios::buscaUsuarioOu404() must be of the type int or null, string given, called in /var/www/sistemaFood/app/Controllers/Admin/Usuarios.php on line 112
in APPPATH/Controllers/Admin/Usuarios.php on line 259.
 1 APPPATH/Controllers/Admin/Usuarios.php(112): App\Controllers\Admin\Usuarios->buscaUsuarioOu404()
 2 SYSTEMPATH/CodeIgniter.php(904): App\Controllers\Admin\Usuarios->show()
 3 SYSTEMPATH/CodeIgniter.php(457): CodeIgniter\CodeIgniter->runController()
 4 SYSTEMPATH/CodeIgniter.php(340): CodeIgniter\CodeIgniter->handleRequest()
 5 FCPATH/index.php(67): CodeIgniter\CodeIgniter->run()
 6 SYSTEMPATH/Commands/Server/rewrite.php(43): require_once('FCPATH/index.php')
CRITICAL - 2022-10-04 14:16:19 --> Argument 1 passed to App\Controllers\Admin\Usuarios::buscaUsuarioOu404() must be of the type int or null, string given, called in /var/www/sistemaFood/app/Controllers/Admin/Usuarios.php on line 112
in APPPATH/Controllers/Admin/Usuarios.php on line 259.
 1 APPPATH/Controllers/Admin/Usuarios.php(112): App\Controllers\Admin\Usuarios->buscaUsuarioOu404()
 2 SYSTEMPATH/CodeIgniter.php(904): App\Controllers\Admin\Usuarios->show()
 3 SYSTEMPATH/CodeIgniter.php(457): CodeIgniter\CodeIgniter->runController()
 4 SYSTEMPATH/CodeIgniter.php(340): CodeIgniter\CodeIgniter->handleRequest()
 5 FCPATH/index.php(67): CodeIgniter\CodeIgniter->run()
 6 SYSTEMPATH/Commands/Server/rewrite.php(43): require_once('FCPATH/index.php')
CRITICAL - 2022-10-04 14:16:19 --> Argument 1 passed to App\Controllers\Admin\Usuarios::buscaUsuarioOu404() must be of the type int or null, string given, called in /var/www/sistemaFood/app/Controllers/Admin/Usuarios.php on line 112
in APPPATH/Controllers/Admin/Usuarios.php on line 259.
 1 APPPATH/Controllers/Admin/Usuarios.php(112): App\Controllers\Admin\Usuarios->buscaUsuarioOu404()
 2 SYSTEMPATH/CodeIgniter.php(904): App\Controllers\Admin\Usuarios->show()
 3 SYSTEMPATH/CodeIgniter.php(457): CodeIgniter\CodeIgniter->runController()
 4 SYSTEMPATH/CodeIgniter.php(340): CodeIgniter\CodeIgniter->handleRequest()
 5 FCPATH/index.php(67): CodeIgniter\CodeIgniter->run()
 6 SYSTEMPATH/Commands/Server/rewrite.php(43): require_once('FCPATH/index.php')
CRITICAL - 2022-10-04 14:16:19 --> Argument 1 passed to App\Controllers\Admin\Usuarios::buscaUsuarioOu404() must be of the type int or null, string given, called in /var/www/sistemaFood/app/Controllers/Admin/Usuarios.php on line 112
in APPPATH/Controllers/Admin/Usuarios.php on line 259.
 1 APPPATH/Controllers/Admin/Usuarios.php(112): App\Controllers\Admin\Usuarios->buscaUsuarioOu404()
 2 SYSTEMPATH/CodeIgniter.php(904): App\Controllers\Admin\Usuarios->show()
 3 SYSTEMPATH/CodeIgniter.php(457): CodeIgniter\CodeIgniter->runController()
 4 SYSTEMPATH/CodeIgniter.php(340): CodeIgniter\CodeIgniter->handleRequest()
 5 FCPATH/index.php(67): CodeIgniter\CodeIgniter->run()
 6 SYSTEMPATH/Commands/Server/rewrite.php(43): require_once('FCPATH/index.php')
CRITICAL - 2022-10-04 14:16:19 --> Argument 1 passed to App\Controllers\Admin\Usuarios::buscaUsuarioOu404() must be of the type int or null, string given, called in /var/www/sistemaFood/app/Controllers/Admin/Usuarios.php on line 112
in APPPATH/Controllers/Admin/Usuarios.php on line 259.
 1 APPPATH/Controllers/Admin/Usuarios.php(112): App\Controllers\Admin\Usuarios->buscaUsuarioOu404()
 2 SYSTEMPATH/CodeIgniter.php(904): App\Controllers\Admin\Usuarios->show()
 3 SYSTEMPATH/CodeIgniter.php(457): CodeIgniter\CodeIgniter->runController()
 4 SYSTEMPATH/CodeIgniter.php(340): CodeIgniter\CodeIgniter->handleRequest()
 5 FCPATH/index.php(67): CodeIgniter\CodeIgniter->run()
 6 SYSTEMPATH/Commands/Server/rewrite.php(43): require_once('FCPATH/index.php')
CRITICAL - 2022-10-04 14:16:20 --> Argument 1 passed to App\Controllers\Admin\Usuarios::buscaUsuarioOu404() must be of the type int or null, string given, called in /var/www/sistemaFood/app/Controllers/Admin/Usuarios.php on line 128
in APPPATH/Controllers/Admin/Usuarios.php on line 259.
 1 APPPATH/Controllers/Admin/Usuarios.php(128): App\Controllers\Admin\Usuarios->buscaUsuarioOu404()
 2 SYSTEMPATH/CodeIgniter.php(904): App\Controllers\Admin\Usuarios->editar()
 3 SYSTEMPATH/CodeIgniter.php(457): CodeIgniter\CodeIgniter->runController()
 4 SYSTEMPATH/CodeIgniter.php(340): CodeIgniter\CodeIgniter->handleRequest()
 5 FCPATH/index.php(67): CodeIgniter\CodeIgniter->run()
 6 SYSTEMPATH/Commands/Server/rewrite.php(43): require_once('FCPATH/index.php')
CRITICAL - 2022-10-04 14:16:20 --> Argument 1 passed to App\Controllers\Admin\Usuarios::buscaUsuarioOu404() must be of the type int or null, string given, called in /var/www/sistemaFood/app/Controllers/Admin/Usuarios.php on line 128
in APPPATH/Controllers/Admin/Usuarios.php on line 259.
 1 APPPATH/Controllers/Admin/Usuarios.php(128): App\Controllers\Admin\Usuarios->buscaUsuarioOu404()
 2 SYSTEMPATH/CodeIgniter.php(904): App\Controllers\Admin\Usuarios->editar()
 3 SYSTEMPATH/CodeIgniter.php(457): CodeIgniter\CodeIgniter->runController()
 4 SYSTEMPATH/CodeIgniter.php(340): CodeIgniter\CodeIgniter->handleRequest()
 5 FCPATH/index.php(67): CodeIgniter\CodeIgniter->run()
 6 SYSTEMPATH/Commands/Server/rewrite.php(43): require_once('FCPATH/index.php')
CRITICAL - 2022-10-04 14:16:20 --> Argument 1 passed to App\Controllers\Admin\Usuarios::buscaUsuarioOu404() must be of the type int or null, string given, called in /var/www/sistemaFood/app/Controllers/Admin/Usuarios.php on line 128
in APPPATH/Controllers/Admin/Usuarios.php on line 259.
 1 APPPATH/Controllers/Admin/Usuarios.php(128): App\Controllers\Admin\Usuarios->buscaUsuarioOu404()
 2 SYSTEMPATH/CodeIgniter.php(904): App\Controllers\Admin\Usuarios->editar()
 3 SYSTEMPATH/CodeIgniter.php(457): CodeIgniter\CodeIgniter->runController()
 4 SYSTEMPATH/CodeIgniter.php(340): CodeIgniter\CodeIgniter->handleRequest()
 5 FCPATH/index.php(67): CodeIgniter\CodeIgniter->run()
 6 SYSTEMPATH/Commands/Server/rewrite.php(43): require_once('FCPATH/index.php')
CRITICAL - 2022-10-04 14:16:20 --> Argument 1 passed to App\Controllers\Admin\Usuarios::buscaUsuarioOu404() must be of the type int or null, string given, called in /var/www/sistemaFood/app/Controllers/Admin/Usuarios.php on line 128
in APPPATH/Controllers/Admin/Usuarios.php on line 259.
 1 APPPATH/Controllers/Admin/Usuarios.php(128): App\Controllers\Admin\Usuarios->buscaUsuarioOu404()
 2 SYSTEMPATH/CodeIgniter.php(904): App\Controllers\Admin\Usuarios->editar()
 3 SYSTEMPATH/CodeIgniter.php(457): CodeIgniter\CodeIgniter->runController()
 4 SYSTEMPATH/CodeIgniter.php(340): CodeIgniter\CodeIgniter->handleRequest()
 5 FCPATH/index.php(67): CodeIgniter\CodeIgniter->run()
 6 SYSTEMPATH/Commands/Server/rewrite.php(43): require_once('FCPATH/index.php')
CRITICAL - 2022-10-04 14:16:20 --> Argument 1 passed to App\Controllers\Admin\Usuarios::buscaUsuarioOu404() must be of the type int or null, string given, called in /var/www/sistemaFood/app/Controllers/Admin/Usuarios.php on line 128
in APPPATH/Controllers/Admin/Usuarios.php on line 259.
 1 APPPATH/Controllers/Admin/Usuarios.php(128): App\Controllers\Admin\Usuarios->buscaUsuarioOu404()
 2 SYSTEMPATH/CodeIgniter.php(904): App\Controllers\Admin\Usuarios->editar()
 3 SYSTEMPATH/CodeIgniter.php(457): CodeIgniter\CodeIgniter->runController()
 4 SYSTEMPATH/CodeIgniter.php(340): CodeIgniter\CodeIgniter->handleRequest()
 5 FCPATH/index.php(67): CodeIgniter\CodeIgniter->run()
 6 SYSTEMPATH/Commands/Server/rewrite.php(43): require_once('FCPATH/index.php')
CRITICAL - 2022-10-04 14:16:20 --> Argument 1 passed to App\Controllers\Admin\Usuarios::buscaUsuarioOu404() must be of the type int or null, string given, called in /var/www/sistemaFood/app/Controllers/Admin/Usuarios.php on line 128
in APPPATH/Controllers/Admin/Usuarios.php on line 259.
 1 APPPATH/Controllers/Admin/Usuarios.php(128): App\Controllers\Admin\Usuarios->buscaUsuarioOu404()
 2 SYSTEMPATH/CodeIgniter.php(904): App\Controllers\Admin\Usuarios->editar()
 3 SYSTEMPATH/CodeIgniter.php(457): CodeIgniter\CodeIgniter->runController()
 4 SYSTEMPATH/CodeIgniter.php(340): CodeIgniter\CodeIgniter->handleRequest()
 5 FCPATH/index.php(67): CodeIgniter\CodeIgniter->run()
 6 SYSTEMPATH/Commands/Server/rewrite.php(43): require_once('FCPATH/index.php')
