ERROR - 2022-09-23 14:26:09 --> Error connecting to the database: mysqli_sql_exception: Access denied for user 'root'@'localhost' in /var/www/sistemaFood/system/Database/MySQLi/Connection.php:171
Stack trace:
#0 /var/www/sistemaFood/system/Database/MySQLi/Connection.php(171): mysqli->real_connect()
#1 /var/www/sistemaFood/system/Database/BaseConnection.php(382): CodeIgniter\Database\MySQLi\Connection->connect()
#2 /var/www/sistemaFood/system/Database/BaseConnection.php(588): CodeIgniter\Database\BaseConnection->initialize()
#3 /var/www/sistemaFood/system/Database/BaseBuilder.php(1585): CodeIgniter\Database\BaseConnection->query()
#4 /var/www/sistemaFood/system/Model.php(249): CodeIgniter\Database\BaseBuilder->get()
#5 /var/www/sistemaFood/system/BaseModel.php(622): CodeIgniter\Model->doFirst()
#6 /var/www/sistemaFood/app/Models/UsuarioModel.php(120): CodeIgniter\BaseModel->first()
#7 /var/www/sistemaFood/app/Libraries/Autenticacao.php(21): App\Models\UsuarioModel->buscaUsuarioPorEmail()
#8 /var/www/sistemaFood/app/Controllers/Login.php(31): App\Libraries\Autenticacao->login()
#9 /var/www/sistemaFood/system/CodeIgniter.php(904): App\Controllers\Login->criar()
#10 /var/www/sistemaFood/system/CodeIgniter.php(457): CodeIgniter\CodeIgniter->runController()
#11 /var/www/sistemaFood/system/CodeIgniter.php(340): CodeIgniter\CodeIgniter->handleRequest()
#12 /var/www/sistemaFood/public/index.php(67): CodeIgniter\CodeIgniter->run()
#13 /var/www/sistemaFood/system/Commands/Server/rewrite.php(43): require_once('/var/www/sistem...')
#14 {main}

Next CodeIgniter\Database\Exceptions\DatabaseException: Access denied for user '****'@'localhost' in /var/www/sistemaFood/system/Database/MySQLi/Connection.php:215
Stack trace:
#0 /var/www/sistemaFood/system/Database/BaseConnection.php(382): CodeIgniter\Database\MySQLi\Connection->connect()
#1 /var/www/sistemaFood/system/Database/BaseConnection.php(588): CodeIgniter\Database\BaseConnection->initialize()
#2 /var/www/sistemaFood/system/Database/BaseBuilder.php(1585): CodeIgniter\Database\BaseConnection->query()
#3 /var/www/sistemaFood/system/Model.php(249): CodeIgniter\Database\BaseBuilder->get()
#4 /var/www/sistemaFood/system/BaseModel.php(622): CodeIgniter\Model->doFirst()
#5 /var/www/sistemaFood/app/Models/UsuarioModel.php(120): CodeIgniter\BaseModel->first()
#6 /var/www/sistemaFood/app/Libraries/Autenticacao.php(21): App\Models\UsuarioModel->buscaUsuarioPorEmail()
#7 /var/www/sistemaFood/app/Controllers/Login.php(31): App\Libraries\Autenticacao->login()
#8 /var/www/sistemaFood/system/CodeIgniter.php(904): App\Controllers\Login->criar()
#9 /var/www/sistemaFood/system/CodeIgniter.php(457): CodeIgniter\CodeIgniter->runController()
#10 /var/www/sistemaFood/system/CodeIgniter.php(340): CodeIgniter\CodeIgniter->handleRequest()
#11 /var/www/sistemaFood/public/index.php(67): CodeIgniter\CodeIgniter->run()
#12 /var/www/sistemaFood/system/Commands/Server/rewrite.php(43): require_once('/var/www/sistem...')
#13 {main}
CRITICAL - 2022-09-23 14:26:09 --> Unable to connect to the database.
Main connection [MySQLi]: Access denied for user '****'@'localhost'
in SYSTEMPATH/Database/BaseConnection.php on line 418.
 1 SYSTEMPATH/Database/BaseConnection.php(588): CodeIgniter\Database\BaseConnection->initialize()
 2 SYSTEMPATH/Database/BaseBuilder.php(1585): CodeIgniter\Database\BaseConnection->query()
 3 SYSTEMPATH/Model.php(249): CodeIgniter\Database\BaseBuilder->get()
 4 SYSTEMPATH/BaseModel.php(622): CodeIgniter\Model->doFirst()
 5 APPPATH/Models/UsuarioModel.php(120): CodeIgniter\BaseModel->first()
 6 APPPATH/Libraries/Autenticacao.php(21): App\Models\UsuarioModel->buscaUsuarioPorEmail()
 7 APPPATH/Controllers/Login.php(31): App\Libraries\Autenticacao->login()
 8 SYSTEMPATH/CodeIgniter.php(904): App\Controllers\Login->criar()
 9 SYSTEMPATH/CodeIgniter.php(457): CodeIgniter\CodeIgniter->runController()
10 SYSTEMPATH/CodeIgniter.php(340): CodeIgniter\CodeIgniter->handleRequest()
11 FCPATH/index.php(67): CodeIgniter\CodeIgniter->run()
12 SYSTEMPATH/Commands/Server/rewrite.php(43): require_once('FCPATH/index.php')
