ERROR - 2022-10-26 00:13:11 --> mysqli_sql_exception: Invalid default value for 'abertura_hora' in C:\xampp\htdocs\sistemaFood\system\Database\MySQLi\Connection.php:292
Stack trace:
#0 C:\xampp\htdocs\sistemaFood\system\Database\MySQLi\Connection.php(292): mysqli->query('CREATE TABLE `e...', 0)
#1 C:\xampp\htdocs\sistemaFood\system\Database\BaseConnection.php(693): CodeIgniter\Database\MySQLi\Connection->execute('CREATE TABLE `e...')
#2 C:\xampp\htdocs\sistemaFood\system\Database\BaseConnection.php(620): CodeIgniter\Database\BaseConnection->simpleQuery('CREATE TABLE `e...')
#3 C:\xampp\htdocs\sistemaFood\system\Database\Forge.php(509): CodeIgniter\Database\BaseConnection->query('CREATE TABLE `e...')
#4 C:\xampp\htdocs\sistemaFood\app\Database\Migrations\2022-09-30-143958_CriaTabelaExpediente.php(53): CodeIgniter\Database\Forge->createTable('expediente')
#5 C:\xampp\htdocs\sistemaFood\system\Database\MigrationRunner.php(868): App\Database\Migrations\CriaTabelaExpediente->up()
#6 C:\xampp\htdocs\sistemaFood\system\Database\MigrationRunner.php(187): CodeIgniter\Database\MigrationRunner->migrate('up', Object(stdClass))
#7 C:\xampp\htdocs\sistemaFood\system\Commands\Database\Migrate.php(84): CodeIgniter\Database\MigrationRunner->latest(NULL)
#8 C:\xampp\htdocs\sistemaFood\system\CLI\Commands.php(63): CodeIgniter\Commands\Database\Migrate->run(Array)
#9 C:\xampp\htdocs\sistemaFood\system\CLI\CommandRunner.php(65): CodeIgniter\CLI\Commands->run('migrate', Array)
#10 C:\xampp\htdocs\sistemaFood\system\CLI\CommandRunner.php(51): CodeIgniter\CLI\CommandRunner->index(Array)
#11 C:\xampp\htdocs\sistemaFood\system\CodeIgniter.php(897): CodeIgniter\CLI\CommandRunner->_remap('index', Array)
#12 C:\xampp\htdocs\sistemaFood\system\CodeIgniter.php(457): CodeIgniter\CodeIgniter->runController(Object(CodeIgniter\CLI\CommandRunner))
#13 C:\xampp\htdocs\sistemaFood\system\CodeIgniter.php(336): CodeIgniter\CodeIgniter->handleRequest(NULL, Object(Config\Cache), false)
#14 C:\xampp\htdocs\sistemaFood\system\CLI\Console.php(48): CodeIgniter\CodeIgniter->run()
#15 C:\xampp\htdocs\sistemaFood\spark(98): CodeIgniter\CLI\Console->run()
#16 {main}
ERROR - 2022-10-26 00:19:52 --> mysqli_sql_exception: Invalid default value for 'abertura_hora' in C:\xampp\htdocs\sistemaFood\system\Database\MySQLi\Connection.php:292
Stack trace:
#0 C:\xampp\htdocs\sistemaFood\system\Database\MySQLi\Connection.php(292): mysqli->query('CREATE TABLE `e...', 0)
#1 C:\xampp\htdocs\sistemaFood\system\Database\BaseConnection.php(693): CodeIgniter\Database\MySQLi\Connection->execute('CREATE TABLE `e...')
#2 C:\xampp\htdocs\sistemaFood\system\Database\BaseConnection.php(620): CodeIgniter\Database\BaseConnection->simpleQuery('CREATE TABLE `e...')
#3 C:\xampp\htdocs\sistemaFood\system\Database\Forge.php(509): CodeIgniter\Database\BaseConnection->query('CREATE TABLE `e...')
#4 C:\xampp\htdocs\sistemaFood\app\Database\Migrations\2022-09-30-143958_CriaTabelaExpediente.php(53): CodeIgniter\Database\Forge->createTable('expediente')
#5 C:\xampp\htdocs\sistemaFood\system\Database\MigrationRunner.php(868): App\Database\Migrations\CriaTabelaExpediente->up()
#6 C:\xampp\htdocs\sistemaFood\system\Database\MigrationRunner.php(187): CodeIgniter\Database\MigrationRunner->migrate('up', Object(stdClass))
#7 C:\xampp\htdocs\sistemaFood\system\Commands\Database\Migrate.php(84): CodeIgniter\Database\MigrationRunner->latest(NULL)
#8 C:\xampp\htdocs\sistemaFood\system\CLI\Commands.php(63): CodeIgniter\Commands\Database\Migrate->run(Array)
#9 C:\xampp\htdocs\sistemaFood\system\CLI\CommandRunner.php(65): CodeIgniter\CLI\Commands->run('migrate', Array)
#10 C:\xampp\htdocs\sistemaFood\system\CLI\CommandRunner.php(51): CodeIgniter\CLI\CommandRunner->index(Array)
#11 C:\xampp\htdocs\sistemaFood\system\CodeIgniter.php(897): CodeIgniter\CLI\CommandRunner->_remap('index', Array)
#12 C:\xampp\htdocs\sistemaFood\system\CodeIgniter.php(457): CodeIgniter\CodeIgniter->runController(Object(CodeIgniter\CLI\CommandRunner))
#13 C:\xampp\htdocs\sistemaFood\system\CodeIgniter.php(336): CodeIgniter\CodeIgniter->handleRequest(NULL, Object(Config\Cache), false)
#14 C:\xampp\htdocs\sistemaFood\system\CLI\Console.php(48): CodeIgniter\CodeIgniter->run()
#15 C:\xampp\htdocs\sistemaFood\spark(98): CodeIgniter\CLI\Console->run()
#16 {main}
ERROR - 2022-10-26 00:20:54 --> mysqli_sql_exception: Invalid default value for 'abertura_hora' in C:\xampp\htdocs\sistemaFood\system\Database\MySQLi\Connection.php:292
Stack trace:
#0 C:\xampp\htdocs\sistemaFood\system\Database\MySQLi\Connection.php(292): mysqli->query('CREATE TABLE `e...', 0)
#1 C:\xampp\htdocs\sistemaFood\system\Database\BaseConnection.php(693): CodeIgniter\Database\MySQLi\Connection->execute('CREATE TABLE `e...')
#2 C:\xampp\htdocs\sistemaFood\system\Database\BaseConnection.php(620): CodeIgniter\Database\BaseConnection->simpleQuery('CREATE TABLE `e...')
#3 C:\xampp\htdocs\sistemaFood\system\Database\Forge.php(509): CodeIgniter\Database\BaseConnection->query('CREATE TABLE `e...')
#4 C:\xampp\htdocs\sistemaFood\app\Database\Migrations\2022-09-30-143958_CriaTabelaExpediente.php(53): CodeIgniter\Database\Forge->createTable('expediente')
#5 C:\xampp\htdocs\sistemaFood\system\Database\MigrationRunner.php(868): App\Database\Migrations\CriaTabelaExpediente->up()
#6 C:\xampp\htdocs\sistemaFood\system\Database\MigrationRunner.php(187): CodeIgniter\Database\MigrationRunner->migrate('up', Object(stdClass))
#7 C:\xampp\htdocs\sistemaFood\system\Commands\Database\Migrate.php(84): CodeIgniter\Database\MigrationRunner->latest(NULL)
#8 C:\xampp\htdocs\sistemaFood\system\CLI\Commands.php(63): CodeIgniter\Commands\Database\Migrate->run(Array)
#9 C:\xampp\htdocs\sistemaFood\system\CLI\CommandRunner.php(65): CodeIgniter\CLI\Commands->run('migrate', Array)
#10 C:\xampp\htdocs\sistemaFood\system\CLI\CommandRunner.php(51): CodeIgniter\CLI\CommandRunner->index(Array)
#11 C:\xampp\htdocs\sistemaFood\system\CodeIgniter.php(897): CodeIgniter\CLI\CommandRunner->_remap('index', Array)
#12 C:\xampp\htdocs\sistemaFood\system\CodeIgniter.php(457): CodeIgniter\CodeIgniter->runController(Object(CodeIgniter\CLI\CommandRunner))
#13 C:\xampp\htdocs\sistemaFood\system\CodeIgniter.php(336): CodeIgniter\CodeIgniter->handleRequest(NULL, Object(Config\Cache), false)
#14 C:\xampp\htdocs\sistemaFood\system\CLI\Console.php(48): CodeIgniter\CodeIgniter->run()
#15 C:\xampp\htdocs\sistemaFood\spark(98): CodeIgniter\CLI\Console->run()
#16 {main}
ERROR - 2022-10-26 00:21:15 --> mysqli_sql_exception: Invalid default value for 'abertura_hora' in C:\xampp\htdocs\sistemaFood\system\Database\MySQLi\Connection.php:292
Stack trace:
#0 C:\xampp\htdocs\sistemaFood\system\Database\MySQLi\Connection.php(292): mysqli->query('CREATE TABLE `e...', 0)
#1 C:\xampp\htdocs\sistemaFood\system\Database\BaseConnection.php(693): CodeIgniter\Database\MySQLi\Connection->execute('CREATE TABLE `e...')
#2 C:\xampp\htdocs\sistemaFood\system\Database\BaseConnection.php(620): CodeIgniter\Database\BaseConnection->simpleQuery('CREATE TABLE `e...')
#3 C:\xampp\htdocs\sistemaFood\system\Database\Forge.php(509): CodeIgniter\Database\BaseConnection->query('CREATE TABLE `e...')
#4 C:\xampp\htdocs\sistemaFood\app\Database\Migrations\2022-09-30-143958_CriaTabelaExpediente.php(53): CodeIgniter\Database\Forge->createTable('expediente')
#5 C:\xampp\htdocs\sistemaFood\system\Database\MigrationRunner.php(868): App\Database\Migrations\CriaTabelaExpediente->up()
#6 C:\xampp\htdocs\sistemaFood\system\Database\MigrationRunner.php(187): CodeIgniter\Database\MigrationRunner->migrate('up', Object(stdClass))
#7 C:\xampp\htdocs\sistemaFood\system\Commands\Database\Migrate.php(84): CodeIgniter\Database\MigrationRunner->latest(NULL)
#8 C:\xampp\htdocs\sistemaFood\system\CLI\Commands.php(63): CodeIgniter\Commands\Database\Migrate->run(Array)
#9 C:\xampp\htdocs\sistemaFood\system\CLI\CommandRunner.php(65): CodeIgniter\CLI\Commands->run('migrate', Array)
#10 C:\xampp\htdocs\sistemaFood\system\CLI\CommandRunner.php(51): CodeIgniter\CLI\CommandRunner->index(Array)
#11 C:\xampp\htdocs\sistemaFood\system\CodeIgniter.php(897): CodeIgniter\CLI\CommandRunner->_remap('index', Array)
#12 C:\xampp\htdocs\sistemaFood\system\CodeIgniter.php(457): CodeIgniter\CodeIgniter->runController(Object(CodeIgniter\CLI\CommandRunner))
#13 C:\xampp\htdocs\sistemaFood\system\CodeIgniter.php(336): CodeIgniter\CodeIgniter->handleRequest(NULL, Object(Config\Cache), false)
#14 C:\xampp\htdocs\sistemaFood\system\CLI\Console.php(48): CodeIgniter\CodeIgniter->run()
#15 C:\xampp\htdocs\sistemaFood\spark(98): CodeIgniter\CLI\Console->run()
#16 {main}
ERROR - 2022-10-26 00:21:44 --> mysqli_sql_exception: Invalid default value for 'abertura_horaa' in C:\xampp\htdocs\sistemaFood\system\Database\MySQLi\Connection.php:292
Stack trace:
#0 C:\xampp\htdocs\sistemaFood\system\Database\MySQLi\Connection.php(292): mysqli->query('CREATE TABLE `e...', 0)
#1 C:\xampp\htdocs\sistemaFood\system\Database\BaseConnection.php(693): CodeIgniter\Database\MySQLi\Connection->execute('CREATE TABLE `e...')
#2 C:\xampp\htdocs\sistemaFood\system\Database\BaseConnection.php(620): CodeIgniter\Database\BaseConnection->simpleQuery('CREATE TABLE `e...')
#3 C:\xampp\htdocs\sistemaFood\system\Database\Forge.php(509): CodeIgniter\Database\BaseConnection->query('CREATE TABLE `e...')
#4 C:\xampp\htdocs\sistemaFood\app\Database\Migrations\2022-09-30-143958_CriaTabelaExpediente.php(53): CodeIgniter\Database\Forge->createTable('expediente')
#5 C:\xampp\htdocs\sistemaFood\system\Database\MigrationRunner.php(868): App\Database\Migrations\CriaTabelaExpediente->up()
#6 C:\xampp\htdocs\sistemaFood\system\Database\MigrationRunner.php(187): CodeIgniter\Database\MigrationRunner->migrate('up', Object(stdClass))
#7 C:\xampp\htdocs\sistemaFood\system\Commands\Database\Migrate.php(84): CodeIgniter\Database\MigrationRunner->latest(NULL)
#8 C:\xampp\htdocs\sistemaFood\system\CLI\Commands.php(63): CodeIgniter\Commands\Database\Migrate->run(Array)
#9 C:\xampp\htdocs\sistemaFood\system\CLI\CommandRunner.php(65): CodeIgniter\CLI\Commands->run('migrate', Array)
#10 C:\xampp\htdocs\sistemaFood\system\CLI\CommandRunner.php(51): CodeIgniter\CLI\CommandRunner->index(Array)
#11 C:\xampp\htdocs\sistemaFood\system\CodeIgniter.php(897): CodeIgniter\CLI\CommandRunner->_remap('index', Array)
#12 C:\xampp\htdocs\sistemaFood\system\CodeIgniter.php(457): CodeIgniter\CodeIgniter->runController(Object(CodeIgniter\CLI\CommandRunner))
#13 C:\xampp\htdocs\sistemaFood\system\CodeIgniter.php(336): CodeIgniter\CodeIgniter->handleRequest(NULL, Object(Config\Cache), false)
#14 C:\xampp\htdocs\sistemaFood\system\CLI\Console.php(48): CodeIgniter\CodeIgniter->run()
#15 C:\xampp\htdocs\sistemaFood\spark(98): CodeIgniter\CLI\Console->run()
#16 {main}
ERROR - 2022-10-26 00:22:24 --> mysqli_sql_exception: Unknown table 'braseiro_nobre.bairros' in C:\xampp\htdocs\sistemaFood\system\Database\MySQLi\Connection.php:292
Stack trace:
#0 C:\xampp\htdocs\sistemaFood\system\Database\MySQLi\Connection.php(292): mysqli->query('DROP TABLE `bai...', 0)
#1 C:\xampp\htdocs\sistemaFood\system\Database\BaseConnection.php(693): CodeIgniter\Database\MySQLi\Connection->execute('DROP TABLE `bai...')
#2 C:\xampp\htdocs\sistemaFood\system\Database\BaseConnection.php(620): CodeIgniter\Database\BaseConnection->simpleQuery('DROP TABLE `bai...')
#3 C:\xampp\htdocs\sistemaFood\system\Database\Forge.php(600): CodeIgniter\Database\BaseConnection->query('DROP TABLE `bai...')
#4 C:\xampp\htdocs\sistemaFood\app\Database\Migrations\2022-09-28-190246_CriaTabelaBairros.php(78): CodeIgniter\Database\Forge->dropTable('bairros')
#5 C:\xampp\htdocs\sistemaFood\system\Database\MigrationRunner.php(868): App\Database\Migrations\CriaTabelaBairros->down()
#6 C:\xampp\htdocs\sistemaFood\system\Database\MigrationRunner.php(298): CodeIgniter\Database\MigrationRunner->migrate('down', Object(stdClass))
#7 C:\xampp\htdocs\sistemaFood\system\Commands\Database\MigrateRollback.php(92): CodeIgniter\Database\MigrationRunner->regress(0)
#8 C:\xampp\htdocs\sistemaFood\system\CLI\Commands.php(63): CodeIgniter\Commands\Database\MigrateRollback->run(Array)
#9 C:\xampp\htdocs\sistemaFood\system\CLI\BaseCommand.php(112): CodeIgniter\CLI\Commands->run('migrate:rollbac...', Array)
#10 C:\xampp\htdocs\sistemaFood\system\Commands\Database\MigrateRefresh.php(84): CodeIgniter\CLI\BaseCommand->call('migrate:rollbac...', Array)
#11 C:\xampp\htdocs\sistemaFood\system\CLI\Commands.php(63): CodeIgniter\Commands\Database\MigrateRefresh->run(Array)
#12 C:\xampp\htdocs\sistemaFood\system\CLI\CommandRunner.php(65): CodeIgniter\CLI\Commands->run('migrate:refresh', Array)
#13 C:\xampp\htdocs\sistemaFood\system\CLI\CommandRunner.php(51): CodeIgniter\CLI\CommandRunner->index(Array)
#14 C:\xampp\htdocs\sistemaFood\system\CodeIgniter.php(897): CodeIgniter\CLI\CommandRunner->_remap('index', Array)
#15 C:\xampp\htdocs\sistemaFood\system\CodeIgniter.php(457): CodeIgniter\CodeIgniter->runController(Object(CodeIgniter\CLI\CommandRunner))
#16 C:\xampp\htdocs\sistemaFood\system\CodeIgniter.php(336): CodeIgniter\CodeIgniter->handleRequest(NULL, Object(Config\Cache), false)
#17 C:\xampp\htdocs\sistemaFood\system\CLI\Console.php(48): CodeIgniter\CodeIgniter->run()
#18 C:\xampp\htdocs\sistemaFood\spark(98): CodeIgniter\CLI\Console->run()
#19 {main}
ERROR - 2022-10-26 10:47:37 --> Error connecting to the database: mysqli_sql_exception: Access denied for user 'root'@'localhost' (using password: NO) in /var/www/sistemaFood/system/Database/MySQLi/Connection.php:171
Stack trace:
#0 /var/www/sistemaFood/system/Database/MySQLi/Connection.php(171): mysqli->real_connect()
#1 /var/www/sistemaFood/system/Database/BaseConnection.php(382): CodeIgniter\Database\MySQLi\Connection->connect()
#2 /var/www/sistemaFood/system/Database/BaseConnection.php(588): CodeIgniter\Database\BaseConnection->initialize()
#3 /var/www/sistemaFood/system/Database/BaseBuilder.php(1585): CodeIgniter\Database\BaseConnection->query()
#4 /var/www/sistemaFood/system/Model.php(222): CodeIgniter\Database\BaseBuilder->get()
#5 /var/www/sistemaFood/system/BaseModel.php(584): CodeIgniter\Model->doFindAll()
#6 /var/www/sistemaFood/app/Models/CategoriaModel.php(91): CodeIgniter\BaseModel->findAll()
#7 /var/www/sistemaFood/app/Controllers/Home.php(24): App\Models\CategoriaModel->buscaCategoriasSiteHome()
#8 /var/www/sistemaFood/system/CodeIgniter.php(904): App\Controllers\Home->index()
#9 /var/www/sistemaFood/system/CodeIgniter.php(457): CodeIgniter\CodeIgniter->runController()
#10 /var/www/sistemaFood/system/CodeIgniter.php(340): CodeIgniter\CodeIgniter->handleRequest()
#11 /var/www/sistemaFood/public/index.php(67): CodeIgniter\CodeIgniter->run()
#12 /var/www/sistemaFood/system/Commands/Server/rewrite.php(43): require_once('/var/www/sistem...')
#13 {main}

Next CodeIgniter\Database\Exceptions\DatabaseException: Access denied for user '****'@'localhost' (using password: NO) in /var/www/sistemaFood/system/Database/MySQLi/Connection.php:215
Stack trace:
#0 /var/www/sistemaFood/system/Database/BaseConnection.php(382): CodeIgniter\Database\MySQLi\Connection->connect()
#1 /var/www/sistemaFood/system/Database/BaseConnection.php(588): CodeIgniter\Database\BaseConnection->initialize()
#2 /var/www/sistemaFood/system/Database/BaseBuilder.php(1585): CodeIgniter\Database\BaseConnection->query()
#3 /var/www/sistemaFood/system/Model.php(222): CodeIgniter\Database\BaseBuilder->get()
#4 /var/www/sistemaFood/system/BaseModel.php(584): CodeIgniter\Model->doFindAll()
#5 /var/www/sistemaFood/app/Models/CategoriaModel.php(91): CodeIgniter\BaseModel->findAll()
#6 /var/www/sistemaFood/app/Controllers/Home.php(24): App\Models\CategoriaModel->buscaCategoriasSiteHome()
#7 /var/www/sistemaFood/system/CodeIgniter.php(904): App\Controllers\Home->index()
#8 /var/www/sistemaFood/system/CodeIgniter.php(457): CodeIgniter\CodeIgniter->runController()
#9 /var/www/sistemaFood/system/CodeIgniter.php(340): CodeIgniter\CodeIgniter->handleRequest()
#10 /var/www/sistemaFood/public/index.php(67): CodeIgniter\CodeIgniter->run()
#11 /var/www/sistemaFood/system/Commands/Server/rewrite.php(43): require_once('/var/www/sistem...')
#12 {main}
CRITICAL - 2022-10-26 10:47:37 --> Unable to connect to the database.
Main connection [MySQLi]: Access denied for user '****'@'localhost' (using password: NO)
in SYSTEMPATH/Database/BaseConnection.php on line 418.
 1 SYSTEMPATH/Database/BaseConnection.php(588): CodeIgniter\Database\BaseConnection->initialize()
 2 SYSTEMPATH/Database/BaseBuilder.php(1585): CodeIgniter\Database\BaseConnection->query()
 3 SYSTEMPATH/Model.php(222): CodeIgniter\Database\BaseBuilder->get()
 4 SYSTEMPATH/BaseModel.php(584): CodeIgniter\Model->doFindAll()
 5 APPPATH/Models/CategoriaModel.php(91): CodeIgniter\BaseModel->findAll()
 6 APPPATH/Controllers/Home.php(24): App\Models\CategoriaModel->buscaCategoriasSiteHome()
 7 SYSTEMPATH/CodeIgniter.php(904): App\Controllers\Home->index()
 8 SYSTEMPATH/CodeIgniter.php(457): CodeIgniter\CodeIgniter->runController()
 9 SYSTEMPATH/CodeIgniter.php(340): CodeIgniter\CodeIgniter->handleRequest()
10 FCPATH/index.php(67): CodeIgniter\CodeIgniter->run()
11 SYSTEMPATH/Commands/Server/rewrite.php(43): require_once('FCPATH/index.php')
CRITICAL - 2022-10-26 14:03:59 --> Undefined variable: produto
in APPPATH/Views/Registrar/novo.php on line 31.
 1 APPPATH/Views/Registrar/novo.php(31): CodeIgniter\Debug\Exceptions->errorHandler()
 2 SYSTEMPATH/View/View.php(213): include('APPPATH/Views/Registrar/novo.php')
 3 SYSTEMPATH/View/View.php(216): CodeIgniter\View\View->CodeIgniter\View\{closure}()
 4 SYSTEMPATH/Common.php(1137): CodeIgniter\View\View->render()
 5 APPPATH/Controllers/Registrar.php(19): view()
 6 SYSTEMPATH/CodeIgniter.php(904): App\Controllers\Registrar->novo()
 7 SYSTEMPATH/CodeIgniter.php(457): CodeIgniter\CodeIgniter->runController()
 8 SYSTEMPATH/CodeIgniter.php(340): CodeIgniter\CodeIgniter->handleRequest()
 9 FCPATH/index.php(67): CodeIgniter\CodeIgniter->run()
10 SYSTEMPATH/Commands/Server/rewrite.php(43): require_once('FCPATH/index.php')
CRITICAL - 2022-10-26 14:05:09 --> Undefined variable: produto
in APPPATH/Views/Registrar/novo.php on line 31.
 1 APPPATH/Views/Registrar/novo.php(31): CodeIgniter\Debug\Exceptions->errorHandler()
 2 SYSTEMPATH/View/View.php(213): include('APPPATH/Views/Registrar/novo.php')
 3 SYSTEMPATH/View/View.php(216): CodeIgniter\View\View->CodeIgniter\View\{closure}()
 4 SYSTEMPATH/Common.php(1137): CodeIgniter\View\View->render()
 5 APPPATH/Controllers/Registrar.php(19): view()
 6 SYSTEMPATH/CodeIgniter.php(904): App\Controllers\Registrar->novo()
 7 SYSTEMPATH/CodeIgniter.php(457): CodeIgniter\CodeIgniter->runController()
 8 SYSTEMPATH/CodeIgniter.php(340): CodeIgniter\CodeIgniter->handleRequest()
 9 FCPATH/index.php(67): CodeIgniter\CodeIgniter->run()
10 SYSTEMPATH/Commands/Server/rewrite.php(43): require_once('FCPATH/index.php')
CRITICAL - 2022-10-26 14:05:10 --> Undefined variable: produto
in APPPATH/Views/Registrar/novo.php on line 31.
 1 APPPATH/Views/Registrar/novo.php(31): CodeIgniter\Debug\Exceptions->errorHandler()
 2 SYSTEMPATH/View/View.php(213): include('APPPATH/Views/Registrar/novo.php')
 3 SYSTEMPATH/View/View.php(216): CodeIgniter\View\View->CodeIgniter\View\{closure}()
 4 SYSTEMPATH/Common.php(1137): CodeIgniter\View\View->render()
 5 APPPATH/Controllers/Registrar.php(19): view()
 6 SYSTEMPATH/CodeIgniter.php(904): App\Controllers\Registrar->novo()
 7 SYSTEMPATH/CodeIgniter.php(457): CodeIgniter\CodeIgniter->runController()
 8 SYSTEMPATH/CodeIgniter.php(340): CodeIgniter\CodeIgniter->handleRequest()
 9 FCPATH/index.php(67): CodeIgniter\CodeIgniter->run()
10 SYSTEMPATH/Commands/Server/rewrite.php(43): require_once('FCPATH/index.php')
CRITICAL - 2022-10-26 14:34:48 --> Undefined variable: produto
in APPPATH/Views/Registrar/novo.php on line 33.
 1 APPPATH/Views/Registrar/novo.php(33): CodeIgniter\Debug\Exceptions->errorHandler()
 2 SYSTEMPATH/View/View.php(213): include('APPPATH/Views/Registrar/novo.php')
 3 SYSTEMPATH/View/View.php(216): CodeIgniter\View\View->CodeIgniter\View\{closure}()
 4 SYSTEMPATH/Common.php(1137): CodeIgniter\View\View->render()
 5 APPPATH/Controllers/Registrar.php(19): view()
 6 SYSTEMPATH/CodeIgniter.php(904): App\Controllers\Registrar->novo()
 7 SYSTEMPATH/CodeIgniter.php(457): CodeIgniter\CodeIgniter->runController()
 8 SYSTEMPATH/CodeIgniter.php(340): CodeIgniter\CodeIgniter->handleRequest()
 9 FCPATH/index.php(67): CodeIgniter\CodeIgniter->run()
10 SYSTEMPATH/Commands/Server/rewrite.php(43): require_once('FCPATH/index.php')
CRITICAL - 2022-10-26 14:53:37 --> Argument 1 passed to CodeIgniter\Model::__construct() must implement interface CodeIgniter\Database\ConnectionInterface or be null, array given, called in /var/www/sistemaFood/app/Controllers/Registrar.php on line 36
in SYSTEMPATH/Model.php on line 131.
 1 APPPATH/Controllers/Registrar.php(36): CodeIgniter\Model->__construct()
 2 SYSTEMPATH/CodeIgniter.php(904): App\Controllers\Registrar->criar()
 3 SYSTEMPATH/CodeIgniter.php(457): CodeIgniter\CodeIgniter->runController()
 4 SYSTEMPATH/CodeIgniter.php(340): CodeIgniter\CodeIgniter->handleRequest()
 5 FCPATH/index.php(67): CodeIgniter\CodeIgniter->run()
 6 SYSTEMPATH/Commands/Server/rewrite.php(43): require_once('FCPATH/index.php')
CRITICAL - 2022-10-26 15:14:16 --> Call to undefined method App\Entities\Usuario::iniciaAtivacao()
in APPPATH/Controllers/Registrar.php on line 44.
 1 SYSTEMPATH/CodeIgniter.php(904): App\Controllers\Registrar->criar()
 2 SYSTEMPATH/CodeIgniter.php(457): CodeIgniter\CodeIgniter->runController()
 3 SYSTEMPATH/CodeIgniter.php(340): CodeIgniter\CodeIgniter->handleRequest()
 4 FCPATH/index.php(67): CodeIgniter\CodeIgniter->run()
 5 SYSTEMPATH/Commands/Server/rewrite.php(43): require_once('FCPATH/index.php')
