CRITICAL - 2022-10-03 15:23:52 --> Argument 1 passed to App\Controllers\Admin\Produtos::buscaProdutoOu404() must be of the type int or null, string given, called in /var/www/sistemaFood/app/Controllers/Admin/Produtos.php on line 85
in APPPATH/Controllers/Admin/Produtos.php on line 570.
 1 APPPATH/Controllers/Admin/Produtos.php(85): App\Controllers\Admin\Produtos->buscaProdutoOu404()
 2 SYSTEMPATH/CodeIgniter.php(904): App\Controllers\Admin\Produtos->show()
 3 SYSTEMPATH/CodeIgniter.php(457): CodeIgniter\CodeIgniter->runController()
 4 SYSTEMPATH/CodeIgniter.php(340): CodeIgniter\CodeIgniter->handleRequest()
 5 FCPATH/index.php(67): CodeIgniter\CodeIgniter->run()
 6 SYSTEMPATH/Commands/Server/rewrite.php(43): require_once('FCPATH/index.php')
CRITICAL - 2022-10-03 15:23:52 --> Argument 1 passed to App\Controllers\Admin\Produtos::buscaProdutoOu404() must be of the type int or null, string given, called in /var/www/sistemaFood/app/Controllers/Admin/Produtos.php on line 85
in APPPATH/Controllers/Admin/Produtos.php on line 570.
 1 APPPATH/Controllers/Admin/Produtos.php(85): App\Controllers\Admin\Produtos->buscaProdutoOu404()
 2 SYSTEMPATH/CodeIgniter.php(904): App\Controllers\Admin\Produtos->show()
 3 SYSTEMPATH/CodeIgniter.php(457): CodeIgniter\CodeIgniter->runController()
 4 SYSTEMPATH/CodeIgniter.php(340): CodeIgniter\CodeIgniter->handleRequest()
 5 FCPATH/index.php(67): CodeIgniter\CodeIgniter->run()
 6 SYSTEMPATH/Commands/Server/rewrite.php(43): require_once('FCPATH/index.php')
CRITICAL - 2022-10-03 15:23:52 --> Argument 1 passed to App\Controllers\Admin\Produtos::buscaProdutoOu404() must be of the type int or null, string given, called in /var/www/sistemaFood/app/Controllers/Admin/Produtos.php on line 85
in APPPATH/Controllers/Admin/Produtos.php on line 570.
 1 APPPATH/Controllers/Admin/Produtos.php(85): App\Controllers\Admin\Produtos->buscaProdutoOu404()
 2 SYSTEMPATH/CodeIgniter.php(904): App\Controllers\Admin\Produtos->show()
 3 SYSTEMPATH/CodeIgniter.php(457): CodeIgniter\CodeIgniter->runController()
 4 SYSTEMPATH/CodeIgniter.php(340): CodeIgniter\CodeIgniter->handleRequest()
 5 FCPATH/index.php(67): CodeIgniter\CodeIgniter->run()
 6 SYSTEMPATH/Commands/Server/rewrite.php(43): require_once('FCPATH/index.php')
CRITICAL - 2022-10-03 15:23:52 --> Argument 1 passed to App\Controllers\Admin\Produtos::buscaProdutoOu404() must be of the type int or null, string given, called in /var/www/sistemaFood/app/Controllers/Admin/Produtos.php on line 85
in APPPATH/Controllers/Admin/Produtos.php on line 570.
 1 APPPATH/Controllers/Admin/Produtos.php(85): App\Controllers\Admin\Produtos->buscaProdutoOu404()
 2 SYSTEMPATH/CodeIgniter.php(904): App\Controllers\Admin\Produtos->show()
 3 SYSTEMPATH/CodeIgniter.php(457): CodeIgniter\CodeIgniter->runController()
 4 SYSTEMPATH/CodeIgniter.php(340): CodeIgniter\CodeIgniter->handleRequest()
 5 FCPATH/index.php(67): CodeIgniter\CodeIgniter->run()
 6 SYSTEMPATH/Commands/Server/rewrite.php(43): require_once('FCPATH/index.php')
CRITICAL - 2022-10-03 15:23:52 --> Argument 1 passed to App\Controllers\Admin\Produtos::buscaProdutoOu404() must be of the type int or null, string given, called in /var/www/sistemaFood/app/Controllers/Admin/Produtos.php on line 85
in APPPATH/Controllers/Admin/Produtos.php on line 570.
 1 APPPATH/Controllers/Admin/Produtos.php(85): App\Controllers\Admin\Produtos->buscaProdutoOu404()
 2 SYSTEMPATH/CodeIgniter.php(904): App\Controllers\Admin\Produtos->show()
 3 SYSTEMPATH/CodeIgniter.php(457): CodeIgniter\CodeIgniter->runController()
 4 SYSTEMPATH/CodeIgniter.php(340): CodeIgniter\CodeIgniter->handleRequest()
 5 FCPATH/index.php(67): CodeIgniter\CodeIgniter->run()
 6 SYSTEMPATH/Commands/Server/rewrite.php(43): require_once('FCPATH/index.php')
CRITICAL - 2022-10-03 15:23:52 --> Argument 1 passed to App\Controllers\Admin\Produtos::buscaProdutoOu404() must be of the type int or null, string given, called in /var/www/sistemaFood/app/Controllers/Admin/Produtos.php on line 85
in APPPATH/Controllers/Admin/Produtos.php on line 570.
 1 APPPATH/Controllers/Admin/Produtos.php(85): App\Controllers\Admin\Produtos->buscaProdutoOu404()
 2 SYSTEMPATH/CodeIgniter.php(904): App\Controllers\Admin\Produtos->show()
 3 SYSTEMPATH/CodeIgniter.php(457): CodeIgniter\CodeIgniter->runController()
 4 SYSTEMPATH/CodeIgniter.php(340): CodeIgniter\CodeIgniter->handleRequest()
 5 FCPATH/index.php(67): CodeIgniter\CodeIgniter->run()
 6 SYSTEMPATH/Commands/Server/rewrite.php(43): require_once('FCPATH/index.php')
CRITICAL - 2022-10-03 15:42:55 --> Argument 1 passed to App\Controllers\Admin\Produtos::buscaProdutoOu404() must be of the type int or null, string given, called in /var/www/sistemaFood/app/Controllers/Admin/Produtos.php on line 85
in APPPATH/Controllers/Admin/Produtos.php on line 570.
 1 APPPATH/Controllers/Admin/Produtos.php(85): App\Controllers\Admin\Produtos->buscaProdutoOu404()
 2 SYSTEMPATH/CodeIgniter.php(904): App\Controllers\Admin\Produtos->show()
 3 SYSTEMPATH/CodeIgniter.php(457): CodeIgniter\CodeIgniter->runController()
 4 SYSTEMPATH/CodeIgniter.php(340): CodeIgniter\CodeIgniter->handleRequest()
 5 FCPATH/index.php(67): CodeIgniter\CodeIgniter->run()
 6 SYSTEMPATH/Commands/Server/rewrite.php(43): require_once('FCPATH/index.php')
CRITICAL - 2022-10-03 15:42:55 --> Argument 1 passed to App\Controllers\Admin\Produtos::buscaProdutoOu404() must be of the type int or null, string given, called in /var/www/sistemaFood/app/Controllers/Admin/Produtos.php on line 85
in APPPATH/Controllers/Admin/Produtos.php on line 570.
 1 APPPATH/Controllers/Admin/Produtos.php(85): App\Controllers\Admin\Produtos->buscaProdutoOu404()
 2 SYSTEMPATH/CodeIgniter.php(904): App\Controllers\Admin\Produtos->show()
 3 SYSTEMPATH/CodeIgniter.php(457): CodeIgniter\CodeIgniter->runController()
 4 SYSTEMPATH/CodeIgniter.php(340): CodeIgniter\CodeIgniter->handleRequest()
 5 FCPATH/index.php(67): CodeIgniter\CodeIgniter->run()
 6 SYSTEMPATH/Commands/Server/rewrite.php(43): require_once('FCPATH/index.php')
CRITICAL - 2022-10-03 15:42:55 --> Argument 1 passed to App\Controllers\Admin\Produtos::buscaProdutoOu404() must be of the type int or null, string given, called in /var/www/sistemaFood/app/Controllers/Admin/Produtos.php on line 85
in APPPATH/Controllers/Admin/Produtos.php on line 570.
 1 APPPATH/Controllers/Admin/Produtos.php(85): App\Controllers\Admin\Produtos->buscaProdutoOu404()
 2 SYSTEMPATH/CodeIgniter.php(904): App\Controllers\Admin\Produtos->show()
 3 SYSTEMPATH/CodeIgniter.php(457): CodeIgniter\CodeIgniter->runController()
 4 SYSTEMPATH/CodeIgniter.php(340): CodeIgniter\CodeIgniter->handleRequest()
 5 FCPATH/index.php(67): CodeIgniter\CodeIgniter->run()
 6 SYSTEMPATH/Commands/Server/rewrite.php(43): require_once('FCPATH/index.php')
CRITICAL - 2022-10-03 15:42:55 --> Argument 1 passed to App\Controllers\Admin\Produtos::buscaProdutoOu404() must be of the type int or null, string given, called in /var/www/sistemaFood/app/Controllers/Admin/Produtos.php on line 85
in APPPATH/Controllers/Admin/Produtos.php on line 570.
 1 APPPATH/Controllers/Admin/Produtos.php(85): App\Controllers\Admin\Produtos->buscaProdutoOu404()
 2 SYSTEMPATH/CodeIgniter.php(904): App\Controllers\Admin\Produtos->show()
 3 SYSTEMPATH/CodeIgniter.php(457): CodeIgniter\CodeIgniter->runController()
 4 SYSTEMPATH/CodeIgniter.php(340): CodeIgniter\CodeIgniter->handleRequest()
 5 FCPATH/index.php(67): CodeIgniter\CodeIgniter->run()
 6 SYSTEMPATH/Commands/Server/rewrite.php(43): require_once('FCPATH/index.php')
CRITICAL - 2022-10-03 15:42:55 --> Argument 1 passed to App\Controllers\Admin\Produtos::buscaProdutoOu404() must be of the type int or null, string given, called in /var/www/sistemaFood/app/Controllers/Admin/Produtos.php on line 85
in APPPATH/Controllers/Admin/Produtos.php on line 570.
 1 APPPATH/Controllers/Admin/Produtos.php(85): App\Controllers\Admin\Produtos->buscaProdutoOu404()
 2 SYSTEMPATH/CodeIgniter.php(904): App\Controllers\Admin\Produtos->show()
 3 SYSTEMPATH/CodeIgniter.php(457): CodeIgniter\CodeIgniter->runController()
 4 SYSTEMPATH/CodeIgniter.php(340): CodeIgniter\CodeIgniter->handleRequest()
 5 FCPATH/index.php(67): CodeIgniter\CodeIgniter->run()
 6 SYSTEMPATH/Commands/Server/rewrite.php(43): require_once('FCPATH/index.php')
CRITICAL - 2022-10-03 15:42:55 --> Argument 1 passed to App\Controllers\Admin\Produtos::buscaProdutoOu404() must be of the type int or null, string given, called in /var/www/sistemaFood/app/Controllers/Admin/Produtos.php on line 85
in APPPATH/Controllers/Admin/Produtos.php on line 570.
 1 APPPATH/Controllers/Admin/Produtos.php(85): App\Controllers\Admin\Produtos->buscaProdutoOu404()
 2 SYSTEMPATH/CodeIgniter.php(904): App\Controllers\Admin\Produtos->show()
 3 SYSTEMPATH/CodeIgniter.php(457): CodeIgniter\CodeIgniter->runController()
 4 SYSTEMPATH/CodeIgniter.php(340): CodeIgniter\CodeIgniter->handleRequest()
 5 FCPATH/index.php(67): CodeIgniter\CodeIgniter->run()
 6 SYSTEMPATH/Commands/Server/rewrite.php(43): require_once('FCPATH/index.php')
CRITICAL - 2022-10-03 15:43:08 --> Argument 1 passed to App\Controllers\Admin\Produtos::buscaProdutoOu404() must be of the type int or null, string given, called in /var/www/sistemaFood/app/Controllers/Admin/Produtos.php on line 85
in APPPATH/Controllers/Admin/Produtos.php on line 570.
 1 APPPATH/Controllers/Admin/Produtos.php(85): App\Controllers\Admin\Produtos->buscaProdutoOu404()
 2 SYSTEMPATH/CodeIgniter.php(904): App\Controllers\Admin\Produtos->show()
 3 SYSTEMPATH/CodeIgniter.php(457): CodeIgniter\CodeIgniter->runController()
 4 SYSTEMPATH/CodeIgniter.php(340): CodeIgniter\CodeIgniter->handleRequest()
 5 FCPATH/index.php(67): CodeIgniter\CodeIgniter->run()
 6 SYSTEMPATH/Commands/Server/rewrite.php(43): require_once('FCPATH/index.php')
CRITICAL - 2022-10-03 15:43:08 --> Argument 1 passed to App\Controllers\Admin\Produtos::buscaProdutoOu404() must be of the type int or null, string given, called in /var/www/sistemaFood/app/Controllers/Admin/Produtos.php on line 85
in APPPATH/Controllers/Admin/Produtos.php on line 570.
 1 APPPATH/Controllers/Admin/Produtos.php(85): App\Controllers\Admin\Produtos->buscaProdutoOu404()
 2 SYSTEMPATH/CodeIgniter.php(904): App\Controllers\Admin\Produtos->show()
 3 SYSTEMPATH/CodeIgniter.php(457): CodeIgniter\CodeIgniter->runController()
 4 SYSTEMPATH/CodeIgniter.php(340): CodeIgniter\CodeIgniter->handleRequest()
 5 FCPATH/index.php(67): CodeIgniter\CodeIgniter->run()
 6 SYSTEMPATH/Commands/Server/rewrite.php(43): require_once('FCPATH/index.php')
CRITICAL - 2022-10-03 15:43:08 --> Argument 1 passed to App\Controllers\Admin\Produtos::buscaProdutoOu404() must be of the type int or null, string given, called in /var/www/sistemaFood/app/Controllers/Admin/Produtos.php on line 85
in APPPATH/Controllers/Admin/Produtos.php on line 570.
 1 APPPATH/Controllers/Admin/Produtos.php(85): App\Controllers\Admin\Produtos->buscaProdutoOu404()
 2 SYSTEMPATH/CodeIgniter.php(904): App\Controllers\Admin\Produtos->show()
 3 SYSTEMPATH/CodeIgniter.php(457): CodeIgniter\CodeIgniter->runController()
 4 SYSTEMPATH/CodeIgniter.php(340): CodeIgniter\CodeIgniter->handleRequest()
 5 FCPATH/index.php(67): CodeIgniter\CodeIgniter->run()
 6 SYSTEMPATH/Commands/Server/rewrite.php(43): require_once('FCPATH/index.php')
CRITICAL - 2022-10-03 15:43:08 --> Argument 1 passed to App\Controllers\Admin\Produtos::buscaProdutoOu404() must be of the type int or null, string given, called in /var/www/sistemaFood/app/Controllers/Admin/Produtos.php on line 85
in APPPATH/Controllers/Admin/Produtos.php on line 570.
 1 APPPATH/Controllers/Admin/Produtos.php(85): App\Controllers\Admin\Produtos->buscaProdutoOu404()
 2 SYSTEMPATH/CodeIgniter.php(904): App\Controllers\Admin\Produtos->show()
 3 SYSTEMPATH/CodeIgniter.php(457): CodeIgniter\CodeIgniter->runController()
 4 SYSTEMPATH/CodeIgniter.php(340): CodeIgniter\CodeIgniter->handleRequest()
 5 FCPATH/index.php(67): CodeIgniter\CodeIgniter->run()
 6 SYSTEMPATH/Commands/Server/rewrite.php(43): require_once('FCPATH/index.php')
CRITICAL - 2022-10-03 15:43:08 --> Argument 1 passed to App\Controllers\Admin\Produtos::buscaProdutoOu404() must be of the type int or null, string given, called in /var/www/sistemaFood/app/Controllers/Admin/Produtos.php on line 85
in APPPATH/Controllers/Admin/Produtos.php on line 570.
 1 APPPATH/Controllers/Admin/Produtos.php(85): App\Controllers\Admin\Produtos->buscaProdutoOu404()
 2 SYSTEMPATH/CodeIgniter.php(904): App\Controllers\Admin\Produtos->show()
 3 SYSTEMPATH/CodeIgniter.php(457): CodeIgniter\CodeIgniter->runController()
 4 SYSTEMPATH/CodeIgniter.php(340): CodeIgniter\CodeIgniter->handleRequest()
 5 FCPATH/index.php(67): CodeIgniter\CodeIgniter->run()
 6 SYSTEMPATH/Commands/Server/rewrite.php(43): require_once('FCPATH/index.php')
CRITICAL - 2022-10-03 15:43:08 --> Argument 1 passed to App\Controllers\Admin\Produtos::buscaProdutoOu404() must be of the type int or null, string given, called in /var/www/sistemaFood/app/Controllers/Admin/Produtos.php on line 85
in APPPATH/Controllers/Admin/Produtos.php on line 570.
 1 APPPATH/Controllers/Admin/Produtos.php(85): App\Controllers\Admin\Produtos->buscaProdutoOu404()
 2 SYSTEMPATH/CodeIgniter.php(904): App\Controllers\Admin\Produtos->show()
 3 SYSTEMPATH/CodeIgniter.php(457): CodeIgniter\CodeIgniter->runController()
 4 SYSTEMPATH/CodeIgniter.php(340): CodeIgniter\CodeIgniter->handleRequest()
 5 FCPATH/index.php(67): CodeIgniter\CodeIgniter->run()
 6 SYSTEMPATH/Commands/Server/rewrite.php(43): require_once('FCPATH/index.php')
CRITICAL - 2022-10-03 15:47:33 --> Undefined variable: prouto
in APPPATH/Views/Home/index.php on line 78.
 1 APPPATH/Views/Home/index.php(78): CodeIgniter\Debug\Exceptions->errorHandler()
 2 SYSTEMPATH/View/View.php(213): include('APPPATH/Views/Home/index.php')
 3 SYSTEMPATH/View/View.php(216): CodeIgniter\View\View->CodeIgniter\View\{closure}()
 4 SYSTEMPATH/Common.php(1137): CodeIgniter\View\View->render()
 5 APPPATH/Controllers/Home.php(28): view()
 6 SYSTEMPATH/CodeIgniter.php(904): App\Controllers\Home->index()
 7 SYSTEMPATH/CodeIgniter.php(457): CodeIgniter\CodeIgniter->runController()
 8 SYSTEMPATH/CodeIgniter.php(340): CodeIgniter\CodeIgniter->handleRequest()
 9 FCPATH/index.php(67): CodeIgniter\CodeIgniter->run()
10 SYSTEMPATH/Commands/Server/rewrite.php(43): require_once('FCPATH/index.php')
CRITICAL - 2022-10-03 15:51:11 --> Argument 1 passed to word_limiter() must be of the type string, null given, called in /var/www/sistemaFood/app/Views/Home/index.php on line 79
in SYSTEMPATH/Helpers/text_helper.php on line 24.
 1 APPPATH/Views/Home/index.php(79): word_limiter()
 2 SYSTEMPATH/View/View.php(213): include('APPPATH/Views/Home/index.php')
 3 SYSTEMPATH/View/View.php(216): CodeIgniter\View\View->CodeIgniter\View\{closure}()
 4 SYSTEMPATH/Common.php(1137): CodeIgniter\View\View->render()
 5 APPPATH/Controllers/Home.php(28): view()
 6 SYSTEMPATH/CodeIgniter.php(904): App\Controllers\Home->index()
 7 SYSTEMPATH/CodeIgniter.php(457): CodeIgniter\CodeIgniter->runController()
 8 SYSTEMPATH/CodeIgniter.php(340): CodeIgniter\CodeIgniter->handleRequest()
 9 FCPATH/index.php(67): CodeIgniter\CodeIgniter->run()
10 SYSTEMPATH/Commands/Server/rewrite.php(43): require_once('FCPATH/index.php')
CRITICAL - 2022-10-03 15:51:20 --> Argument 1 passed to word_limiter() must be of the type string, null given, called in /var/www/sistemaFood/app/Views/Home/index.php on line 79
in SYSTEMPATH/Helpers/text_helper.php on line 24.
 1 APPPATH/Views/Home/index.php(79): word_limiter()
 2 SYSTEMPATH/View/View.php(213): include('APPPATH/Views/Home/index.php')
 3 SYSTEMPATH/View/View.php(216): CodeIgniter\View\View->CodeIgniter\View\{closure}()
 4 SYSTEMPATH/Common.php(1137): CodeIgniter\View\View->render()
 5 APPPATH/Controllers/Home.php(28): view()
 6 SYSTEMPATH/CodeIgniter.php(904): App\Controllers\Home->index()
 7 SYSTEMPATH/CodeIgniter.php(457): CodeIgniter\CodeIgniter->runController()
 8 SYSTEMPATH/CodeIgniter.php(340): CodeIgniter\CodeIgniter->handleRequest()
 9 FCPATH/index.php(67): CodeIgniter\CodeIgniter->run()
10 SYSTEMPATH/Commands/Server/rewrite.php(43): require_once('FCPATH/index.php')
CRITICAL - 2022-10-03 16:03:00 --> Argument 1 passed to App\Controllers\Admin\Produtos::buscaProdutoOu404() must be of the type int or null, string given, called in /var/www/sistemaFood/app/Controllers/Admin/Produtos.php on line 85
in APPPATH/Controllers/Admin/Produtos.php on line 570.
 1 APPPATH/Controllers/Admin/Produtos.php(85): App\Controllers\Admin\Produtos->buscaProdutoOu404()
 2 SYSTEMPATH/CodeIgniter.php(904): App\Controllers\Admin\Produtos->show()
 3 SYSTEMPATH/CodeIgniter.php(457): CodeIgniter\CodeIgniter->runController()
 4 SYSTEMPATH/CodeIgniter.php(340): CodeIgniter\CodeIgniter->handleRequest()
 5 FCPATH/index.php(67): CodeIgniter\CodeIgniter->run()
 6 SYSTEMPATH/Commands/Server/rewrite.php(43): require_once('FCPATH/index.php')
CRITICAL - 2022-10-03 16:03:00 --> Argument 1 passed to App\Controllers\Admin\Produtos::buscaProdutoOu404() must be of the type int or null, string given, called in /var/www/sistemaFood/app/Controllers/Admin/Produtos.php on line 85
in APPPATH/Controllers/Admin/Produtos.php on line 570.
 1 APPPATH/Controllers/Admin/Produtos.php(85): App\Controllers\Admin\Produtos->buscaProdutoOu404()
 2 SYSTEMPATH/CodeIgniter.php(904): App\Controllers\Admin\Produtos->show()
 3 SYSTEMPATH/CodeIgniter.php(457): CodeIgniter\CodeIgniter->runController()
 4 SYSTEMPATH/CodeIgniter.php(340): CodeIgniter\CodeIgniter->handleRequest()
 5 FCPATH/index.php(67): CodeIgniter\CodeIgniter->run()
 6 SYSTEMPATH/Commands/Server/rewrite.php(43): require_once('FCPATH/index.php')
CRITICAL - 2022-10-03 16:03:00 --> Argument 1 passed to App\Controllers\Admin\Produtos::buscaProdutoOu404() must be of the type int or null, string given, called in /var/www/sistemaFood/app/Controllers/Admin/Produtos.php on line 85
in APPPATH/Controllers/Admin/Produtos.php on line 570.
 1 APPPATH/Controllers/Admin/Produtos.php(85): App\Controllers\Admin\Produtos->buscaProdutoOu404()
 2 SYSTEMPATH/CodeIgniter.php(904): App\Controllers\Admin\Produtos->show()
 3 SYSTEMPATH/CodeIgniter.php(457): CodeIgniter\CodeIgniter->runController()
 4 SYSTEMPATH/CodeIgniter.php(340): CodeIgniter\CodeIgniter->handleRequest()
 5 FCPATH/index.php(67): CodeIgniter\CodeIgniter->run()
 6 SYSTEMPATH/Commands/Server/rewrite.php(43): require_once('FCPATH/index.php')
CRITICAL - 2022-10-03 16:03:00 --> Argument 1 passed to App\Controllers\Admin\Produtos::buscaProdutoOu404() must be of the type int or null, string given, called in /var/www/sistemaFood/app/Controllers/Admin/Produtos.php on line 85
in APPPATH/Controllers/Admin/Produtos.php on line 570.
 1 APPPATH/Controllers/Admin/Produtos.php(85): App\Controllers\Admin\Produtos->buscaProdutoOu404()
 2 SYSTEMPATH/CodeIgniter.php(904): App\Controllers\Admin\Produtos->show()
 3 SYSTEMPATH/CodeIgniter.php(457): CodeIgniter\CodeIgniter->runController()
 4 SYSTEMPATH/CodeIgniter.php(340): CodeIgniter\CodeIgniter->handleRequest()
 5 FCPATH/index.php(67): CodeIgniter\CodeIgniter->run()
 6 SYSTEMPATH/Commands/Server/rewrite.php(43): require_once('FCPATH/index.php')
CRITICAL - 2022-10-03 16:03:00 --> Argument 1 passed to App\Controllers\Admin\Produtos::buscaProdutoOu404() must be of the type int or null, string given, called in /var/www/sistemaFood/app/Controllers/Admin/Produtos.php on line 85
in APPPATH/Controllers/Admin/Produtos.php on line 570.
 1 APPPATH/Controllers/Admin/Produtos.php(85): App\Controllers\Admin\Produtos->buscaProdutoOu404()
 2 SYSTEMPATH/CodeIgniter.php(904): App\Controllers\Admin\Produtos->show()
 3 SYSTEMPATH/CodeIgniter.php(457): CodeIgniter\CodeIgniter->runController()
 4 SYSTEMPATH/CodeIgniter.php(340): CodeIgniter\CodeIgniter->handleRequest()
 5 FCPATH/index.php(67): CodeIgniter\CodeIgniter->run()
 6 SYSTEMPATH/Commands/Server/rewrite.php(43): require_once('FCPATH/index.php')
CRITICAL - 2022-10-03 16:03:00 --> Argument 1 passed to App\Controllers\Admin\Produtos::buscaProdutoOu404() must be of the type int or null, string given, called in /var/www/sistemaFood/app/Controllers/Admin/Produtos.php on line 85
in APPPATH/Controllers/Admin/Produtos.php on line 570.
 1 APPPATH/Controllers/Admin/Produtos.php(85): App\Controllers\Admin\Produtos->buscaProdutoOu404()
 2 SYSTEMPATH/CodeIgniter.php(904): App\Controllers\Admin\Produtos->show()
 3 SYSTEMPATH/CodeIgniter.php(457): CodeIgniter\CodeIgniter->runController()
 4 SYSTEMPATH/CodeIgniter.php(340): CodeIgniter\CodeIgniter->handleRequest()
 5 FCPATH/index.php(67): CodeIgniter\CodeIgniter->run()
 6 SYSTEMPATH/Commands/Server/rewrite.php(43): require_once('FCPATH/index.php')
CRITICAL - 2022-10-03 16:34:58 --> Argument 1 passed to App\Controllers\Admin\Produtos::buscaProdutoOu404() must be of the type int or null, string given, called in /var/www/sistemaFood/app/Controllers/Admin/Produtos.php on line 85
in APPPATH/Controllers/Admin/Produtos.php on line 570.
 1 APPPATH/Controllers/Admin/Produtos.php(85): App\Controllers\Admin\Produtos->buscaProdutoOu404()
 2 SYSTEMPATH/CodeIgniter.php(904): App\Controllers\Admin\Produtos->show()
 3 SYSTEMPATH/CodeIgniter.php(457): CodeIgniter\CodeIgniter->runController()
 4 SYSTEMPATH/CodeIgniter.php(340): CodeIgniter\CodeIgniter->handleRequest()
 5 FCPATH/index.php(67): CodeIgniter\CodeIgniter->run()
 6 SYSTEMPATH/Commands/Server/rewrite.php(43): require_once('FCPATH/index.php')
CRITICAL - 2022-10-03 16:34:58 --> Argument 1 passed to App\Controllers\Admin\Produtos::buscaProdutoOu404() must be of the type int or null, string given, called in /var/www/sistemaFood/app/Controllers/Admin/Produtos.php on line 85
in APPPATH/Controllers/Admin/Produtos.php on line 570.
 1 APPPATH/Controllers/Admin/Produtos.php(85): App\Controllers\Admin\Produtos->buscaProdutoOu404()
 2 SYSTEMPATH/CodeIgniter.php(904): App\Controllers\Admin\Produtos->show()
 3 SYSTEMPATH/CodeIgniter.php(457): CodeIgniter\CodeIgniter->runController()
 4 SYSTEMPATH/CodeIgniter.php(340): CodeIgniter\CodeIgniter->handleRequest()
 5 FCPATH/index.php(67): CodeIgniter\CodeIgniter->run()
 6 SYSTEMPATH/Commands/Server/rewrite.php(43): require_once('FCPATH/index.php')
CRITICAL - 2022-10-03 16:34:58 --> Argument 1 passed to App\Controllers\Admin\Produtos::buscaProdutoOu404() must be of the type int or null, string given, called in /var/www/sistemaFood/app/Controllers/Admin/Produtos.php on line 85
in APPPATH/Controllers/Admin/Produtos.php on line 570.
 1 APPPATH/Controllers/Admin/Produtos.php(85): App\Controllers\Admin\Produtos->buscaProdutoOu404()
 2 SYSTEMPATH/CodeIgniter.php(904): App\Controllers\Admin\Produtos->show()
 3 SYSTEMPATH/CodeIgniter.php(457): CodeIgniter\CodeIgniter->runController()
 4 SYSTEMPATH/CodeIgniter.php(340): CodeIgniter\CodeIgniter->handleRequest()
 5 FCPATH/index.php(67): CodeIgniter\CodeIgniter->run()
 6 SYSTEMPATH/Commands/Server/rewrite.php(43): require_once('FCPATH/index.php')
CRITICAL - 2022-10-03 16:34:58 --> Argument 1 passed to App\Controllers\Admin\Produtos::buscaProdutoOu404() must be of the type int or null, string given, called in /var/www/sistemaFood/app/Controllers/Admin/Produtos.php on line 85
in APPPATH/Controllers/Admin/Produtos.php on line 570.
 1 APPPATH/Controllers/Admin/Produtos.php(85): App\Controllers\Admin\Produtos->buscaProdutoOu404()
 2 SYSTEMPATH/CodeIgniter.php(904): App\Controllers\Admin\Produtos->show()
 3 SYSTEMPATH/CodeIgniter.php(457): CodeIgniter\CodeIgniter->runController()
 4 SYSTEMPATH/CodeIgniter.php(340): CodeIgniter\CodeIgniter->handleRequest()
 5 FCPATH/index.php(67): CodeIgniter\CodeIgniter->run()
 6 SYSTEMPATH/Commands/Server/rewrite.php(43): require_once('FCPATH/index.php')
CRITICAL - 2022-10-03 16:34:58 --> Argument 1 passed to App\Controllers\Admin\Produtos::buscaProdutoOu404() must be of the type int or null, string given, called in /var/www/sistemaFood/app/Controllers/Admin/Produtos.php on line 85
in APPPATH/Controllers/Admin/Produtos.php on line 570.
 1 APPPATH/Controllers/Admin/Produtos.php(85): App\Controllers\Admin\Produtos->buscaProdutoOu404()
 2 SYSTEMPATH/CodeIgniter.php(904): App\Controllers\Admin\Produtos->show()
 3 SYSTEMPATH/CodeIgniter.php(457): CodeIgniter\CodeIgniter->runController()
 4 SYSTEMPATH/CodeIgniter.php(340): CodeIgniter\CodeIgniter->handleRequest()
 5 FCPATH/index.php(67): CodeIgniter\CodeIgniter->run()
 6 SYSTEMPATH/Commands/Server/rewrite.php(43): require_once('FCPATH/index.php')
CRITICAL - 2022-10-03 16:34:58 --> Argument 1 passed to App\Controllers\Admin\Produtos::buscaProdutoOu404() must be of the type int or null, string given, called in /var/www/sistemaFood/app/Controllers/Admin/Produtos.php on line 85
in APPPATH/Controllers/Admin/Produtos.php on line 570.
 1 APPPATH/Controllers/Admin/Produtos.php(85): App\Controllers\Admin\Produtos->buscaProdutoOu404()
 2 SYSTEMPATH/CodeIgniter.php(904): App\Controllers\Admin\Produtos->show()
 3 SYSTEMPATH/CodeIgniter.php(457): CodeIgniter\CodeIgniter->runController()
 4 SYSTEMPATH/CodeIgniter.php(340): CodeIgniter\CodeIgniter->handleRequest()
 5 FCPATH/index.php(67): CodeIgniter\CodeIgniter->run()
 6 SYSTEMPATH/Commands/Server/rewrite.php(43): require_once('FCPATH/index.php')
CRITICAL - 2022-10-03 16:34:59 --> Argument 1 passed to App\Controllers\Admin\Produtos::buscaProdutoOu404() must be of the type int or null, string given, called in /var/www/sistemaFood/app/Controllers/Admin/Produtos.php on line 155
in APPPATH/Controllers/Admin/Produtos.php on line 570.
 1 APPPATH/Controllers/Admin/Produtos.php(155): App\Controllers\Admin\Produtos->buscaProdutoOu404()
 2 SYSTEMPATH/CodeIgniter.php(904): App\Controllers\Admin\Produtos->editarImagem()
 3 SYSTEMPATH/CodeIgniter.php(457): CodeIgniter\CodeIgniter->runController()
 4 SYSTEMPATH/CodeIgniter.php(340): CodeIgniter\CodeIgniter->handleRequest()
 5 FCPATH/index.php(67): CodeIgniter\CodeIgniter->run()
 6 SYSTEMPATH/Commands/Server/rewrite.php(43): require_once('FCPATH/index.php')
CRITICAL - 2022-10-03 16:34:59 --> Argument 1 passed to App\Controllers\Admin\Produtos::buscaProdutoOu404() must be of the type int or null, string given, called in /var/www/sistemaFood/app/Controllers/Admin/Produtos.php on line 155
in APPPATH/Controllers/Admin/Produtos.php on line 570.
 1 APPPATH/Controllers/Admin/Produtos.php(155): App\Controllers\Admin\Produtos->buscaProdutoOu404()
 2 SYSTEMPATH/CodeIgniter.php(904): App\Controllers\Admin\Produtos->editarImagem()
 3 SYSTEMPATH/CodeIgniter.php(457): CodeIgniter\CodeIgniter->runController()
 4 SYSTEMPATH/CodeIgniter.php(340): CodeIgniter\CodeIgniter->handleRequest()
 5 FCPATH/index.php(67): CodeIgniter\CodeIgniter->run()
 6 SYSTEMPATH/Commands/Server/rewrite.php(43): require_once('FCPATH/index.php')
CRITICAL - 2022-10-03 16:34:59 --> Argument 1 passed to App\Controllers\Admin\Produtos::buscaProdutoOu404() must be of the type int or null, string given, called in /var/www/sistemaFood/app/Controllers/Admin/Produtos.php on line 155
in APPPATH/Controllers/Admin/Produtos.php on line 570.
 1 APPPATH/Controllers/Admin/Produtos.php(155): App\Controllers\Admin\Produtos->buscaProdutoOu404()
 2 SYSTEMPATH/CodeIgniter.php(904): App\Controllers\Admin\Produtos->editarImagem()
 3 SYSTEMPATH/CodeIgniter.php(457): CodeIgniter\CodeIgniter->runController()
 4 SYSTEMPATH/CodeIgniter.php(340): CodeIgniter\CodeIgniter->handleRequest()
 5 FCPATH/index.php(67): CodeIgniter\CodeIgniter->run()
 6 SYSTEMPATH/Commands/Server/rewrite.php(43): require_once('FCPATH/index.php')
CRITICAL - 2022-10-03 16:34:59 --> Argument 1 passed to App\Controllers\Admin\Produtos::buscaProdutoOu404() must be of the type int or null, string given, called in /var/www/sistemaFood/app/Controllers/Admin/Produtos.php on line 155
in APPPATH/Controllers/Admin/Produtos.php on line 570.
 1 APPPATH/Controllers/Admin/Produtos.php(155): App\Controllers\Admin\Produtos->buscaProdutoOu404()
 2 SYSTEMPATH/CodeIgniter.php(904): App\Controllers\Admin\Produtos->editarImagem()
 3 SYSTEMPATH/CodeIgniter.php(457): CodeIgniter\CodeIgniter->runController()
 4 SYSTEMPATH/CodeIgniter.php(340): CodeIgniter\CodeIgniter->handleRequest()
 5 FCPATH/index.php(67): CodeIgniter\CodeIgniter->run()
 6 SYSTEMPATH/Commands/Server/rewrite.php(43): require_once('FCPATH/index.php')
CRITICAL - 2022-10-03 16:34:59 --> Argument 1 passed to App\Controllers\Admin\Produtos::buscaProdutoOu404() must be of the type int or null, string given, called in /var/www/sistemaFood/app/Controllers/Admin/Produtos.php on line 155
in APPPATH/Controllers/Admin/Produtos.php on line 570.
 1 APPPATH/Controllers/Admin/Produtos.php(155): App\Controllers\Admin\Produtos->buscaProdutoOu404()
 2 SYSTEMPATH/CodeIgniter.php(904): App\Controllers\Admin\Produtos->editarImagem()
 3 SYSTEMPATH/CodeIgniter.php(457): CodeIgniter\CodeIgniter->runController()
 4 SYSTEMPATH/CodeIgniter.php(340): CodeIgniter\CodeIgniter->handleRequest()
 5 FCPATH/index.php(67): CodeIgniter\CodeIgniter->run()
 6 SYSTEMPATH/Commands/Server/rewrite.php(43): require_once('FCPATH/index.php')
CRITICAL - 2022-10-03 16:34:59 --> Argument 1 passed to App\Controllers\Admin\Produtos::buscaProdutoOu404() must be of the type int or null, string given, called in /var/www/sistemaFood/app/Controllers/Admin/Produtos.php on line 155
in APPPATH/Controllers/Admin/Produtos.php on line 570.
 1 APPPATH/Controllers/Admin/Produtos.php(155): App\Controllers\Admin\Produtos->buscaProdutoOu404()
 2 SYSTEMPATH/CodeIgniter.php(904): App\Controllers\Admin\Produtos->editarImagem()
 3 SYSTEMPATH/CodeIgniter.php(457): CodeIgniter\CodeIgniter->runController()
 4 SYSTEMPATH/CodeIgniter.php(340): CodeIgniter\CodeIgniter->handleRequest()
 5 FCPATH/index.php(67): CodeIgniter\CodeIgniter->run()
 6 SYSTEMPATH/Commands/Server/rewrite.php(43): require_once('FCPATH/index.php')
CRITICAL - 2022-10-03 16:35:03 --> Argument 1 passed to App\Controllers\Admin\Produtos::buscaProdutoOu404() must be of the type int or null, string given, called in /var/www/sistemaFood/app/Controllers/Admin/Produtos.php on line 85
in APPPATH/Controllers/Admin/Produtos.php on line 570.
 1 APPPATH/Controllers/Admin/Produtos.php(85): App\Controllers\Admin\Produtos->buscaProdutoOu404()
 2 SYSTEMPATH/CodeIgniter.php(904): App\Controllers\Admin\Produtos->show()
 3 SYSTEMPATH/CodeIgniter.php(457): CodeIgniter\CodeIgniter->runController()
 4 SYSTEMPATH/CodeIgniter.php(340): CodeIgniter\CodeIgniter->handleRequest()
 5 FCPATH/index.php(67): CodeIgniter\CodeIgniter->run()
 6 SYSTEMPATH/Commands/Server/rewrite.php(43): require_once('FCPATH/index.php')
CRITICAL - 2022-10-03 16:35:03 --> Argument 1 passed to App\Controllers\Admin\Produtos::buscaProdutoOu404() must be of the type int or null, string given, called in /var/www/sistemaFood/app/Controllers/Admin/Produtos.php on line 85
in APPPATH/Controllers/Admin/Produtos.php on line 570.
 1 APPPATH/Controllers/Admin/Produtos.php(85): App\Controllers\Admin\Produtos->buscaProdutoOu404()
 2 SYSTEMPATH/CodeIgniter.php(904): App\Controllers\Admin\Produtos->show()
 3 SYSTEMPATH/CodeIgniter.php(457): CodeIgniter\CodeIgniter->runController()
 4 SYSTEMPATH/CodeIgniter.php(340): CodeIgniter\CodeIgniter->handleRequest()
 5 FCPATH/index.php(67): CodeIgniter\CodeIgniter->run()
 6 SYSTEMPATH/Commands/Server/rewrite.php(43): require_once('FCPATH/index.php')
CRITICAL - 2022-10-03 16:35:03 --> Argument 1 passed to App\Controllers\Admin\Produtos::buscaProdutoOu404() must be of the type int or null, string given, called in /var/www/sistemaFood/app/Controllers/Admin/Produtos.php on line 85
in APPPATH/Controllers/Admin/Produtos.php on line 570.
 1 APPPATH/Controllers/Admin/Produtos.php(85): App\Controllers\Admin\Produtos->buscaProdutoOu404()
 2 SYSTEMPATH/CodeIgniter.php(904): App\Controllers\Admin\Produtos->show()
 3 SYSTEMPATH/CodeIgniter.php(457): CodeIgniter\CodeIgniter->runController()
 4 SYSTEMPATH/CodeIgniter.php(340): CodeIgniter\CodeIgniter->handleRequest()
 5 FCPATH/index.php(67): CodeIgniter\CodeIgniter->run()
 6 SYSTEMPATH/Commands/Server/rewrite.php(43): require_once('FCPATH/index.php')
CRITICAL - 2022-10-03 16:35:03 --> Argument 1 passed to App\Controllers\Admin\Produtos::buscaProdutoOu404() must be of the type int or null, string given, called in /var/www/sistemaFood/app/Controllers/Admin/Produtos.php on line 85
in APPPATH/Controllers/Admin/Produtos.php on line 570.
 1 APPPATH/Controllers/Admin/Produtos.php(85): App\Controllers\Admin\Produtos->buscaProdutoOu404()
 2 SYSTEMPATH/CodeIgniter.php(904): App\Controllers\Admin\Produtos->show()
 3 SYSTEMPATH/CodeIgniter.php(457): CodeIgniter\CodeIgniter->runController()
 4 SYSTEMPATH/CodeIgniter.php(340): CodeIgniter\CodeIgniter->handleRequest()
 5 FCPATH/index.php(67): CodeIgniter\CodeIgniter->run()
 6 SYSTEMPATH/Commands/Server/rewrite.php(43): require_once('FCPATH/index.php')
CRITICAL - 2022-10-03 16:35:03 --> Argument 1 passed to App\Controllers\Admin\Produtos::buscaProdutoOu404() must be of the type int or null, string given, called in /var/www/sistemaFood/app/Controllers/Admin/Produtos.php on line 85
in APPPATH/Controllers/Admin/Produtos.php on line 570.
 1 APPPATH/Controllers/Admin/Produtos.php(85): App\Controllers\Admin\Produtos->buscaProdutoOu404()
 2 SYSTEMPATH/CodeIgniter.php(904): App\Controllers\Admin\Produtos->show()
 3 SYSTEMPATH/CodeIgniter.php(457): CodeIgniter\CodeIgniter->runController()
 4 SYSTEMPATH/CodeIgniter.php(340): CodeIgniter\CodeIgniter->handleRequest()
 5 FCPATH/index.php(67): CodeIgniter\CodeIgniter->run()
 6 SYSTEMPATH/Commands/Server/rewrite.php(43): require_once('FCPATH/index.php')
CRITICAL - 2022-10-03 16:35:03 --> Argument 1 passed to App\Controllers\Admin\Produtos::buscaProdutoOu404() must be of the type int or null, string given, called in /var/www/sistemaFood/app/Controllers/Admin/Produtos.php on line 85
in APPPATH/Controllers/Admin/Produtos.php on line 570.
 1 APPPATH/Controllers/Admin/Produtos.php(85): App\Controllers\Admin\Produtos->buscaProdutoOu404()
 2 SYSTEMPATH/CodeIgniter.php(904): App\Controllers\Admin\Produtos->show()
 3 SYSTEMPATH/CodeIgniter.php(457): CodeIgniter\CodeIgniter->runController()
 4 SYSTEMPATH/CodeIgniter.php(340): CodeIgniter\CodeIgniter->handleRequest()
 5 FCPATH/index.php(67): CodeIgniter\CodeIgniter->run()
 6 SYSTEMPATH/Commands/Server/rewrite.php(43): require_once('FCPATH/index.php')
CRITICAL - 2022-10-03 16:36:32 --> Argument 1 passed to App\Controllers\Admin\Produtos::buscaProdutoOu404() must be of the type int or null, string given, called in /var/www/sistemaFood/app/Controllers/Admin/Produtos.php on line 85
in APPPATH/Controllers/Admin/Produtos.php on line 570.
 1 APPPATH/Controllers/Admin/Produtos.php(85): App\Controllers\Admin\Produtos->buscaProdutoOu404()
 2 SYSTEMPATH/CodeIgniter.php(904): App\Controllers\Admin\Produtos->show()
 3 SYSTEMPATH/CodeIgniter.php(457): CodeIgniter\CodeIgniter->runController()
 4 SYSTEMPATH/CodeIgniter.php(340): CodeIgniter\CodeIgniter->handleRequest()
 5 FCPATH/index.php(67): CodeIgniter\CodeIgniter->run()
 6 SYSTEMPATH/Commands/Server/rewrite.php(43): require_once('FCPATH/index.php')
CRITICAL - 2022-10-03 16:36:32 --> Argument 1 passed to App\Controllers\Admin\Produtos::buscaProdutoOu404() must be of the type int or null, string given, called in /var/www/sistemaFood/app/Controllers/Admin/Produtos.php on line 85
in APPPATH/Controllers/Admin/Produtos.php on line 570.
 1 APPPATH/Controllers/Admin/Produtos.php(85): App\Controllers\Admin\Produtos->buscaProdutoOu404()
 2 SYSTEMPATH/CodeIgniter.php(904): App\Controllers\Admin\Produtos->show()
 3 SYSTEMPATH/CodeIgniter.php(457): CodeIgniter\CodeIgniter->runController()
 4 SYSTEMPATH/CodeIgniter.php(340): CodeIgniter\CodeIgniter->handleRequest()
 5 FCPATH/index.php(67): CodeIgniter\CodeIgniter->run()
 6 SYSTEMPATH/Commands/Server/rewrite.php(43): require_once('FCPATH/index.php')
CRITICAL - 2022-10-03 16:36:32 --> Argument 1 passed to App\Controllers\Admin\Produtos::buscaProdutoOu404() must be of the type int or null, string given, called in /var/www/sistemaFood/app/Controllers/Admin/Produtos.php on line 85
in APPPATH/Controllers/Admin/Produtos.php on line 570.
 1 APPPATH/Controllers/Admin/Produtos.php(85): App\Controllers\Admin\Produtos->buscaProdutoOu404()
 2 SYSTEMPATH/CodeIgniter.php(904): App\Controllers\Admin\Produtos->show()
 3 SYSTEMPATH/CodeIgniter.php(457): CodeIgniter\CodeIgniter->runController()
 4 SYSTEMPATH/CodeIgniter.php(340): CodeIgniter\CodeIgniter->handleRequest()
 5 FCPATH/index.php(67): CodeIgniter\CodeIgniter->run()
 6 SYSTEMPATH/Commands/Server/rewrite.php(43): require_once('FCPATH/index.php')
CRITICAL - 2022-10-03 16:36:32 --> Argument 1 passed to App\Controllers\Admin\Produtos::buscaProdutoOu404() must be of the type int or null, string given, called in /var/www/sistemaFood/app/Controllers/Admin/Produtos.php on line 85
in APPPATH/Controllers/Admin/Produtos.php on line 570.
 1 APPPATH/Controllers/Admin/Produtos.php(85): App\Controllers\Admin\Produtos->buscaProdutoOu404()
 2 SYSTEMPATH/CodeIgniter.php(904): App\Controllers\Admin\Produtos->show()
 3 SYSTEMPATH/CodeIgniter.php(457): CodeIgniter\CodeIgniter->runController()
 4 SYSTEMPATH/CodeIgniter.php(340): CodeIgniter\CodeIgniter->handleRequest()
 5 FCPATH/index.php(67): CodeIgniter\CodeIgniter->run()
 6 SYSTEMPATH/Commands/Server/rewrite.php(43): require_once('FCPATH/index.php')
CRITICAL - 2022-10-03 16:36:32 --> Argument 1 passed to App\Controllers\Admin\Produtos::buscaProdutoOu404() must be of the type int or null, string given, called in /var/www/sistemaFood/app/Controllers/Admin/Produtos.php on line 85
in APPPATH/Controllers/Admin/Produtos.php on line 570.
 1 APPPATH/Controllers/Admin/Produtos.php(85): App\Controllers\Admin\Produtos->buscaProdutoOu404()
 2 SYSTEMPATH/CodeIgniter.php(904): App\Controllers\Admin\Produtos->show()
 3 SYSTEMPATH/CodeIgniter.php(457): CodeIgniter\CodeIgniter->runController()
 4 SYSTEMPATH/CodeIgniter.php(340): CodeIgniter\CodeIgniter->handleRequest()
 5 FCPATH/index.php(67): CodeIgniter\CodeIgniter->run()
 6 SYSTEMPATH/Commands/Server/rewrite.php(43): require_once('FCPATH/index.php')
CRITICAL - 2022-10-03 16:36:32 --> Argument 1 passed to App\Controllers\Admin\Produtos::buscaProdutoOu404() must be of the type int or null, string given, called in /var/www/sistemaFood/app/Controllers/Admin/Produtos.php on line 85
in APPPATH/Controllers/Admin/Produtos.php on line 570.
 1 APPPATH/Controllers/Admin/Produtos.php(85): App\Controllers\Admin\Produtos->buscaProdutoOu404()
 2 SYSTEMPATH/CodeIgniter.php(904): App\Controllers\Admin\Produtos->show()
 3 SYSTEMPATH/CodeIgniter.php(457): CodeIgniter\CodeIgniter->runController()
 4 SYSTEMPATH/CodeIgniter.php(340): CodeIgniter\CodeIgniter->handleRequest()
 5 FCPATH/index.php(67): CodeIgniter\CodeIgniter->run()
 6 SYSTEMPATH/Commands/Server/rewrite.php(43): require_once('FCPATH/index.php')
CRITICAL - 2022-10-03 16:36:33 --> Argument 1 passed to App\Controllers\Admin\Produtos::buscaProdutoOu404() must be of the type int or null, string given, called in /var/www/sistemaFood/app/Controllers/Admin/Produtos.php on line 285
in APPPATH/Controllers/Admin/Produtos.php on line 570.
 1 APPPATH/Controllers/Admin/Produtos.php(285): App\Controllers\Admin\Produtos->buscaProdutoOu404()
 2 SYSTEMPATH/CodeIgniter.php(904): App\Controllers\Admin\Produtos->extras()
 3 SYSTEMPATH/CodeIgniter.php(457): CodeIgniter\CodeIgniter->runController()
 4 SYSTEMPATH/CodeIgniter.php(340): CodeIgniter\CodeIgniter->handleRequest()
 5 FCPATH/index.php(67): CodeIgniter\CodeIgniter->run()
 6 SYSTEMPATH/Commands/Server/rewrite.php(43): require_once('FCPATH/index.php')
CRITICAL - 2022-10-03 16:36:33 --> Argument 1 passed to App\Controllers\Admin\Produtos::buscaProdutoOu404() must be of the type int or null, string given, called in /var/www/sistemaFood/app/Controllers/Admin/Produtos.php on line 285
in APPPATH/Controllers/Admin/Produtos.php on line 570.
 1 APPPATH/Controllers/Admin/Produtos.php(285): App\Controllers\Admin\Produtos->buscaProdutoOu404()
 2 SYSTEMPATH/CodeIgniter.php(904): App\Controllers\Admin\Produtos->extras()
 3 SYSTEMPATH/CodeIgniter.php(457): CodeIgniter\CodeIgniter->runController()
 4 SYSTEMPATH/CodeIgniter.php(340): CodeIgniter\CodeIgniter->handleRequest()
 5 FCPATH/index.php(67): CodeIgniter\CodeIgniter->run()
 6 SYSTEMPATH/Commands/Server/rewrite.php(43): require_once('FCPATH/index.php')
CRITICAL - 2022-10-03 16:36:33 --> Argument 1 passed to App\Controllers\Admin\Produtos::buscaProdutoOu404() must be of the type int or null, string given, called in /var/www/sistemaFood/app/Controllers/Admin/Produtos.php on line 285
in APPPATH/Controllers/Admin/Produtos.php on line 570.
 1 APPPATH/Controllers/Admin/Produtos.php(285): App\Controllers\Admin\Produtos->buscaProdutoOu404()
 2 SYSTEMPATH/CodeIgniter.php(904): App\Controllers\Admin\Produtos->extras()
 3 SYSTEMPATH/CodeIgniter.php(457): CodeIgniter\CodeIgniter->runController()
 4 SYSTEMPATH/CodeIgniter.php(340): CodeIgniter\CodeIgniter->handleRequest()
 5 FCPATH/index.php(67): CodeIgniter\CodeIgniter->run()
 6 SYSTEMPATH/Commands/Server/rewrite.php(43): require_once('FCPATH/index.php')
CRITICAL - 2022-10-03 16:36:33 --> Argument 1 passed to App\Controllers\Admin\Produtos::buscaProdutoOu404() must be of the type int or null, string given, called in /var/www/sistemaFood/app/Controllers/Admin/Produtos.php on line 285
in APPPATH/Controllers/Admin/Produtos.php on line 570.
 1 APPPATH/Controllers/Admin/Produtos.php(285): App\Controllers\Admin\Produtos->buscaProdutoOu404()
 2 SYSTEMPATH/CodeIgniter.php(904): App\Controllers\Admin\Produtos->extras()
 3 SYSTEMPATH/CodeIgniter.php(457): CodeIgniter\CodeIgniter->runController()
 4 SYSTEMPATH/CodeIgniter.php(340): CodeIgniter\CodeIgniter->handleRequest()
 5 FCPATH/index.php(67): CodeIgniter\CodeIgniter->run()
 6 SYSTEMPATH/Commands/Server/rewrite.php(43): require_once('FCPATH/index.php')
CRITICAL - 2022-10-03 16:36:33 --> Argument 1 passed to App\Controllers\Admin\Produtos::buscaProdutoOu404() must be of the type int or null, string given, called in /var/www/sistemaFood/app/Controllers/Admin/Produtos.php on line 285
in APPPATH/Controllers/Admin/Produtos.php on line 570.
 1 APPPATH/Controllers/Admin/Produtos.php(285): App\Controllers\Admin\Produtos->buscaProdutoOu404()
 2 SYSTEMPATH/CodeIgniter.php(904): App\Controllers\Admin\Produtos->extras()
 3 SYSTEMPATH/CodeIgniter.php(457): CodeIgniter\CodeIgniter->runController()
 4 SYSTEMPATH/CodeIgniter.php(340): CodeIgniter\CodeIgniter->handleRequest()
 5 FCPATH/index.php(67): CodeIgniter\CodeIgniter->run()
 6 SYSTEMPATH/Commands/Server/rewrite.php(43): require_once('FCPATH/index.php')
CRITICAL - 2022-10-03 16:36:33 --> Argument 1 passed to App\Controllers\Admin\Produtos::buscaProdutoOu404() must be of the type int or null, string given, called in /var/www/sistemaFood/app/Controllers/Admin/Produtos.php on line 285
in APPPATH/Controllers/Admin/Produtos.php on line 570.
 1 APPPATH/Controllers/Admin/Produtos.php(285): App\Controllers\Admin\Produtos->buscaProdutoOu404()
 2 SYSTEMPATH/CodeIgniter.php(904): App\Controllers\Admin\Produtos->extras()
 3 SYSTEMPATH/CodeIgniter.php(457): CodeIgniter\CodeIgniter->runController()
 4 SYSTEMPATH/CodeIgniter.php(340): CodeIgniter\CodeIgniter->handleRequest()
 5 FCPATH/index.php(67): CodeIgniter\CodeIgniter->run()
 6 SYSTEMPATH/Commands/Server/rewrite.php(43): require_once('FCPATH/index.php')
CRITICAL - 2022-10-03 16:36:35 --> Argument 1 passed to App\Controllers\Admin\Produtos::buscaProdutoOu404() must be of the type int or null, string given, called in /var/www/sistemaFood/app/Controllers/Admin/Produtos.php on line 285
in APPPATH/Controllers/Admin/Produtos.php on line 570.
 1 APPPATH/Controllers/Admin/Produtos.php(285): App\Controllers\Admin\Produtos->buscaProdutoOu404()
 2 SYSTEMPATH/CodeIgniter.php(904): App\Controllers\Admin\Produtos->extras()
 3 SYSTEMPATH/CodeIgniter.php(457): CodeIgniter\CodeIgniter->runController()
 4 SYSTEMPATH/CodeIgniter.php(340): CodeIgniter\CodeIgniter->handleRequest()
 5 FCPATH/index.php(67): CodeIgniter\CodeIgniter->run()
 6 SYSTEMPATH/Commands/Server/rewrite.php(43): require_once('FCPATH/index.php')
CRITICAL - 2022-10-03 16:36:35 --> Argument 1 passed to App\Controllers\Admin\Produtos::buscaProdutoOu404() must be of the type int or null, string given, called in /var/www/sistemaFood/app/Controllers/Admin/Produtos.php on line 285
in APPPATH/Controllers/Admin/Produtos.php on line 570.
 1 APPPATH/Controllers/Admin/Produtos.php(285): App\Controllers\Admin\Produtos->buscaProdutoOu404()
 2 SYSTEMPATH/CodeIgniter.php(904): App\Controllers\Admin\Produtos->extras()
 3 SYSTEMPATH/CodeIgniter.php(457): CodeIgniter\CodeIgniter->runController()
 4 SYSTEMPATH/CodeIgniter.php(340): CodeIgniter\CodeIgniter->handleRequest()
 5 FCPATH/index.php(67): CodeIgniter\CodeIgniter->run()
 6 SYSTEMPATH/Commands/Server/rewrite.php(43): require_once('FCPATH/index.php')
CRITICAL - 2022-10-03 16:36:35 --> Argument 1 passed to App\Controllers\Admin\Produtos::buscaProdutoOu404() must be of the type int or null, string given, called in /var/www/sistemaFood/app/Controllers/Admin/Produtos.php on line 285
in APPPATH/Controllers/Admin/Produtos.php on line 570.
 1 APPPATH/Controllers/Admin/Produtos.php(285): App\Controllers\Admin\Produtos->buscaProdutoOu404()
 2 SYSTEMPATH/CodeIgniter.php(904): App\Controllers\Admin\Produtos->extras()
 3 SYSTEMPATH/CodeIgniter.php(457): CodeIgniter\CodeIgniter->runController()
 4 SYSTEMPATH/CodeIgniter.php(340): CodeIgniter\CodeIgniter->handleRequest()
 5 FCPATH/index.php(67): CodeIgniter\CodeIgniter->run()
 6 SYSTEMPATH/Commands/Server/rewrite.php(43): require_once('FCPATH/index.php')
CRITICAL - 2022-10-03 16:36:35 --> Argument 1 passed to App\Controllers\Admin\Produtos::buscaProdutoOu404() must be of the type int or null, string given, called in /var/www/sistemaFood/app/Controllers/Admin/Produtos.php on line 285
in APPPATH/Controllers/Admin/Produtos.php on line 570.
 1 APPPATH/Controllers/Admin/Produtos.php(285): App\Controllers\Admin\Produtos->buscaProdutoOu404()
 2 SYSTEMPATH/CodeIgniter.php(904): App\Controllers\Admin\Produtos->extras()
 3 SYSTEMPATH/CodeIgniter.php(457): CodeIgniter\CodeIgniter->runController()
 4 SYSTEMPATH/CodeIgniter.php(340): CodeIgniter\CodeIgniter->handleRequest()
 5 FCPATH/index.php(67): CodeIgniter\CodeIgniter->run()
 6 SYSTEMPATH/Commands/Server/rewrite.php(43): require_once('FCPATH/index.php')
CRITICAL - 2022-10-03 16:36:35 --> Argument 1 passed to App\Controllers\Admin\Produtos::buscaProdutoOu404() must be of the type int or null, string given, called in /var/www/sistemaFood/app/Controllers/Admin/Produtos.php on line 285
in APPPATH/Controllers/Admin/Produtos.php on line 570.
 1 APPPATH/Controllers/Admin/Produtos.php(285): App\Controllers\Admin\Produtos->buscaProdutoOu404()
 2 SYSTEMPATH/CodeIgniter.php(904): App\Controllers\Admin\Produtos->extras()
 3 SYSTEMPATH/CodeIgniter.php(457): CodeIgniter\CodeIgniter->runController()
 4 SYSTEMPATH/CodeIgniter.php(340): CodeIgniter\CodeIgniter->handleRequest()
 5 FCPATH/index.php(67): CodeIgniter\CodeIgniter->run()
 6 SYSTEMPATH/Commands/Server/rewrite.php(43): require_once('FCPATH/index.php')
CRITICAL - 2022-10-03 16:36:35 --> Argument 1 passed to App\Controllers\Admin\Produtos::buscaProdutoOu404() must be of the type int or null, string given, called in /var/www/sistemaFood/app/Controllers/Admin/Produtos.php on line 285
in APPPATH/Controllers/Admin/Produtos.php on line 570.
 1 APPPATH/Controllers/Admin/Produtos.php(285): App\Controllers\Admin\Produtos->buscaProdutoOu404()
 2 SYSTEMPATH/CodeIgniter.php(904): App\Controllers\Admin\Produtos->extras()
 3 SYSTEMPATH/CodeIgniter.php(457): CodeIgniter\CodeIgniter->runController()
 4 SYSTEMPATH/CodeIgniter.php(340): CodeIgniter\CodeIgniter->handleRequest()
 5 FCPATH/index.php(67): CodeIgniter\CodeIgniter->run()
 6 SYSTEMPATH/Commands/Server/rewrite.php(43): require_once('FCPATH/index.php')
CRITICAL - 2022-10-03 16:36:37 --> Argument 1 passed to App\Controllers\Admin\Produtos::buscaProdutoOu404() must be of the type int or null, string given, called in /var/www/sistemaFood/app/Controllers/Admin/Produtos.php on line 85
in APPPATH/Controllers/Admin/Produtos.php on line 570.
 1 APPPATH/Controllers/Admin/Produtos.php(85): App\Controllers\Admin\Produtos->buscaProdutoOu404()
 2 SYSTEMPATH/CodeIgniter.php(904): App\Controllers\Admin\Produtos->show()
 3 SYSTEMPATH/CodeIgniter.php(457): CodeIgniter\CodeIgniter->runController()
 4 SYSTEMPATH/CodeIgniter.php(340): CodeIgniter\CodeIgniter->handleRequest()
 5 FCPATH/index.php(67): CodeIgniter\CodeIgniter->run()
 6 SYSTEMPATH/Commands/Server/rewrite.php(43): require_once('FCPATH/index.php')
CRITICAL - 2022-10-03 16:36:37 --> Argument 1 passed to App\Controllers\Admin\Produtos::buscaProdutoOu404() must be of the type int or null, string given, called in /var/www/sistemaFood/app/Controllers/Admin/Produtos.php on line 85
in APPPATH/Controllers/Admin/Produtos.php on line 570.
 1 APPPATH/Controllers/Admin/Produtos.php(85): App\Controllers\Admin\Produtos->buscaProdutoOu404()
 2 SYSTEMPATH/CodeIgniter.php(904): App\Controllers\Admin\Produtos->show()
 3 SYSTEMPATH/CodeIgniter.php(457): CodeIgniter\CodeIgniter->runController()
 4 SYSTEMPATH/CodeIgniter.php(340): CodeIgniter\CodeIgniter->handleRequest()
 5 FCPATH/index.php(67): CodeIgniter\CodeIgniter->run()
 6 SYSTEMPATH/Commands/Server/rewrite.php(43): require_once('FCPATH/index.php')
CRITICAL - 2022-10-03 16:36:37 --> Argument 1 passed to App\Controllers\Admin\Produtos::buscaProdutoOu404() must be of the type int or null, string given, called in /var/www/sistemaFood/app/Controllers/Admin/Produtos.php on line 85
in APPPATH/Controllers/Admin/Produtos.php on line 570.
 1 APPPATH/Controllers/Admin/Produtos.php(85): App\Controllers\Admin\Produtos->buscaProdutoOu404()
 2 SYSTEMPATH/CodeIgniter.php(904): App\Controllers\Admin\Produtos->show()
 3 SYSTEMPATH/CodeIgniter.php(457): CodeIgniter\CodeIgniter->runController()
 4 SYSTEMPATH/CodeIgniter.php(340): CodeIgniter\CodeIgniter->handleRequest()
 5 FCPATH/index.php(67): CodeIgniter\CodeIgniter->run()
 6 SYSTEMPATH/Commands/Server/rewrite.php(43): require_once('FCPATH/index.php')
CRITICAL - 2022-10-03 16:36:37 --> Argument 1 passed to App\Controllers\Admin\Produtos::buscaProdutoOu404() must be of the type int or null, string given, called in /var/www/sistemaFood/app/Controllers/Admin/Produtos.php on line 85
in APPPATH/Controllers/Admin/Produtos.php on line 570.
 1 APPPATH/Controllers/Admin/Produtos.php(85): App\Controllers\Admin\Produtos->buscaProdutoOu404()
 2 SYSTEMPATH/CodeIgniter.php(904): App\Controllers\Admin\Produtos->show()
 3 SYSTEMPATH/CodeIgniter.php(457): CodeIgniter\CodeIgniter->runController()
 4 SYSTEMPATH/CodeIgniter.php(340): CodeIgniter\CodeIgniter->handleRequest()
 5 FCPATH/index.php(67): CodeIgniter\CodeIgniter->run()
 6 SYSTEMPATH/Commands/Server/rewrite.php(43): require_once('FCPATH/index.php')
CRITICAL - 2022-10-03 16:36:37 --> Argument 1 passed to App\Controllers\Admin\Produtos::buscaProdutoOu404() must be of the type int or null, string given, called in /var/www/sistemaFood/app/Controllers/Admin/Produtos.php on line 85
in APPPATH/Controllers/Admin/Produtos.php on line 570.
 1 APPPATH/Controllers/Admin/Produtos.php(85): App\Controllers\Admin\Produtos->buscaProdutoOu404()
 2 SYSTEMPATH/CodeIgniter.php(904): App\Controllers\Admin\Produtos->show()
 3 SYSTEMPATH/CodeIgniter.php(457): CodeIgniter\CodeIgniter->runController()
 4 SYSTEMPATH/CodeIgniter.php(340): CodeIgniter\CodeIgniter->handleRequest()
 5 FCPATH/index.php(67): CodeIgniter\CodeIgniter->run()
 6 SYSTEMPATH/Commands/Server/rewrite.php(43): require_once('FCPATH/index.php')
CRITICAL - 2022-10-03 16:36:37 --> Argument 1 passed to App\Controllers\Admin\Produtos::buscaProdutoOu404() must be of the type int or null, string given, called in /var/www/sistemaFood/app/Controllers/Admin/Produtos.php on line 85
in APPPATH/Controllers/Admin/Produtos.php on line 570.
 1 APPPATH/Controllers/Admin/Produtos.php(85): App\Controllers\Admin\Produtos->buscaProdutoOu404()
 2 SYSTEMPATH/CodeIgniter.php(904): App\Controllers\Admin\Produtos->show()
 3 SYSTEMPATH/CodeIgniter.php(457): CodeIgniter\CodeIgniter->runController()
 4 SYSTEMPATH/CodeIgniter.php(340): CodeIgniter\CodeIgniter->handleRequest()
 5 FCPATH/index.php(67): CodeIgniter\CodeIgniter->run()
 6 SYSTEMPATH/Commands/Server/rewrite.php(43): require_once('FCPATH/index.php')
CRITICAL - 2022-10-03 16:36:38 --> Argument 1 passed to App\Controllers\Admin\Produtos::buscaProdutoOu404() must be of the type int or null, string given, called in /var/www/sistemaFood/app/Controllers/Admin/Produtos.php on line 401
in APPPATH/Controllers/Admin/Produtos.php on line 570.
 1 APPPATH/Controllers/Admin/Produtos.php(401): App\Controllers\Admin\Produtos->buscaProdutoOu404()
 2 SYSTEMPATH/CodeIgniter.php(904): App\Controllers\Admin\Produtos->especificacoes()
 3 SYSTEMPATH/CodeIgniter.php(457): CodeIgniter\CodeIgniter->runController()
 4 SYSTEMPATH/CodeIgniter.php(340): CodeIgniter\CodeIgniter->handleRequest()
 5 FCPATH/index.php(67): CodeIgniter\CodeIgniter->run()
 6 SYSTEMPATH/Commands/Server/rewrite.php(43): require_once('FCPATH/index.php')
CRITICAL - 2022-10-03 16:36:38 --> Argument 1 passed to App\Controllers\Admin\Produtos::buscaProdutoOu404() must be of the type int or null, string given, called in /var/www/sistemaFood/app/Controllers/Admin/Produtos.php on line 401
in APPPATH/Controllers/Admin/Produtos.php on line 570.
 1 APPPATH/Controllers/Admin/Produtos.php(401): App\Controllers\Admin\Produtos->buscaProdutoOu404()
 2 SYSTEMPATH/CodeIgniter.php(904): App\Controllers\Admin\Produtos->especificacoes()
 3 SYSTEMPATH/CodeIgniter.php(457): CodeIgniter\CodeIgniter->runController()
 4 SYSTEMPATH/CodeIgniter.php(340): CodeIgniter\CodeIgniter->handleRequest()
 5 FCPATH/index.php(67): CodeIgniter\CodeIgniter->run()
 6 SYSTEMPATH/Commands/Server/rewrite.php(43): require_once('FCPATH/index.php')
CRITICAL - 2022-10-03 16:36:38 --> Argument 1 passed to App\Controllers\Admin\Produtos::buscaProdutoOu404() must be of the type int or null, string given, called in /var/www/sistemaFood/app/Controllers/Admin/Produtos.php on line 401
in APPPATH/Controllers/Admin/Produtos.php on line 570.
 1 APPPATH/Controllers/Admin/Produtos.php(401): App\Controllers\Admin\Produtos->buscaProdutoOu404()
 2 SYSTEMPATH/CodeIgniter.php(904): App\Controllers\Admin\Produtos->especificacoes()
 3 SYSTEMPATH/CodeIgniter.php(457): CodeIgniter\CodeIgniter->runController()
 4 SYSTEMPATH/CodeIgniter.php(340): CodeIgniter\CodeIgniter->handleRequest()
 5 FCPATH/index.php(67): CodeIgniter\CodeIgniter->run()
 6 SYSTEMPATH/Commands/Server/rewrite.php(43): require_once('FCPATH/index.php')
CRITICAL - 2022-10-03 16:36:38 --> Argument 1 passed to App\Controllers\Admin\Produtos::buscaProdutoOu404() must be of the type int or null, string given, called in /var/www/sistemaFood/app/Controllers/Admin/Produtos.php on line 401
in APPPATH/Controllers/Admin/Produtos.php on line 570.
 1 APPPATH/Controllers/Admin/Produtos.php(401): App\Controllers\Admin\Produtos->buscaProdutoOu404()
 2 SYSTEMPATH/CodeIgniter.php(904): App\Controllers\Admin\Produtos->especificacoes()
 3 SYSTEMPATH/CodeIgniter.php(457): CodeIgniter\CodeIgniter->runController()
 4 SYSTEMPATH/CodeIgniter.php(340): CodeIgniter\CodeIgniter->handleRequest()
 5 FCPATH/index.php(67): CodeIgniter\CodeIgniter->run()
 6 SYSTEMPATH/Commands/Server/rewrite.php(43): require_once('FCPATH/index.php')
CRITICAL - 2022-10-03 16:36:38 --> Argument 1 passed to App\Controllers\Admin\Produtos::buscaProdutoOu404() must be of the type int or null, string given, called in /var/www/sistemaFood/app/Controllers/Admin/Produtos.php on line 401
in APPPATH/Controllers/Admin/Produtos.php on line 570.
 1 APPPATH/Controllers/Admin/Produtos.php(401): App\Controllers\Admin\Produtos->buscaProdutoOu404()
 2 SYSTEMPATH/CodeIgniter.php(904): App\Controllers\Admin\Produtos->especificacoes()
 3 SYSTEMPATH/CodeIgniter.php(457): CodeIgniter\CodeIgniter->runController()
 4 SYSTEMPATH/CodeIgniter.php(340): CodeIgniter\CodeIgniter->handleRequest()
 5 FCPATH/index.php(67): CodeIgniter\CodeIgniter->run()
 6 SYSTEMPATH/Commands/Server/rewrite.php(43): require_once('FCPATH/index.php')
CRITICAL - 2022-10-03 16:36:38 --> Argument 1 passed to App\Controllers\Admin\Produtos::buscaProdutoOu404() must be of the type int or null, string given, called in /var/www/sistemaFood/app/Controllers/Admin/Produtos.php on line 401
in APPPATH/Controllers/Admin/Produtos.php on line 570.
 1 APPPATH/Controllers/Admin/Produtos.php(401): App\Controllers\Admin\Produtos->buscaProdutoOu404()
 2 SYSTEMPATH/CodeIgniter.php(904): App\Controllers\Admin\Produtos->especificacoes()
 3 SYSTEMPATH/CodeIgniter.php(457): CodeIgniter\CodeIgniter->runController()
 4 SYSTEMPATH/CodeIgniter.php(340): CodeIgniter\CodeIgniter->handleRequest()
 5 FCPATH/index.php(67): CodeIgniter\CodeIgniter->run()
 6 SYSTEMPATH/Commands/Server/rewrite.php(43): require_once('FCPATH/index.php')
CRITICAL - 2022-10-03 16:36:41 --> Argument 1 passed to App\Controllers\Admin\Produtos::buscaProdutoOu404() must be of the type int or null, string given, called in /var/www/sistemaFood/app/Controllers/Admin/Produtos.php on line 401
in APPPATH/Controllers/Admin/Produtos.php on line 570.
 1 APPPATH/Controllers/Admin/Produtos.php(401): App\Controllers\Admin\Produtos->buscaProdutoOu404()
 2 SYSTEMPATH/CodeIgniter.php(904): App\Controllers\Admin\Produtos->especificacoes()
 3 SYSTEMPATH/CodeIgniter.php(457): CodeIgniter\CodeIgniter->runController()
 4 SYSTEMPATH/CodeIgniter.php(340): CodeIgniter\CodeIgniter->handleRequest()
 5 FCPATH/index.php(67): CodeIgniter\CodeIgniter->run()
 6 SYSTEMPATH/Commands/Server/rewrite.php(43): require_once('FCPATH/index.php')
CRITICAL - 2022-10-03 16:36:41 --> Argument 1 passed to App\Controllers\Admin\Produtos::buscaProdutoOu404() must be of the type int or null, string given, called in /var/www/sistemaFood/app/Controllers/Admin/Produtos.php on line 401
in APPPATH/Controllers/Admin/Produtos.php on line 570.
 1 APPPATH/Controllers/Admin/Produtos.php(401): App\Controllers\Admin\Produtos->buscaProdutoOu404()
 2 SYSTEMPATH/CodeIgniter.php(904): App\Controllers\Admin\Produtos->especificacoes()
 3 SYSTEMPATH/CodeIgniter.php(457): CodeIgniter\CodeIgniter->runController()
 4 SYSTEMPATH/CodeIgniter.php(340): CodeIgniter\CodeIgniter->handleRequest()
 5 FCPATH/index.php(67): CodeIgniter\CodeIgniter->run()
 6 SYSTEMPATH/Commands/Server/rewrite.php(43): require_once('FCPATH/index.php')
CRITICAL - 2022-10-03 16:36:41 --> Argument 1 passed to App\Controllers\Admin\Produtos::buscaProdutoOu404() must be of the type int or null, string given, called in /var/www/sistemaFood/app/Controllers/Admin/Produtos.php on line 401
in APPPATH/Controllers/Admin/Produtos.php on line 570.
 1 APPPATH/Controllers/Admin/Produtos.php(401): App\Controllers\Admin\Produtos->buscaProdutoOu404()
 2 SYSTEMPATH/CodeIgniter.php(904): App\Controllers\Admin\Produtos->especificacoes()
 3 SYSTEMPATH/CodeIgniter.php(457): CodeIgniter\CodeIgniter->runController()
 4 SYSTEMPATH/CodeIgniter.php(340): CodeIgniter\CodeIgniter->handleRequest()
 5 FCPATH/index.php(67): CodeIgniter\CodeIgniter->run()
 6 SYSTEMPATH/Commands/Server/rewrite.php(43): require_once('FCPATH/index.php')
CRITICAL - 2022-10-03 16:36:41 --> Argument 1 passed to App\Controllers\Admin\Produtos::buscaProdutoOu404() must be of the type int or null, string given, called in /var/www/sistemaFood/app/Controllers/Admin/Produtos.php on line 401
in APPPATH/Controllers/Admin/Produtos.php on line 570.
 1 APPPATH/Controllers/Admin/Produtos.php(401): App\Controllers\Admin\Produtos->buscaProdutoOu404()
 2 SYSTEMPATH/CodeIgniter.php(904): App\Controllers\Admin\Produtos->especificacoes()
 3 SYSTEMPATH/CodeIgniter.php(457): CodeIgniter\CodeIgniter->runController()
 4 SYSTEMPATH/CodeIgniter.php(340): CodeIgniter\CodeIgniter->handleRequest()
 5 FCPATH/index.php(67): CodeIgniter\CodeIgniter->run()
 6 SYSTEMPATH/Commands/Server/rewrite.php(43): require_once('FCPATH/index.php')
CRITICAL - 2022-10-03 16:36:41 --> Argument 1 passed to App\Controllers\Admin\Produtos::buscaProdutoOu404() must be of the type int or null, string given, called in /var/www/sistemaFood/app/Controllers/Admin/Produtos.php on line 401
in APPPATH/Controllers/Admin/Produtos.php on line 570.
 1 APPPATH/Controllers/Admin/Produtos.php(401): App\Controllers\Admin\Produtos->buscaProdutoOu404()
 2 SYSTEMPATH/CodeIgniter.php(904): App\Controllers\Admin\Produtos->especificacoes()
 3 SYSTEMPATH/CodeIgniter.php(457): CodeIgniter\CodeIgniter->runController()
 4 SYSTEMPATH/CodeIgniter.php(340): CodeIgniter\CodeIgniter->handleRequest()
 5 FCPATH/index.php(67): CodeIgniter\CodeIgniter->run()
 6 SYSTEMPATH/Commands/Server/rewrite.php(43): require_once('FCPATH/index.php')
CRITICAL - 2022-10-03 16:36:41 --> Argument 1 passed to App\Controllers\Admin\Produtos::buscaProdutoOu404() must be of the type int or null, string given, called in /var/www/sistemaFood/app/Controllers/Admin/Produtos.php on line 401
in APPPATH/Controllers/Admin/Produtos.php on line 570.
 1 APPPATH/Controllers/Admin/Produtos.php(401): App\Controllers\Admin\Produtos->buscaProdutoOu404()
 2 SYSTEMPATH/CodeIgniter.php(904): App\Controllers\Admin\Produtos->especificacoes()
 3 SYSTEMPATH/CodeIgniter.php(457): CodeIgniter\CodeIgniter->runController()
 4 SYSTEMPATH/CodeIgniter.php(340): CodeIgniter\CodeIgniter->handleRequest()
 5 FCPATH/index.php(67): CodeIgniter\CodeIgniter->run()
 6 SYSTEMPATH/Commands/Server/rewrite.php(43): require_once('FCPATH/index.php')
CRITICAL - 2022-10-03 16:36:47 --> Argument 1 passed to App\Controllers\Admin\Produtos::buscaProdutoOu404() must be of the type int or null, string given, called in /var/www/sistemaFood/app/Controllers/Admin/Produtos.php on line 401
in APPPATH/Controllers/Admin/Produtos.php on line 570.
 1 APPPATH/Controllers/Admin/Produtos.php(401): App\Controllers\Admin\Produtos->buscaProdutoOu404()
 2 SYSTEMPATH/CodeIgniter.php(904): App\Controllers\Admin\Produtos->especificacoes()
 3 SYSTEMPATH/CodeIgniter.php(457): CodeIgniter\CodeIgniter->runController()
 4 SYSTEMPATH/CodeIgniter.php(340): CodeIgniter\CodeIgniter->handleRequest()
 5 FCPATH/index.php(67): CodeIgniter\CodeIgniter->run()
 6 SYSTEMPATH/Commands/Server/rewrite.php(43): require_once('FCPATH/index.php')
CRITICAL - 2022-10-03 16:36:47 --> Argument 1 passed to App\Controllers\Admin\Produtos::buscaProdutoOu404() must be of the type int or null, string given, called in /var/www/sistemaFood/app/Controllers/Admin/Produtos.php on line 401
in APPPATH/Controllers/Admin/Produtos.php on line 570.
 1 APPPATH/Controllers/Admin/Produtos.php(401): App\Controllers\Admin\Produtos->buscaProdutoOu404()
 2 SYSTEMPATH/CodeIgniter.php(904): App\Controllers\Admin\Produtos->especificacoes()
 3 SYSTEMPATH/CodeIgniter.php(457): CodeIgniter\CodeIgniter->runController()
 4 SYSTEMPATH/CodeIgniter.php(340): CodeIgniter\CodeIgniter->handleRequest()
 5 FCPATH/index.php(67): CodeIgniter\CodeIgniter->run()
 6 SYSTEMPATH/Commands/Server/rewrite.php(43): require_once('FCPATH/index.php')
CRITICAL - 2022-10-03 16:36:47 --> Argument 1 passed to App\Controllers\Admin\Produtos::buscaProdutoOu404() must be of the type int or null, string given, called in /var/www/sistemaFood/app/Controllers/Admin/Produtos.php on line 401
in APPPATH/Controllers/Admin/Produtos.php on line 570.
 1 APPPATH/Controllers/Admin/Produtos.php(401): App\Controllers\Admin\Produtos->buscaProdutoOu404()
 2 SYSTEMPATH/CodeIgniter.php(904): App\Controllers\Admin\Produtos->especificacoes()
 3 SYSTEMPATH/CodeIgniter.php(457): CodeIgniter\CodeIgniter->runController()
 4 SYSTEMPATH/CodeIgniter.php(340): CodeIgniter\CodeIgniter->handleRequest()
 5 FCPATH/index.php(67): CodeIgniter\CodeIgniter->run()
 6 SYSTEMPATH/Commands/Server/rewrite.php(43): require_once('FCPATH/index.php')
CRITICAL - 2022-10-03 16:36:47 --> Argument 1 passed to App\Controllers\Admin\Produtos::buscaProdutoOu404() must be of the type int or null, string given, called in /var/www/sistemaFood/app/Controllers/Admin/Produtos.php on line 401
in APPPATH/Controllers/Admin/Produtos.php on line 570.
 1 APPPATH/Controllers/Admin/Produtos.php(401): App\Controllers\Admin\Produtos->buscaProdutoOu404()
 2 SYSTEMPATH/CodeIgniter.php(904): App\Controllers\Admin\Produtos->especificacoes()
 3 SYSTEMPATH/CodeIgniter.php(457): CodeIgniter\CodeIgniter->runController()
 4 SYSTEMPATH/CodeIgniter.php(340): CodeIgniter\CodeIgniter->handleRequest()
 5 FCPATH/index.php(67): CodeIgniter\CodeIgniter->run()
 6 SYSTEMPATH/Commands/Server/rewrite.php(43): require_once('FCPATH/index.php')
CRITICAL - 2022-10-03 16:36:47 --> Argument 1 passed to App\Controllers\Admin\Produtos::buscaProdutoOu404() must be of the type int or null, string given, called in /var/www/sistemaFood/app/Controllers/Admin/Produtos.php on line 401
in APPPATH/Controllers/Admin/Produtos.php on line 570.
 1 APPPATH/Controllers/Admin/Produtos.php(401): App\Controllers\Admin\Produtos->buscaProdutoOu404()
 2 SYSTEMPATH/CodeIgniter.php(904): App\Controllers\Admin\Produtos->especificacoes()
 3 SYSTEMPATH/CodeIgniter.php(457): CodeIgniter\CodeIgniter->runController()
 4 SYSTEMPATH/CodeIgniter.php(340): CodeIgniter\CodeIgniter->handleRequest()
 5 FCPATH/index.php(67): CodeIgniter\CodeIgniter->run()
 6 SYSTEMPATH/Commands/Server/rewrite.php(43): require_once('FCPATH/index.php')
CRITICAL - 2022-10-03 16:36:47 --> Argument 1 passed to App\Controllers\Admin\Produtos::buscaProdutoOu404() must be of the type int or null, string given, called in /var/www/sistemaFood/app/Controllers/Admin/Produtos.php on line 401
in APPPATH/Controllers/Admin/Produtos.php on line 570.
 1 APPPATH/Controllers/Admin/Produtos.php(401): App\Controllers\Admin\Produtos->buscaProdutoOu404()
 2 SYSTEMPATH/CodeIgniter.php(904): App\Controllers\Admin\Produtos->especificacoes()
 3 SYSTEMPATH/CodeIgniter.php(457): CodeIgniter\CodeIgniter->runController()
 4 SYSTEMPATH/CodeIgniter.php(340): CodeIgniter\CodeIgniter->handleRequest()
 5 FCPATH/index.php(67): CodeIgniter\CodeIgniter->run()
 6 SYSTEMPATH/Commands/Server/rewrite.php(43): require_once('FCPATH/index.php')
CRITICAL - 2022-10-03 16:36:49 --> Argument 1 passed to App\Controllers\Admin\Produtos::buscaProdutoOu404() must be of the type int or null, string given, called in /var/www/sistemaFood/app/Controllers/Admin/Produtos.php on line 85
in APPPATH/Controllers/Admin/Produtos.php on line 570.
 1 APPPATH/Controllers/Admin/Produtos.php(85): App\Controllers\Admin\Produtos->buscaProdutoOu404()
 2 SYSTEMPATH/CodeIgniter.php(904): App\Controllers\Admin\Produtos->show()
 3 SYSTEMPATH/CodeIgniter.php(457): CodeIgniter\CodeIgniter->runController()
 4 SYSTEMPATH/CodeIgniter.php(340): CodeIgniter\CodeIgniter->handleRequest()
 5 FCPATH/index.php(67): CodeIgniter\CodeIgniter->run()
 6 SYSTEMPATH/Commands/Server/rewrite.php(43): require_once('FCPATH/index.php')
CRITICAL - 2022-10-03 16:36:49 --> Argument 1 passed to App\Controllers\Admin\Produtos::buscaProdutoOu404() must be of the type int or null, string given, called in /var/www/sistemaFood/app/Controllers/Admin/Produtos.php on line 85
in APPPATH/Controllers/Admin/Produtos.php on line 570.
 1 APPPATH/Controllers/Admin/Produtos.php(85): App\Controllers\Admin\Produtos->buscaProdutoOu404()
 2 SYSTEMPATH/CodeIgniter.php(904): App\Controllers\Admin\Produtos->show()
 3 SYSTEMPATH/CodeIgniter.php(457): CodeIgniter\CodeIgniter->runController()
 4 SYSTEMPATH/CodeIgniter.php(340): CodeIgniter\CodeIgniter->handleRequest()
 5 FCPATH/index.php(67): CodeIgniter\CodeIgniter->run()
 6 SYSTEMPATH/Commands/Server/rewrite.php(43): require_once('FCPATH/index.php')
CRITICAL - 2022-10-03 16:36:49 --> Argument 1 passed to App\Controllers\Admin\Produtos::buscaProdutoOu404() must be of the type int or null, string given, called in /var/www/sistemaFood/app/Controllers/Admin/Produtos.php on line 85
in APPPATH/Controllers/Admin/Produtos.php on line 570.
 1 APPPATH/Controllers/Admin/Produtos.php(85): App\Controllers\Admin\Produtos->buscaProdutoOu404()
 2 SYSTEMPATH/CodeIgniter.php(904): App\Controllers\Admin\Produtos->show()
 3 SYSTEMPATH/CodeIgniter.php(457): CodeIgniter\CodeIgniter->runController()
 4 SYSTEMPATH/CodeIgniter.php(340): CodeIgniter\CodeIgniter->handleRequest()
 5 FCPATH/index.php(67): CodeIgniter\CodeIgniter->run()
 6 SYSTEMPATH/Commands/Server/rewrite.php(43): require_once('FCPATH/index.php')
CRITICAL - 2022-10-03 16:36:49 --> Argument 1 passed to App\Controllers\Admin\Produtos::buscaProdutoOu404() must be of the type int or null, string given, called in /var/www/sistemaFood/app/Controllers/Admin/Produtos.php on line 85
in APPPATH/Controllers/Admin/Produtos.php on line 570.
 1 APPPATH/Controllers/Admin/Produtos.php(85): App\Controllers\Admin\Produtos->buscaProdutoOu404()
 2 SYSTEMPATH/CodeIgniter.php(904): App\Controllers\Admin\Produtos->show()
 3 SYSTEMPATH/CodeIgniter.php(457): CodeIgniter\CodeIgniter->runController()
 4 SYSTEMPATH/CodeIgniter.php(340): CodeIgniter\CodeIgniter->handleRequest()
 5 FCPATH/index.php(67): CodeIgniter\CodeIgniter->run()
 6 SYSTEMPATH/Commands/Server/rewrite.php(43): require_once('FCPATH/index.php')
CRITICAL - 2022-10-03 16:36:49 --> Argument 1 passed to App\Controllers\Admin\Produtos::buscaProdutoOu404() must be of the type int or null, string given, called in /var/www/sistemaFood/app/Controllers/Admin/Produtos.php on line 85
in APPPATH/Controllers/Admin/Produtos.php on line 570.
 1 APPPATH/Controllers/Admin/Produtos.php(85): App\Controllers\Admin\Produtos->buscaProdutoOu404()
 2 SYSTEMPATH/CodeIgniter.php(904): App\Controllers\Admin\Produtos->show()
 3 SYSTEMPATH/CodeIgniter.php(457): CodeIgniter\CodeIgniter->runController()
 4 SYSTEMPATH/CodeIgniter.php(340): CodeIgniter\CodeIgniter->handleRequest()
 5 FCPATH/index.php(67): CodeIgniter\CodeIgniter->run()
 6 SYSTEMPATH/Commands/Server/rewrite.php(43): require_once('FCPATH/index.php')
CRITICAL - 2022-10-03 16:36:49 --> Argument 1 passed to App\Controllers\Admin\Produtos::buscaProdutoOu404() must be of the type int or null, string given, called in /var/www/sistemaFood/app/Controllers/Admin/Produtos.php on line 85
in APPPATH/Controllers/Admin/Produtos.php on line 570.
 1 APPPATH/Controllers/Admin/Produtos.php(85): App\Controllers\Admin\Produtos->buscaProdutoOu404()
 2 SYSTEMPATH/CodeIgniter.php(904): App\Controllers\Admin\Produtos->show()
 3 SYSTEMPATH/CodeIgniter.php(457): CodeIgniter\CodeIgniter->runController()
 4 SYSTEMPATH/CodeIgniter.php(340): CodeIgniter\CodeIgniter->handleRequest()
 5 FCPATH/index.php(67): CodeIgniter\CodeIgniter->run()
 6 SYSTEMPATH/Commands/Server/rewrite.php(43): require_once('FCPATH/index.php')
