ERROR - 2022-11-08 19:59:32 --> Error connecting to the database: mysqli_sql_exception: Nenhuma conexão pôde ser feita porque a máquina de destino as recusou ativamente.
 in C:\xampp\htdocs\sistemaFood\system\Database\MySQLi\Connection.php:171
Stack trace:
#0 C:\xampp\htdocs\sistemaFood\system\Database\MySQLi\Connection.php(171): mysqli->real_connect('localhost', 'root', '', 'braseiro_nobre', 3306, '', 0)
#1 C:\xampp\htdocs\sistemaFood\system\Database\BaseConnection.php(382): CodeIgniter\Database\MySQLi\Connection->connect(false)
#2 C:\xampp\htdocs\sistemaFood\system\Database\BaseConnection.php(588): CodeIgniter\Database\BaseConnection->initialize()
#3 C:\xampp\htdocs\sistemaFood\system\Database\BaseBuilder.php(1585): CodeIgniter\Database\BaseConnection->query('SELECT `categor...', Array, false)
#4 C:\xampp\htdocs\sistemaFood\system\Model.php(222): CodeIgniter\Database\BaseBuilder->get()
#5 C:\xampp\htdocs\sistemaFood\system\BaseModel.php(584): CodeIgniter\Model->doFindAll(0, 0)
#6 C:\xampp\htdocs\sistemaFood\app\Models\CategoriaModel.php(91): CodeIgniter\BaseModel->findAll()
#7 C:\xampp\htdocs\sistemaFood\app\Controllers\Home.php(24): App\Models\CategoriaModel->buscaCategoriasSiteHome()
#8 C:\xampp\htdocs\sistemaFood\system\CodeIgniter.php(904): App\Controllers\Home->index()
#9 C:\xampp\htdocs\sistemaFood\system\CodeIgniter.php(457): CodeIgniter\CodeIgniter->runController(Object(App\Controllers\Home))
#10 C:\xampp\htdocs\sistemaFood\system\CodeIgniter.php(340): CodeIgniter\CodeIgniter->handleRequest(NULL, Object(Config\Cache), false)
#11 C:\xampp\htdocs\sistemaFood\public\index.php(67): CodeIgniter\CodeIgniter->run()
#12 C:\xampp\htdocs\sistemaFood\system\Commands\Server\rewrite.php(43): require_once('C:\\xampp\\htdocs...')
#13 {main}

Next CodeIgniter\Database\Exceptions\DatabaseException: Nenhuma conexão pôde ser feita porque a máquina de destino as recusou ativamente.
 in C:\xampp\htdocs\sistemaFood\system\Database\MySQLi\Connection.php:215
Stack trace:
#0 C:\xampp\htdocs\sistemaFood\system\Database\BaseConnection.php(382): CodeIgniter\Database\MySQLi\Connection->connect(false)
#1 C:\xampp\htdocs\sistemaFood\system\Database\BaseConnection.php(588): CodeIgniter\Database\BaseConnection->initialize()
#2 C:\xampp\htdocs\sistemaFood\system\Database\BaseBuilder.php(1585): CodeIgniter\Database\BaseConnection->query('SELECT `categor...', Array, false)
#3 C:\xampp\htdocs\sistemaFood\system\Model.php(222): CodeIgniter\Database\BaseBuilder->get()
#4 C:\xampp\htdocs\sistemaFood\system\BaseModel.php(584): CodeIgniter\Model->doFindAll(0, 0)
#5 C:\xampp\htdocs\sistemaFood\app\Models\CategoriaModel.php(91): CodeIgniter\BaseModel->findAll()
#6 C:\xampp\htdocs\sistemaFood\app\Controllers\Home.php(24): App\Models\CategoriaModel->buscaCategoriasSiteHome()
#7 C:\xampp\htdocs\sistemaFood\system\CodeIgniter.php(904): App\Controllers\Home->index()
#8 C:\xampp\htdocs\sistemaFood\system\CodeIgniter.php(457): CodeIgniter\CodeIgniter->runController(Object(App\Controllers\Home))
#9 C:\xampp\htdocs\sistemaFood\system\CodeIgniter.php(340): CodeIgniter\CodeIgniter->handleRequest(NULL, Object(Config\Cache), false)
#10 C:\xampp\htdocs\sistemaFood\public\index.php(67): CodeIgniter\CodeIgniter->run()
#11 C:\xampp\htdocs\sistemaFood\system\Commands\Server\rewrite.php(43): require_once('C:\\xampp\\htdocs...')
#12 {main}
CRITICAL - 2022-11-08 19:59:32 --> Unable to connect to the database.
Main connection [MySQLi]: Nenhuma conexão pôde ser feita porque a máquina de destino as recusou ativamente.

in SYSTEMPATH\Database\BaseConnection.php on line 418.
 1 SYSTEMPATH\Database\BaseConnection.php(588): CodeIgniter\Database\BaseConnection->initialize()
 2 SYSTEMPATH\Database\BaseBuilder.php(1585): CodeIgniter\Database\BaseConnection->query('SELECT `categorias`.`id`, `categorias`.`nome`, `categorias`.`slug`
FROM `categorias`
JOIN `produtos` ON `produtos`.`categoria_id` = `categorias`.`id`
WHERE `categorias`.`deletado_em` IS NULL
GROUP BY `categorias`.`id`', [], false)
 3 SYSTEMPATH\Model.php(222): CodeIgniter\Database\BaseBuilder->get()
 4 SYSTEMPATH\BaseModel.php(584): CodeIgniter\Model->doFindAll(0, 0)
 5 APPPATH\Models\CategoriaModel.php(91): CodeIgniter\BaseModel->findAll()
 6 APPPATH\Controllers\Home.php(24): App\Models\CategoriaModel->buscaCategoriasSiteHome()
 7 SYSTEMPATH\CodeIgniter.php(904): App\Controllers\Home->index()
 8 SYSTEMPATH\CodeIgniter.php(457): CodeIgniter\CodeIgniter->runController(Object(App\Controllers\Home))
 9 SYSTEMPATH\CodeIgniter.php(340): CodeIgniter\CodeIgniter->handleRequest(null, Object(Config\Cache), false)
10 FCPATH\index.php(67): CodeIgniter\CodeIgniter->run()
11 SYSTEMPATH\Commands\Server\rewrite.php(43): require_once('FCPATH\\index.php')
ERROR - 2022-11-08 19:59:44 --> Error connecting to the database: mysqli_sql_exception: Nenhuma conexão pôde ser feita porque a máquina de destino as recusou ativamente.
 in C:\xampp\htdocs\sistemaFood\system\Database\MySQLi\Connection.php:171
Stack trace:
#0 C:\xampp\htdocs\sistemaFood\system\Database\MySQLi\Connection.php(171): mysqli->real_connect('localhost', 'root', '', 'braseiro_nobre', 3306, '', 0)
#1 C:\xampp\htdocs\sistemaFood\system\Database\BaseConnection.php(382): CodeIgniter\Database\MySQLi\Connection->connect(false)
#2 C:\xampp\htdocs\sistemaFood\system\Database\BaseConnection.php(588): CodeIgniter\Database\BaseConnection->initialize()
#3 C:\xampp\htdocs\sistemaFood\system\Database\BaseBuilder.php(1585): CodeIgniter\Database\BaseConnection->query('SELECT `categor...', Array, false)
#4 C:\xampp\htdocs\sistemaFood\system\Model.php(222): CodeIgniter\Database\BaseBuilder->get()
#5 C:\xampp\htdocs\sistemaFood\system\BaseModel.php(584): CodeIgniter\Model->doFindAll(0, 0)
#6 C:\xampp\htdocs\sistemaFood\app\Models\CategoriaModel.php(91): CodeIgniter\BaseModel->findAll()
#7 C:\xampp\htdocs\sistemaFood\app\Controllers\Home.php(24): App\Models\CategoriaModel->buscaCategoriasSiteHome()
#8 C:\xampp\htdocs\sistemaFood\system\CodeIgniter.php(904): App\Controllers\Home->index()
#9 C:\xampp\htdocs\sistemaFood\system\CodeIgniter.php(457): CodeIgniter\CodeIgniter->runController(Object(App\Controllers\Home))
#10 C:\xampp\htdocs\sistemaFood\system\CodeIgniter.php(340): CodeIgniter\CodeIgniter->handleRequest(NULL, Object(Config\Cache), false)
#11 C:\xampp\htdocs\sistemaFood\public\index.php(67): CodeIgniter\CodeIgniter->run()
#12 C:\xampp\htdocs\sistemaFood\system\Commands\Server\rewrite.php(43): require_once('C:\\xampp\\htdocs...')
#13 {main}

Next CodeIgniter\Database\Exceptions\DatabaseException: Nenhuma conexão pôde ser feita porque a máquina de destino as recusou ativamente.
 in C:\xampp\htdocs\sistemaFood\system\Database\MySQLi\Connection.php:215
Stack trace:
#0 C:\xampp\htdocs\sistemaFood\system\Database\BaseConnection.php(382): CodeIgniter\Database\MySQLi\Connection->connect(false)
#1 C:\xampp\htdocs\sistemaFood\system\Database\BaseConnection.php(588): CodeIgniter\Database\BaseConnection->initialize()
#2 C:\xampp\htdocs\sistemaFood\system\Database\BaseBuilder.php(1585): CodeIgniter\Database\BaseConnection->query('SELECT `categor...', Array, false)
#3 C:\xampp\htdocs\sistemaFood\system\Model.php(222): CodeIgniter\Database\BaseBuilder->get()
#4 C:\xampp\htdocs\sistemaFood\system\BaseModel.php(584): CodeIgniter\Model->doFindAll(0, 0)
#5 C:\xampp\htdocs\sistemaFood\app\Models\CategoriaModel.php(91): CodeIgniter\BaseModel->findAll()
#6 C:\xampp\htdocs\sistemaFood\app\Controllers\Home.php(24): App\Models\CategoriaModel->buscaCategoriasSiteHome()
#7 C:\xampp\htdocs\sistemaFood\system\CodeIgniter.php(904): App\Controllers\Home->index()
#8 C:\xampp\htdocs\sistemaFood\system\CodeIgniter.php(457): CodeIgniter\CodeIgniter->runController(Object(App\Controllers\Home))
#9 C:\xampp\htdocs\sistemaFood\system\CodeIgniter.php(340): CodeIgniter\CodeIgniter->handleRequest(NULL, Object(Config\Cache), false)
#10 C:\xampp\htdocs\sistemaFood\public\index.php(67): CodeIgniter\CodeIgniter->run()
#11 C:\xampp\htdocs\sistemaFood\system\Commands\Server\rewrite.php(43): require_once('C:\\xampp\\htdocs...')
#12 {main}
CRITICAL - 2022-11-08 19:59:44 --> Unable to connect to the database.
Main connection [MySQLi]: Nenhuma conexão pôde ser feita porque a máquina de destino as recusou ativamente.

in SYSTEMPATH\Database\BaseConnection.php on line 418.
 1 SYSTEMPATH\Database\BaseConnection.php(588): CodeIgniter\Database\BaseConnection->initialize()
 2 SYSTEMPATH\Database\BaseBuilder.php(1585): CodeIgniter\Database\BaseConnection->query('SELECT `categorias`.`id`, `categorias`.`nome`, `categorias`.`slug`
FROM `categorias`
JOIN `produtos` ON `produtos`.`categoria_id` = `categorias`.`id`
WHERE `categorias`.`deletado_em` IS NULL
GROUP BY `categorias`.`id`', [], false)
 3 SYSTEMPATH\Model.php(222): CodeIgniter\Database\BaseBuilder->get()
 4 SYSTEMPATH\BaseModel.php(584): CodeIgniter\Model->doFindAll(0, 0)
 5 APPPATH\Models\CategoriaModel.php(91): CodeIgniter\BaseModel->findAll()
 6 APPPATH\Controllers\Home.php(24): App\Models\CategoriaModel->buscaCategoriasSiteHome()
 7 SYSTEMPATH\CodeIgniter.php(904): App\Controllers\Home->index()
 8 SYSTEMPATH\CodeIgniter.php(457): CodeIgniter\CodeIgniter->runController(Object(App\Controllers\Home))
 9 SYSTEMPATH\CodeIgniter.php(340): CodeIgniter\CodeIgniter->handleRequest(null, Object(Config\Cache), false)
10 FCPATH\index.php(67): CodeIgniter\CodeIgniter->run()
11 SYSTEMPATH\Commands\Server\rewrite.php(43): require_once('FCPATH\\index.php')
ERROR - 2022-11-08 19:59:53 --> Error connecting to the database: mysqli_sql_exception: Nenhuma conexão pôde ser feita porque a máquina de destino as recusou ativamente.
 in C:\xampp\htdocs\sistemaFood\system\Database\MySQLi\Connection.php:171
Stack trace:
#0 C:\xampp\htdocs\sistemaFood\system\Database\MySQLi\Connection.php(171): mysqli->real_connect('localhost', 'root', '', 'braseiro_nobre', 3306, '', 0)
#1 C:\xampp\htdocs\sistemaFood\system\Database\BaseConnection.php(382): CodeIgniter\Database\MySQLi\Connection->connect(false)
#2 C:\xampp\htdocs\sistemaFood\system\Database\BaseConnection.php(588): CodeIgniter\Database\BaseConnection->initialize()
#3 C:\xampp\htdocs\sistemaFood\system\Database\BaseBuilder.php(1585): CodeIgniter\Database\BaseConnection->query('SELECT `categor...', Array, false)
#4 C:\xampp\htdocs\sistemaFood\system\Model.php(222): CodeIgniter\Database\BaseBuilder->get()
#5 C:\xampp\htdocs\sistemaFood\system\BaseModel.php(584): CodeIgniter\Model->doFindAll(0, 0)
#6 C:\xampp\htdocs\sistemaFood\app\Models\CategoriaModel.php(91): CodeIgniter\BaseModel->findAll()
#7 C:\xampp\htdocs\sistemaFood\app\Controllers\Home.php(24): App\Models\CategoriaModel->buscaCategoriasSiteHome()
#8 C:\xampp\htdocs\sistemaFood\system\CodeIgniter.php(904): App\Controllers\Home->index()
#9 C:\xampp\htdocs\sistemaFood\system\CodeIgniter.php(457): CodeIgniter\CodeIgniter->runController(Object(App\Controllers\Home))
#10 C:\xampp\htdocs\sistemaFood\system\CodeIgniter.php(340): CodeIgniter\CodeIgniter->handleRequest(NULL, Object(Config\Cache), false)
#11 C:\xampp\htdocs\sistemaFood\public\index.php(67): CodeIgniter\CodeIgniter->run()
#12 C:\xampp\htdocs\sistemaFood\system\Commands\Server\rewrite.php(43): require_once('C:\\xampp\\htdocs...')
#13 {main}

Next CodeIgniter\Database\Exceptions\DatabaseException: Nenhuma conexão pôde ser feita porque a máquina de destino as recusou ativamente.
 in C:\xampp\htdocs\sistemaFood\system\Database\MySQLi\Connection.php:215
Stack trace:
#0 C:\xampp\htdocs\sistemaFood\system\Database\BaseConnection.php(382): CodeIgniter\Database\MySQLi\Connection->connect(false)
#1 C:\xampp\htdocs\sistemaFood\system\Database\BaseConnection.php(588): CodeIgniter\Database\BaseConnection->initialize()
#2 C:\xampp\htdocs\sistemaFood\system\Database\BaseBuilder.php(1585): CodeIgniter\Database\BaseConnection->query('SELECT `categor...', Array, false)
#3 C:\xampp\htdocs\sistemaFood\system\Model.php(222): CodeIgniter\Database\BaseBuilder->get()
#4 C:\xampp\htdocs\sistemaFood\system\BaseModel.php(584): CodeIgniter\Model->doFindAll(0, 0)
#5 C:\xampp\htdocs\sistemaFood\app\Models\CategoriaModel.php(91): CodeIgniter\BaseModel->findAll()
#6 C:\xampp\htdocs\sistemaFood\app\Controllers\Home.php(24): App\Models\CategoriaModel->buscaCategoriasSiteHome()
#7 C:\xampp\htdocs\sistemaFood\system\CodeIgniter.php(904): App\Controllers\Home->index()
#8 C:\xampp\htdocs\sistemaFood\system\CodeIgniter.php(457): CodeIgniter\CodeIgniter->runController(Object(App\Controllers\Home))
#9 C:\xampp\htdocs\sistemaFood\system\CodeIgniter.php(340): CodeIgniter\CodeIgniter->handleRequest(NULL, Object(Config\Cache), false)
#10 C:\xampp\htdocs\sistemaFood\public\index.php(67): CodeIgniter\CodeIgniter->run()
#11 C:\xampp\htdocs\sistemaFood\system\Commands\Server\rewrite.php(43): require_once('C:\\xampp\\htdocs...')
#12 {main}
CRITICAL - 2022-11-08 19:59:53 --> Unable to connect to the database.
Main connection [MySQLi]: Nenhuma conexão pôde ser feita porque a máquina de destino as recusou ativamente.

in SYSTEMPATH\Database\BaseConnection.php on line 418.
 1 SYSTEMPATH\Database\BaseConnection.php(588): CodeIgniter\Database\BaseConnection->initialize()
 2 SYSTEMPATH\Database\BaseBuilder.php(1585): CodeIgniter\Database\BaseConnection->query('SELECT `categorias`.`id`, `categorias`.`nome`, `categorias`.`slug`
FROM `categorias`
JOIN `produtos` ON `produtos`.`categoria_id` = `categorias`.`id`
WHERE `categorias`.`deletado_em` IS NULL
GROUP BY `categorias`.`id`', [], false)
 3 SYSTEMPATH\Model.php(222): CodeIgniter\Database\BaseBuilder->get()
 4 SYSTEMPATH\BaseModel.php(584): CodeIgniter\Model->doFindAll(0, 0)
 5 APPPATH\Models\CategoriaModel.php(91): CodeIgniter\BaseModel->findAll()
 6 APPPATH\Controllers\Home.php(24): App\Models\CategoriaModel->buscaCategoriasSiteHome()
 7 SYSTEMPATH\CodeIgniter.php(904): App\Controllers\Home->index()
 8 SYSTEMPATH\CodeIgniter.php(457): CodeIgniter\CodeIgniter->runController(Object(App\Controllers\Home))
 9 SYSTEMPATH\CodeIgniter.php(340): CodeIgniter\CodeIgniter->handleRequest(null, Object(Config\Cache), false)
10 FCPATH\index.php(67): CodeIgniter\CodeIgniter->run()
11 SYSTEMPATH\Commands\Server\rewrite.php(43): require_once('FCPATH\\index.php')
ERROR - 2022-11-08 20:01:37 --> Error connecting to the database: mysqli_sql_exception: Nenhuma conexão pôde ser feita porque a máquina de destino as recusou ativamente.
 in C:\xampp\htdocs\sistemaFood\system\Database\MySQLi\Connection.php:171
Stack trace:
#0 C:\xampp\htdocs\sistemaFood\system\Database\MySQLi\Connection.php(171): mysqli->real_connect('localhost', 'root', '', 'braseiro_nobre', 3306, '', 0)
#1 C:\xampp\htdocs\sistemaFood\system\Database\BaseConnection.php(382): CodeIgniter\Database\MySQLi\Connection->connect(false)
#2 C:\xampp\htdocs\sistemaFood\system\Database\BaseConnection.php(588): CodeIgniter\Database\BaseConnection->initialize()
#3 C:\xampp\htdocs\sistemaFood\system\Database\BaseBuilder.php(1585): CodeIgniter\Database\BaseConnection->query('SELECT `categor...', Array, false)
#4 C:\xampp\htdocs\sistemaFood\system\Model.php(222): CodeIgniter\Database\BaseBuilder->get()
#5 C:\xampp\htdocs\sistemaFood\system\BaseModel.php(584): CodeIgniter\Model->doFindAll(0, 0)
#6 C:\xampp\htdocs\sistemaFood\app\Models\CategoriaModel.php(91): CodeIgniter\BaseModel->findAll()
#7 C:\xampp\htdocs\sistemaFood\app\Controllers\Home.php(24): App\Models\CategoriaModel->buscaCategoriasSiteHome()
#8 C:\xampp\htdocs\sistemaFood\system\CodeIgniter.php(904): App\Controllers\Home->index()
#9 C:\xampp\htdocs\sistemaFood\system\CodeIgniter.php(457): CodeIgniter\CodeIgniter->runController(Object(App\Controllers\Home))
#10 C:\xampp\htdocs\sistemaFood\system\CodeIgniter.php(340): CodeIgniter\CodeIgniter->handleRequest(NULL, Object(Config\Cache), false)
#11 C:\xampp\htdocs\sistemaFood\public\index.php(67): CodeIgniter\CodeIgniter->run()
#12 C:\xampp\htdocs\sistemaFood\system\Commands\Server\rewrite.php(43): require_once('C:\\xampp\\htdocs...')
#13 {main}

Next CodeIgniter\Database\Exceptions\DatabaseException: Nenhuma conexão pôde ser feita porque a máquina de destino as recusou ativamente.
 in C:\xampp\htdocs\sistemaFood\system\Database\MySQLi\Connection.php:215
Stack trace:
#0 C:\xampp\htdocs\sistemaFood\system\Database\BaseConnection.php(382): CodeIgniter\Database\MySQLi\Connection->connect(false)
#1 C:\xampp\htdocs\sistemaFood\system\Database\BaseConnection.php(588): CodeIgniter\Database\BaseConnection->initialize()
#2 C:\xampp\htdocs\sistemaFood\system\Database\BaseBuilder.php(1585): CodeIgniter\Database\BaseConnection->query('SELECT `categor...', Array, false)
#3 C:\xampp\htdocs\sistemaFood\system\Model.php(222): CodeIgniter\Database\BaseBuilder->get()
#4 C:\xampp\htdocs\sistemaFood\system\BaseModel.php(584): CodeIgniter\Model->doFindAll(0, 0)
#5 C:\xampp\htdocs\sistemaFood\app\Models\CategoriaModel.php(91): CodeIgniter\BaseModel->findAll()
#6 C:\xampp\htdocs\sistemaFood\app\Controllers\Home.php(24): App\Models\CategoriaModel->buscaCategoriasSiteHome()
#7 C:\xampp\htdocs\sistemaFood\system\CodeIgniter.php(904): App\Controllers\Home->index()
#8 C:\xampp\htdocs\sistemaFood\system\CodeIgniter.php(457): CodeIgniter\CodeIgniter->runController(Object(App\Controllers\Home))
#9 C:\xampp\htdocs\sistemaFood\system\CodeIgniter.php(340): CodeIgniter\CodeIgniter->handleRequest(NULL, Object(Config\Cache), false)
#10 C:\xampp\htdocs\sistemaFood\public\index.php(67): CodeIgniter\CodeIgniter->run()
#11 C:\xampp\htdocs\sistemaFood\system\Commands\Server\rewrite.php(43): require_once('C:\\xampp\\htdocs...')
#12 {main}
CRITICAL - 2022-11-08 20:01:37 --> Unable to connect to the database.
Main connection [MySQLi]: Nenhuma conexão pôde ser feita porque a máquina de destino as recusou ativamente.

in SYSTEMPATH\Database\BaseConnection.php on line 418.
 1 SYSTEMPATH\Database\BaseConnection.php(588): CodeIgniter\Database\BaseConnection->initialize()
 2 SYSTEMPATH\Database\BaseBuilder.php(1585): CodeIgniter\Database\BaseConnection->query('SELECT `categorias`.`id`, `categorias`.`nome`, `categorias`.`slug`
FROM `categorias`
JOIN `produtos` ON `produtos`.`categoria_id` = `categorias`.`id`
WHERE `categorias`.`deletado_em` IS NULL
GROUP BY `categorias`.`id`', [], false)
 3 SYSTEMPATH\Model.php(222): CodeIgniter\Database\BaseBuilder->get()
 4 SYSTEMPATH\BaseModel.php(584): CodeIgniter\Model->doFindAll(0, 0)
 5 APPPATH\Models\CategoriaModel.php(91): CodeIgniter\BaseModel->findAll()
 6 APPPATH\Controllers\Home.php(24): App\Models\CategoriaModel->buscaCategoriasSiteHome()
 7 SYSTEMPATH\CodeIgniter.php(904): App\Controllers\Home->index()
 8 SYSTEMPATH\CodeIgniter.php(457): CodeIgniter\CodeIgniter->runController(Object(App\Controllers\Home))
 9 SYSTEMPATH\CodeIgniter.php(340): CodeIgniter\CodeIgniter->handleRequest(null, Object(Config\Cache), false)
10 FCPATH\index.php(67): CodeIgniter\CodeIgniter->run()
11 SYSTEMPATH\Commands\Server\rewrite.php(43): require_once('FCPATH\\index.php')
ERROR - 2022-11-08 20:06:54 --> Error connecting to the database: mysqli_sql_exception: Nenhuma conexão pôde ser feita porque a máquina de destino as recusou ativamente.
 in C:\xampp\htdocs\sistemaFood\system\Database\MySQLi\Connection.php:171
Stack trace:
#0 C:\xampp\htdocs\sistemaFood\system\Database\MySQLi\Connection.php(171): mysqli->real_connect('localhost', 'root', '', 'braseiro_nobre', 3306, '', 0)
#1 C:\xampp\htdocs\sistemaFood\system\Database\BaseConnection.php(382): CodeIgniter\Database\MySQLi\Connection->connect(false)
#2 C:\xampp\htdocs\sistemaFood\system\Database\BaseConnection.php(588): CodeIgniter\Database\BaseConnection->initialize()
#3 C:\xampp\htdocs\sistemaFood\system\Database\BaseBuilder.php(1585): CodeIgniter\Database\BaseConnection->query('SELECT `categor...', Array, false)
#4 C:\xampp\htdocs\sistemaFood\system\Model.php(222): CodeIgniter\Database\BaseBuilder->get()
#5 C:\xampp\htdocs\sistemaFood\system\BaseModel.php(584): CodeIgniter\Model->doFindAll(0, 0)
#6 C:\xampp\htdocs\sistemaFood\app\Models\CategoriaModel.php(91): CodeIgniter\BaseModel->findAll()
#7 C:\xampp\htdocs\sistemaFood\app\Controllers\Home.php(24): App\Models\CategoriaModel->buscaCategoriasSiteHome()
#8 C:\xampp\htdocs\sistemaFood\system\CodeIgniter.php(904): App\Controllers\Home->index()
#9 C:\xampp\htdocs\sistemaFood\system\CodeIgniter.php(457): CodeIgniter\CodeIgniter->runController(Object(App\Controllers\Home))
#10 C:\xampp\htdocs\sistemaFood\system\CodeIgniter.php(340): CodeIgniter\CodeIgniter->handleRequest(NULL, Object(Config\Cache), false)
#11 C:\xampp\htdocs\sistemaFood\public\index.php(67): CodeIgniter\CodeIgniter->run()
#12 C:\xampp\htdocs\sistemaFood\system\Commands\Server\rewrite.php(43): require_once('C:\\xampp\\htdocs...')
#13 {main}

Next CodeIgniter\Database\Exceptions\DatabaseException: Nenhuma conexão pôde ser feita porque a máquina de destino as recusou ativamente.
 in C:\xampp\htdocs\sistemaFood\system\Database\MySQLi\Connection.php:215
Stack trace:
#0 C:\xampp\htdocs\sistemaFood\system\Database\BaseConnection.php(382): CodeIgniter\Database\MySQLi\Connection->connect(false)
#1 C:\xampp\htdocs\sistemaFood\system\Database\BaseConnection.php(588): CodeIgniter\Database\BaseConnection->initialize()
#2 C:\xampp\htdocs\sistemaFood\system\Database\BaseBuilder.php(1585): CodeIgniter\Database\BaseConnection->query('SELECT `categor...', Array, false)
#3 C:\xampp\htdocs\sistemaFood\system\Model.php(222): CodeIgniter\Database\BaseBuilder->get()
#4 C:\xampp\htdocs\sistemaFood\system\BaseModel.php(584): CodeIgniter\Model->doFindAll(0, 0)
#5 C:\xampp\htdocs\sistemaFood\app\Models\CategoriaModel.php(91): CodeIgniter\BaseModel->findAll()
#6 C:\xampp\htdocs\sistemaFood\app\Controllers\Home.php(24): App\Models\CategoriaModel->buscaCategoriasSiteHome()
#7 C:\xampp\htdocs\sistemaFood\system\CodeIgniter.php(904): App\Controllers\Home->index()
#8 C:\xampp\htdocs\sistemaFood\system\CodeIgniter.php(457): CodeIgniter\CodeIgniter->runController(Object(App\Controllers\Home))
#9 C:\xampp\htdocs\sistemaFood\system\CodeIgniter.php(340): CodeIgniter\CodeIgniter->handleRequest(NULL, Object(Config\Cache), false)
#10 C:\xampp\htdocs\sistemaFood\public\index.php(67): CodeIgniter\CodeIgniter->run()
#11 C:\xampp\htdocs\sistemaFood\system\Commands\Server\rewrite.php(43): require_once('C:\\xampp\\htdocs...')
#12 {main}
CRITICAL - 2022-11-08 20:06:54 --> Unable to connect to the database.
Main connection [MySQLi]: Nenhuma conexão pôde ser feita porque a máquina de destino as recusou ativamente.

in SYSTEMPATH\Database\BaseConnection.php on line 418.
 1 SYSTEMPATH\Database\BaseConnection.php(588): CodeIgniter\Database\BaseConnection->initialize()
 2 SYSTEMPATH\Database\BaseBuilder.php(1585): CodeIgniter\Database\BaseConnection->query('SELECT `categorias`.`id`, `categorias`.`nome`, `categorias`.`slug`
FROM `categorias`
JOIN `produtos` ON `produtos`.`categoria_id` = `categorias`.`id`
WHERE `categorias`.`deletado_em` IS NULL
GROUP BY `categorias`.`id`', [], false)
 3 SYSTEMPATH\Model.php(222): CodeIgniter\Database\BaseBuilder->get()
 4 SYSTEMPATH\BaseModel.php(584): CodeIgniter\Model->doFindAll(0, 0)
 5 APPPATH\Models\CategoriaModel.php(91): CodeIgniter\BaseModel->findAll()
 6 APPPATH\Controllers\Home.php(24): App\Models\CategoriaModel->buscaCategoriasSiteHome()
 7 SYSTEMPATH\CodeIgniter.php(904): App\Controllers\Home->index()
 8 SYSTEMPATH\CodeIgniter.php(457): CodeIgniter\CodeIgniter->runController(Object(App\Controllers\Home))
 9 SYSTEMPATH\CodeIgniter.php(340): CodeIgniter\CodeIgniter->handleRequest(null, Object(Config\Cache), false)
10 FCPATH\index.php(67): CodeIgniter\CodeIgniter->run()
11 SYSTEMPATH\Commands\Server\rewrite.php(43): require_once('FCPATH\\index.php')
ERROR - 2022-11-08 20:07:06 --> Error connecting to the database: mysqli_sql_exception: Nenhuma conexão pôde ser feita porque a máquina de destino as recusou ativamente.
 in C:\xampp\htdocs\sistemaFood\system\Database\MySQLi\Connection.php:171
Stack trace:
#0 C:\xampp\htdocs\sistemaFood\system\Database\MySQLi\Connection.php(171): mysqli->real_connect('localhost', 'root', '', 'braseiro_nobre', 3306, '', 0)
#1 C:\xampp\htdocs\sistemaFood\system\Database\BaseConnection.php(382): CodeIgniter\Database\MySQLi\Connection->connect(false)
#2 C:\xampp\htdocs\sistemaFood\system\Database\BaseConnection.php(588): CodeIgniter\Database\BaseConnection->initialize()
#3 C:\xampp\htdocs\sistemaFood\system\Database\BaseBuilder.php(1585): CodeIgniter\Database\BaseConnection->query('SELECT `categor...', Array, false)
#4 C:\xampp\htdocs\sistemaFood\system\Model.php(222): CodeIgniter\Database\BaseBuilder->get()
#5 C:\xampp\htdocs\sistemaFood\system\BaseModel.php(584): CodeIgniter\Model->doFindAll(0, 0)
#6 C:\xampp\htdocs\sistemaFood\app\Models\CategoriaModel.php(91): CodeIgniter\BaseModel->findAll()
#7 C:\xampp\htdocs\sistemaFood\app\Controllers\Home.php(24): App\Models\CategoriaModel->buscaCategoriasSiteHome()
#8 C:\xampp\htdocs\sistemaFood\system\CodeIgniter.php(904): App\Controllers\Home->index()
#9 C:\xampp\htdocs\sistemaFood\system\CodeIgniter.php(457): CodeIgniter\CodeIgniter->runController(Object(App\Controllers\Home))
#10 C:\xampp\htdocs\sistemaFood\system\CodeIgniter.php(340): CodeIgniter\CodeIgniter->handleRequest(NULL, Object(Config\Cache), false)
#11 C:\xampp\htdocs\sistemaFood\public\index.php(67): CodeIgniter\CodeIgniter->run()
#12 C:\xampp\htdocs\sistemaFood\system\Commands\Server\rewrite.php(43): require_once('C:\\xampp\\htdocs...')
#13 {main}

Next CodeIgniter\Database\Exceptions\DatabaseException: Nenhuma conexão pôde ser feita porque a máquina de destino as recusou ativamente.
 in C:\xampp\htdocs\sistemaFood\system\Database\MySQLi\Connection.php:215
Stack trace:
#0 C:\xampp\htdocs\sistemaFood\system\Database\BaseConnection.php(382): CodeIgniter\Database\MySQLi\Connection->connect(false)
#1 C:\xampp\htdocs\sistemaFood\system\Database\BaseConnection.php(588): CodeIgniter\Database\BaseConnection->initialize()
#2 C:\xampp\htdocs\sistemaFood\system\Database\BaseBuilder.php(1585): CodeIgniter\Database\BaseConnection->query('SELECT `categor...', Array, false)
#3 C:\xampp\htdocs\sistemaFood\system\Model.php(222): CodeIgniter\Database\BaseBuilder->get()
#4 C:\xampp\htdocs\sistemaFood\system\BaseModel.php(584): CodeIgniter\Model->doFindAll(0, 0)
#5 C:\xampp\htdocs\sistemaFood\app\Models\CategoriaModel.php(91): CodeIgniter\BaseModel->findAll()
#6 C:\xampp\htdocs\sistemaFood\app\Controllers\Home.php(24): App\Models\CategoriaModel->buscaCategoriasSiteHome()
#7 C:\xampp\htdocs\sistemaFood\system\CodeIgniter.php(904): App\Controllers\Home->index()
#8 C:\xampp\htdocs\sistemaFood\system\CodeIgniter.php(457): CodeIgniter\CodeIgniter->runController(Object(App\Controllers\Home))
#9 C:\xampp\htdocs\sistemaFood\system\CodeIgniter.php(340): CodeIgniter\CodeIgniter->handleRequest(NULL, Object(Config\Cache), false)
#10 C:\xampp\htdocs\sistemaFood\public\index.php(67): CodeIgniter\CodeIgniter->run()
#11 C:\xampp\htdocs\sistemaFood\system\Commands\Server\rewrite.php(43): require_once('C:\\xampp\\htdocs...')
#12 {main}
CRITICAL - 2022-11-08 20:07:06 --> Unable to connect to the database.
Main connection [MySQLi]: Nenhuma conexão pôde ser feita porque a máquina de destino as recusou ativamente.

in SYSTEMPATH\Database\BaseConnection.php on line 418.
 1 SYSTEMPATH\Database\BaseConnection.php(588): CodeIgniter\Database\BaseConnection->initialize()
 2 SYSTEMPATH\Database\BaseBuilder.php(1585): CodeIgniter\Database\BaseConnection->query('SELECT `categorias`.`id`, `categorias`.`nome`, `categorias`.`slug`
FROM `categorias`
JOIN `produtos` ON `produtos`.`categoria_id` = `categorias`.`id`
WHERE `categorias`.`deletado_em` IS NULL
GROUP BY `categorias`.`id`', [], false)
 3 SYSTEMPATH\Model.php(222): CodeIgniter\Database\BaseBuilder->get()
 4 SYSTEMPATH\BaseModel.php(584): CodeIgniter\Model->doFindAll(0, 0)
 5 APPPATH\Models\CategoriaModel.php(91): CodeIgniter\BaseModel->findAll()
 6 APPPATH\Controllers\Home.php(24): App\Models\CategoriaModel->buscaCategoriasSiteHome()
 7 SYSTEMPATH\CodeIgniter.php(904): App\Controllers\Home->index()
 8 SYSTEMPATH\CodeIgniter.php(457): CodeIgniter\CodeIgniter->runController(Object(App\Controllers\Home))
 9 SYSTEMPATH\CodeIgniter.php(340): CodeIgniter\CodeIgniter->handleRequest(null, Object(Config\Cache), false)
10 FCPATH\index.php(67): CodeIgniter\CodeIgniter->run()
11 SYSTEMPATH\Commands\Server\rewrite.php(43): require_once('FCPATH\\index.php')
CRITICAL - 2022-11-08 21:11:32 --> Argument 1 passed to App\Controllers\Admin\Categorias::buscaCategoriaOu404() must be of the type int or null, string given, called in C:\xampp\htdocs\sistemaFood\app\Controllers\Admin\Categorias.php on line 106
in APPPATH\Controllers\Admin\Categorias.php on line 238.
 1 APPPATH\Controllers\Admin\Categorias.php(106): App\Controllers\Admin\Categorias->buscaCategoriaOu404('images')
 2 SYSTEMPATH\CodeIgniter.php(904): App\Controllers\Admin\Categorias->show('images', 'logoAdmin.png')
 3 SYSTEMPATH\CodeIgniter.php(457): CodeIgniter\CodeIgniter->runController(Object(App\Controllers\Admin\Categorias))
 4 SYSTEMPATH\CodeIgniter.php(340): CodeIgniter\CodeIgniter->handleRequest(null, Object(Config\Cache), false)
 5 FCPATH\index.php(67): CodeIgniter\CodeIgniter->run()
 6 SYSTEMPATH\Commands\Server\rewrite.php(43): require_once('FCPATH\\index.php')
CRITICAL - 2022-11-08 21:11:32 --> Argument 1 passed to App\Controllers\Admin\Categorias::buscaCategoriaOu404() must be of the type int or null, string given, called in C:\xampp\htdocs\sistemaFood\app\Controllers\Admin\Categorias.php on line 106
in APPPATH\Controllers\Admin\Categorias.php on line 238.
 1 APPPATH\Controllers\Admin\Categorias.php(106): App\Controllers\Admin\Categorias->buscaCategoriaOu404('images')
 2 SYSTEMPATH\CodeIgniter.php(904): App\Controllers\Admin\Categorias->show('images', 'logo-mini.png')
 3 SYSTEMPATH\CodeIgniter.php(457): CodeIgniter\CodeIgniter->runController(Object(App\Controllers\Admin\Categorias))
 4 SYSTEMPATH\CodeIgniter.php(340): CodeIgniter\CodeIgniter->handleRequest(null, Object(Config\Cache), false)
 5 FCPATH\index.php(67): CodeIgniter\CodeIgniter->run()
 6 SYSTEMPATH\Commands\Server\rewrite.php(43): require_once('FCPATH\\index.php')
CRITICAL - 2022-11-08 21:11:32 --> Argument 1 passed to App\Controllers\Admin\Categorias::buscaCategoriaOu404() must be of the type int or null, string given, called in C:\xampp\htdocs\sistemaFood\app\Controllers\Admin\Categorias.php on line 106
in APPPATH\Controllers\Admin\Categorias.php on line 238.
 1 APPPATH\Controllers\Admin\Categorias.php(106): App\Controllers\Admin\Categorias->buscaCategoriaOu404('images')
 2 SYSTEMPATH\CodeIgniter.php(904): App\Controllers\Admin\Categorias->show('images', 'faces', 'face5.jpg')
 3 SYSTEMPATH\CodeIgniter.php(457): CodeIgniter\CodeIgniter->runController(Object(App\Controllers\Admin\Categorias))
 4 SYSTEMPATH\CodeIgniter.php(340): CodeIgniter\CodeIgniter->handleRequest(null, Object(Config\Cache), false)
 5 FCPATH\index.php(67): CodeIgniter\CodeIgniter->run()
 6 SYSTEMPATH\Commands\Server\rewrite.php(43): require_once('FCPATH\\index.php')
CRITICAL - 2022-11-08 21:11:33 --> Argument 1 passed to App\Controllers\Admin\Categorias::buscaCategoriaOu404() must be of the type int or null, string given, called in C:\xampp\htdocs\sistemaFood\app\Controllers\Admin\Categorias.php on line 121
in APPPATH\Controllers\Admin\Categorias.php on line 238.
 1 APPPATH\Controllers\Admin\Categorias.php(121): App\Controllers\Admin\Categorias->buscaCategoriaOu404('images')
 2 SYSTEMPATH\CodeIgniter.php(904): App\Controllers\Admin\Categorias->editar('images', 'logoAdmin.png')
 3 SYSTEMPATH\CodeIgniter.php(457): CodeIgniter\CodeIgniter->runController(Object(App\Controllers\Admin\Categorias))
 4 SYSTEMPATH\CodeIgniter.php(340): CodeIgniter\CodeIgniter->handleRequest(null, Object(Config\Cache), false)
 5 FCPATH\index.php(67): CodeIgniter\CodeIgniter->run()
 6 SYSTEMPATH\Commands\Server\rewrite.php(43): require_once('FCPATH\\index.php')
CRITICAL - 2022-11-08 21:11:33 --> Argument 1 passed to App\Controllers\Admin\Categorias::buscaCategoriaOu404() must be of the type int or null, string given, called in C:\xampp\htdocs\sistemaFood\app\Controllers\Admin\Categorias.php on line 121
in APPPATH\Controllers\Admin\Categorias.php on line 238.
 1 APPPATH\Controllers\Admin\Categorias.php(121): App\Controllers\Admin\Categorias->buscaCategoriaOu404('images')
 2 SYSTEMPATH\CodeIgniter.php(904): App\Controllers\Admin\Categorias->editar('images', 'logo-mini.png')
 3 SYSTEMPATH\CodeIgniter.php(457): CodeIgniter\CodeIgniter->runController(Object(App\Controllers\Admin\Categorias))
 4 SYSTEMPATH\CodeIgniter.php(340): CodeIgniter\CodeIgniter->handleRequest(null, Object(Config\Cache), false)
 5 FCPATH\index.php(67): CodeIgniter\CodeIgniter->run()
 6 SYSTEMPATH\Commands\Server\rewrite.php(43): require_once('FCPATH\\index.php')
CRITICAL - 2022-11-08 21:11:34 --> Argument 1 passed to App\Controllers\Admin\Categorias::buscaCategoriaOu404() must be of the type int or null, string given, called in C:\xampp\htdocs\sistemaFood\app\Controllers\Admin\Categorias.php on line 121
in APPPATH\Controllers\Admin\Categorias.php on line 238.
 1 APPPATH\Controllers\Admin\Categorias.php(121): App\Controllers\Admin\Categorias->buscaCategoriaOu404('images')
 2 SYSTEMPATH\CodeIgniter.php(904): App\Controllers\Admin\Categorias->editar('images', 'faces', 'face5.jpg')
 3 SYSTEMPATH\CodeIgniter.php(457): CodeIgniter\CodeIgniter->runController(Object(App\Controllers\Admin\Categorias))
 4 SYSTEMPATH\CodeIgniter.php(340): CodeIgniter\CodeIgniter->handleRequest(null, Object(Config\Cache), false)
 5 FCPATH\index.php(67): CodeIgniter\CodeIgniter->run()
 6 SYSTEMPATH\Commands\Server\rewrite.php(43): require_once('FCPATH\\index.php')
CRITICAL - 2022-11-08 21:12:56 --> Argument 1 passed to App\Controllers\Admin\Bairros::buscaBairroOu404() must be of the type int or null, string given, called in C:\xampp\htdocs\sistemaFood\app\Controllers\Admin\Bairros.php on line 108
in APPPATH\Controllers\Admin\Bairros.php on line 283.
 1 APPPATH\Controllers\Admin\Bairros.php(108): App\Controllers\Admin\Bairros->buscaBairroOu404('images')
 2 SYSTEMPATH\CodeIgniter.php(904): App\Controllers\Admin\Bairros->show('images', 'logoAdmin.png')
 3 SYSTEMPATH\CodeIgniter.php(457): CodeIgniter\CodeIgniter->runController(Object(App\Controllers\Admin\Bairros))
 4 SYSTEMPATH\CodeIgniter.php(340): CodeIgniter\CodeIgniter->handleRequest(null, Object(Config\Cache), false)
 5 FCPATH\index.php(67): CodeIgniter\CodeIgniter->run()
 6 SYSTEMPATH\Commands\Server\rewrite.php(43): require_once('FCPATH\\index.php')
CRITICAL - 2022-11-08 21:12:56 --> Argument 1 passed to App\Controllers\Admin\Bairros::buscaBairroOu404() must be of the type int or null, string given, called in C:\xampp\htdocs\sistemaFood\app\Controllers\Admin\Bairros.php on line 108
in APPPATH\Controllers\Admin\Bairros.php on line 283.
 1 APPPATH\Controllers\Admin\Bairros.php(108): App\Controllers\Admin\Bairros->buscaBairroOu404('images')
 2 SYSTEMPATH\CodeIgniter.php(904): App\Controllers\Admin\Bairros->show('images', 'logo-mini.png')
 3 SYSTEMPATH\CodeIgniter.php(457): CodeIgniter\CodeIgniter->runController(Object(App\Controllers\Admin\Bairros))
 4 SYSTEMPATH\CodeIgniter.php(340): CodeIgniter\CodeIgniter->handleRequest(null, Object(Config\Cache), false)
 5 FCPATH\index.php(67): CodeIgniter\CodeIgniter->run()
 6 SYSTEMPATH\Commands\Server\rewrite.php(43): require_once('FCPATH\\index.php')
CRITICAL - 2022-11-08 21:12:56 --> Argument 1 passed to App\Controllers\Admin\Bairros::buscaBairroOu404() must be of the type int or null, string given, called in C:\xampp\htdocs\sistemaFood\app\Controllers\Admin\Bairros.php on line 108
in APPPATH\Controllers\Admin\Bairros.php on line 283.
 1 APPPATH\Controllers\Admin\Bairros.php(108): App\Controllers\Admin\Bairros->buscaBairroOu404('images')
 2 SYSTEMPATH\CodeIgniter.php(904): App\Controllers\Admin\Bairros->show('images', 'faces', 'face5.jpg')
 3 SYSTEMPATH\CodeIgniter.php(457): CodeIgniter\CodeIgniter->runController(Object(App\Controllers\Admin\Bairros))
 4 SYSTEMPATH\CodeIgniter.php(340): CodeIgniter\CodeIgniter->handleRequest(null, Object(Config\Cache), false)
 5 FCPATH\index.php(67): CodeIgniter\CodeIgniter->run()
 6 SYSTEMPATH\Commands\Server\rewrite.php(43): require_once('FCPATH\\index.php')
CRITICAL - 2022-11-08 21:22:20 --> Argument 1 passed to App\Controllers\Admin\Entregadores::buscaEntregadorOu404() must be of the type int or null, string given, called in C:\xampp\htdocs\sistemaFood\app\Controllers\Admin\Entregadores.php on line 108
in APPPATH\Controllers\Admin\Entregadores.php on line 369.
 1 APPPATH\Controllers\Admin\Entregadores.php(108): App\Controllers\Admin\Entregadores->buscaEntregadorOu404('images')
 2 SYSTEMPATH\CodeIgniter.php(904): App\Controllers\Admin\Entregadores->show('images', 'logoAdmin.png')
 3 SYSTEMPATH\CodeIgniter.php(457): CodeIgniter\CodeIgniter->runController(Object(App\Controllers\Admin\Entregadores))
 4 SYSTEMPATH\CodeIgniter.php(340): CodeIgniter\CodeIgniter->handleRequest(null, Object(Config\Cache), false)
 5 FCPATH\index.php(67): CodeIgniter\CodeIgniter->run()
 6 SYSTEMPATH\Commands\Server\rewrite.php(43): require_once('FCPATH\\index.php')
CRITICAL - 2022-11-08 21:22:20 --> Argument 1 passed to App\Controllers\Admin\Entregadores::buscaEntregadorOu404() must be of the type int or null, string given, called in C:\xampp\htdocs\sistemaFood\app\Controllers\Admin\Entregadores.php on line 108
in APPPATH\Controllers\Admin\Entregadores.php on line 369.
 1 APPPATH\Controllers\Admin\Entregadores.php(108): App\Controllers\Admin\Entregadores->buscaEntregadorOu404('images')
 2 SYSTEMPATH\CodeIgniter.php(904): App\Controllers\Admin\Entregadores->show('images', 'logo-mini.png')
 3 SYSTEMPATH\CodeIgniter.php(457): CodeIgniter\CodeIgniter->runController(Object(App\Controllers\Admin\Entregadores))
 4 SYSTEMPATH\CodeIgniter.php(340): CodeIgniter\CodeIgniter->handleRequest(null, Object(Config\Cache), false)
 5 FCPATH\index.php(67): CodeIgniter\CodeIgniter->run()
 6 SYSTEMPATH\Commands\Server\rewrite.php(43): require_once('FCPATH\\index.php')
CRITICAL - 2022-11-08 21:22:20 --> Argument 1 passed to App\Controllers\Admin\Entregadores::buscaEntregadorOu404() must be of the type int or null, string given, called in C:\xampp\htdocs\sistemaFood\app\Controllers\Admin\Entregadores.php on line 108
in APPPATH\Controllers\Admin\Entregadores.php on line 369.
 1 APPPATH\Controllers\Admin\Entregadores.php(108): App\Controllers\Admin\Entregadores->buscaEntregadorOu404('images')
 2 SYSTEMPATH\CodeIgniter.php(904): App\Controllers\Admin\Entregadores->show('images', 'faces', 'face5.jpg')
 3 SYSTEMPATH\CodeIgniter.php(457): CodeIgniter\CodeIgniter->runController(Object(App\Controllers\Admin\Entregadores))
 4 SYSTEMPATH\CodeIgniter.php(340): CodeIgniter\CodeIgniter->handleRequest(null, Object(Config\Cache), false)
 5 FCPATH\index.php(67): CodeIgniter\CodeIgniter->run()
 6 SYSTEMPATH\Commands\Server\rewrite.php(43): require_once('FCPATH\\index.php')
CRITICAL - 2022-11-08 21:22:23 --> Argument 1 passed to App\Controllers\Admin\Entregadores::buscaEntregadorOu404() must be of the type int or null, string given, called in C:\xampp\htdocs\sistemaFood\app\Controllers\Admin\Entregadores.php on line 168
in APPPATH\Controllers\Admin\Entregadores.php on line 369.
 1 APPPATH\Controllers\Admin\Entregadores.php(168): App\Controllers\Admin\Entregadores->buscaEntregadorOu404('images')
 2 SYSTEMPATH\CodeIgniter.php(904): App\Controllers\Admin\Entregadores->editarImagem('images', 'logoAdmin.png')
 3 SYSTEMPATH\CodeIgniter.php(457): CodeIgniter\CodeIgniter->runController(Object(App\Controllers\Admin\Entregadores))
 4 SYSTEMPATH\CodeIgniter.php(340): CodeIgniter\CodeIgniter->handleRequest(null, Object(Config\Cache), false)
 5 FCPATH\index.php(67): CodeIgniter\CodeIgniter->run()
 6 SYSTEMPATH\Commands\Server\rewrite.php(43): require_once('FCPATH\\index.php')
CRITICAL - 2022-11-08 21:22:23 --> Argument 1 passed to App\Controllers\Admin\Entregadores::buscaEntregadorOu404() must be of the type int or null, string given, called in C:\xampp\htdocs\sistemaFood\app\Controllers\Admin\Entregadores.php on line 168
in APPPATH\Controllers\Admin\Entregadores.php on line 369.
 1 APPPATH\Controllers\Admin\Entregadores.php(168): App\Controllers\Admin\Entregadores->buscaEntregadorOu404('images')
 2 SYSTEMPATH\CodeIgniter.php(904): App\Controllers\Admin\Entregadores->editarImagem('images', 'logo-mini.png')
 3 SYSTEMPATH\CodeIgniter.php(457): CodeIgniter\CodeIgniter->runController(Object(App\Controllers\Admin\Entregadores))
 4 SYSTEMPATH\CodeIgniter.php(340): CodeIgniter\CodeIgniter->handleRequest(null, Object(Config\Cache), false)
 5 FCPATH\index.php(67): CodeIgniter\CodeIgniter->run()
 6 SYSTEMPATH\Commands\Server\rewrite.php(43): require_once('FCPATH\\index.php')
CRITICAL - 2022-11-08 21:22:23 --> Argument 1 passed to App\Controllers\Admin\Entregadores::buscaEntregadorOu404() must be of the type int or null, string given, called in C:\xampp\htdocs\sistemaFood\app\Controllers\Admin\Entregadores.php on line 168
in APPPATH\Controllers\Admin\Entregadores.php on line 369.
 1 APPPATH\Controllers\Admin\Entregadores.php(168): App\Controllers\Admin\Entregadores->buscaEntregadorOu404('images')
 2 SYSTEMPATH\CodeIgniter.php(904): App\Controllers\Admin\Entregadores->editarImagem('images', 'faces', 'face5.jpg')
 3 SYSTEMPATH\CodeIgniter.php(457): CodeIgniter\CodeIgniter->runController(Object(App\Controllers\Admin\Entregadores))
 4 SYSTEMPATH\CodeIgniter.php(340): CodeIgniter\CodeIgniter->handleRequest(null, Object(Config\Cache), false)
 5 FCPATH\index.php(67): CodeIgniter\CodeIgniter->run()
 6 SYSTEMPATH\Commands\Server\rewrite.php(43): require_once('FCPATH\\index.php')
CRITICAL - 2022-11-08 21:22:29 --> Argument 1 passed to App\Controllers\Admin\Entregadores::buscaEntregadorOu404() must be of the type int or null, string given, called in C:\xampp\htdocs\sistemaFood\app\Controllers\Admin\Entregadores.php on line 108
in APPPATH\Controllers\Admin\Entregadores.php on line 369.
 1 APPPATH\Controllers\Admin\Entregadores.php(108): App\Controllers\Admin\Entregadores->buscaEntregadorOu404('images')
 2 SYSTEMPATH\CodeIgniter.php(904): App\Controllers\Admin\Entregadores->show('images', 'logoAdmin.png')
 3 SYSTEMPATH\CodeIgniter.php(457): CodeIgniter\CodeIgniter->runController(Object(App\Controllers\Admin\Entregadores))
 4 SYSTEMPATH\CodeIgniter.php(340): CodeIgniter\CodeIgniter->handleRequest(null, Object(Config\Cache), false)
 5 FCPATH\index.php(67): CodeIgniter\CodeIgniter->run()
 6 SYSTEMPATH\Commands\Server\rewrite.php(43): require_once('FCPATH\\index.php')
CRITICAL - 2022-11-08 21:22:30 --> Argument 1 passed to App\Controllers\Admin\Entregadores::buscaEntregadorOu404() must be of the type int or null, string given, called in C:\xampp\htdocs\sistemaFood\app\Controllers\Admin\Entregadores.php on line 108
in APPPATH\Controllers\Admin\Entregadores.php on line 369.
 1 APPPATH\Controllers\Admin\Entregadores.php(108): App\Controllers\Admin\Entregadores->buscaEntregadorOu404('images')
 2 SYSTEMPATH\CodeIgniter.php(904): App\Controllers\Admin\Entregadores->show('images', 'logo-mini.png')
 3 SYSTEMPATH\CodeIgniter.php(457): CodeIgniter\CodeIgniter->runController(Object(App\Controllers\Admin\Entregadores))
 4 SYSTEMPATH\CodeIgniter.php(340): CodeIgniter\CodeIgniter->handleRequest(null, Object(Config\Cache), false)
 5 FCPATH\index.php(67): CodeIgniter\CodeIgniter->run()
 6 SYSTEMPATH\Commands\Server\rewrite.php(43): require_once('FCPATH\\index.php')
CRITICAL - 2022-11-08 21:22:30 --> Argument 1 passed to App\Controllers\Admin\Entregadores::buscaEntregadorOu404() must be of the type int or null, string given, called in C:\xampp\htdocs\sistemaFood\app\Controllers\Admin\Entregadores.php on line 108
in APPPATH\Controllers\Admin\Entregadores.php on line 369.
 1 APPPATH\Controllers\Admin\Entregadores.php(108): App\Controllers\Admin\Entregadores->buscaEntregadorOu404('images')
 2 SYSTEMPATH\CodeIgniter.php(904): App\Controllers\Admin\Entregadores->show('images', 'faces', 'face5.jpg')
 3 SYSTEMPATH\CodeIgniter.php(457): CodeIgniter\CodeIgniter->runController(Object(App\Controllers\Admin\Entregadores))
 4 SYSTEMPATH\CodeIgniter.php(340): CodeIgniter\CodeIgniter->handleRequest(null, Object(Config\Cache), false)
 5 FCPATH\index.php(67): CodeIgniter\CodeIgniter->run()
 6 SYSTEMPATH\Commands\Server\rewrite.php(43): require_once('FCPATH\\index.php')
CRITICAL - 2022-11-08 21:22:31 --> Argument 1 passed to App\Controllers\Admin\Entregadores::buscaEntregadorOu404() must be of the type int or null, string given, called in C:\xampp\htdocs\sistemaFood\app\Controllers\Admin\Entregadores.php on line 168
in APPPATH\Controllers\Admin\Entregadores.php on line 369.
 1 APPPATH\Controllers\Admin\Entregadores.php(168): App\Controllers\Admin\Entregadores->buscaEntregadorOu404('images')
 2 SYSTEMPATH\CodeIgniter.php(904): App\Controllers\Admin\Entregadores->editarImagem('images', 'logoAdmin.png')
 3 SYSTEMPATH\CodeIgniter.php(457): CodeIgniter\CodeIgniter->runController(Object(App\Controllers\Admin\Entregadores))
 4 SYSTEMPATH\CodeIgniter.php(340): CodeIgniter\CodeIgniter->handleRequest(null, Object(Config\Cache), false)
 5 FCPATH\index.php(67): CodeIgniter\CodeIgniter->run()
 6 SYSTEMPATH\Commands\Server\rewrite.php(43): require_once('FCPATH\\index.php')
CRITICAL - 2022-11-08 21:22:31 --> Argument 1 passed to App\Controllers\Admin\Entregadores::buscaEntregadorOu404() must be of the type int or null, string given, called in C:\xampp\htdocs\sistemaFood\app\Controllers\Admin\Entregadores.php on line 168
in APPPATH\Controllers\Admin\Entregadores.php on line 369.
 1 APPPATH\Controllers\Admin\Entregadores.php(168): App\Controllers\Admin\Entregadores->buscaEntregadorOu404('images')
 2 SYSTEMPATH\CodeIgniter.php(904): App\Controllers\Admin\Entregadores->editarImagem('images', 'logo-mini.png')
 3 SYSTEMPATH\CodeIgniter.php(457): CodeIgniter\CodeIgniter->runController(Object(App\Controllers\Admin\Entregadores))
 4 SYSTEMPATH\CodeIgniter.php(340): CodeIgniter\CodeIgniter->handleRequest(null, Object(Config\Cache), false)
 5 FCPATH\index.php(67): CodeIgniter\CodeIgniter->run()
 6 SYSTEMPATH\Commands\Server\rewrite.php(43): require_once('FCPATH\\index.php')
CRITICAL - 2022-11-08 21:22:31 --> Argument 1 passed to App\Controllers\Admin\Entregadores::buscaEntregadorOu404() must be of the type int or null, string given, called in C:\xampp\htdocs\sistemaFood\app\Controllers\Admin\Entregadores.php on line 168
in APPPATH\Controllers\Admin\Entregadores.php on line 369.
 1 APPPATH\Controllers\Admin\Entregadores.php(168): App\Controllers\Admin\Entregadores->buscaEntregadorOu404('images')
 2 SYSTEMPATH\CodeIgniter.php(904): App\Controllers\Admin\Entregadores->editarImagem('images', 'faces', 'face5.jpg')
 3 SYSTEMPATH\CodeIgniter.php(457): CodeIgniter\CodeIgniter->runController(Object(App\Controllers\Admin\Entregadores))
 4 SYSTEMPATH\CodeIgniter.php(340): CodeIgniter\CodeIgniter->handleRequest(null, Object(Config\Cache), false)
 5 FCPATH\index.php(67): CodeIgniter\CodeIgniter->run()
 6 SYSTEMPATH\Commands\Server\rewrite.php(43): require_once('FCPATH\\index.php')
CRITICAL - 2022-11-08 21:23:07 --> Argument 1 passed to App\Controllers\Admin\Entregadores::buscaEntregadorOu404() must be of the type int or null, string given, called in C:\xampp\htdocs\sistemaFood\app\Controllers\Admin\Entregadores.php on line 108
in APPPATH\Controllers\Admin\Entregadores.php on line 369.
 1 APPPATH\Controllers\Admin\Entregadores.php(108): App\Controllers\Admin\Entregadores->buscaEntregadorOu404('images')
 2 SYSTEMPATH\CodeIgniter.php(904): App\Controllers\Admin\Entregadores->show('images', 'logoAdmin.png')
 3 SYSTEMPATH\CodeIgniter.php(457): CodeIgniter\CodeIgniter->runController(Object(App\Controllers\Admin\Entregadores))
 4 SYSTEMPATH\CodeIgniter.php(340): CodeIgniter\CodeIgniter->handleRequest(null, Object(Config\Cache), false)
 5 FCPATH\index.php(67): CodeIgniter\CodeIgniter->run()
 6 SYSTEMPATH\Commands\Server\rewrite.php(43): require_once('FCPATH\\index.php')
CRITICAL - 2022-11-08 21:23:07 --> Argument 1 passed to App\Controllers\Admin\Entregadores::buscaEntregadorOu404() must be of the type int or null, string given, called in C:\xampp\htdocs\sistemaFood\app\Controllers\Admin\Entregadores.php on line 108
in APPPATH\Controllers\Admin\Entregadores.php on line 369.
 1 APPPATH\Controllers\Admin\Entregadores.php(108): App\Controllers\Admin\Entregadores->buscaEntregadorOu404('images')
 2 SYSTEMPATH\CodeIgniter.php(904): App\Controllers\Admin\Entregadores->show('images', 'logo-mini.png')
 3 SYSTEMPATH\CodeIgniter.php(457): CodeIgniter\CodeIgniter->runController(Object(App\Controllers\Admin\Entregadores))
 4 SYSTEMPATH\CodeIgniter.php(340): CodeIgniter\CodeIgniter->handleRequest(null, Object(Config\Cache), false)
 5 FCPATH\index.php(67): CodeIgniter\CodeIgniter->run()
 6 SYSTEMPATH\Commands\Server\rewrite.php(43): require_once('FCPATH\\index.php')
CRITICAL - 2022-11-08 21:23:07 --> Argument 1 passed to App\Controllers\Admin\Entregadores::buscaEntregadorOu404() must be of the type int or null, string given, called in C:\xampp\htdocs\sistemaFood\app\Controllers\Admin\Entregadores.php on line 108
in APPPATH\Controllers\Admin\Entregadores.php on line 369.
 1 APPPATH\Controllers\Admin\Entregadores.php(108): App\Controllers\Admin\Entregadores->buscaEntregadorOu404('images')
 2 SYSTEMPATH\CodeIgniter.php(904): App\Controllers\Admin\Entregadores->show('images', 'faces', 'face5.jpg')
 3 SYSTEMPATH\CodeIgniter.php(457): CodeIgniter\CodeIgniter->runController(Object(App\Controllers\Admin\Entregadores))
 4 SYSTEMPATH\CodeIgniter.php(340): CodeIgniter\CodeIgniter->handleRequest(null, Object(Config\Cache), false)
 5 FCPATH\index.php(67): CodeIgniter\CodeIgniter->run()
 6 SYSTEMPATH\Commands\Server\rewrite.php(43): require_once('FCPATH\\index.php')
CRITICAL - 2022-11-08 21:44:59 --> Argument 1 passed to App\Controllers\Admin\Extras::buscaExtraOu404() must be of the type int or null, string given, called in C:\xampp\htdocs\sistemaFood\app\Controllers\Admin\Extras.php on line 153
in APPPATH\Controllers\Admin\Extras.php on line 231.
 1 APPPATH\Controllers\Admin\Extras.php(153): App\Controllers\Admin\Extras->buscaExtraOu404('images')
 2 SYSTEMPATH\CodeIgniter.php(904): App\Controllers\Admin\Extras->show('images', 'logoAdmin.png')
 3 SYSTEMPATH\CodeIgniter.php(457): CodeIgniter\CodeIgniter->runController(Object(App\Controllers\Admin\Extras))
 4 SYSTEMPATH\CodeIgniter.php(340): CodeIgniter\CodeIgniter->handleRequest(null, Object(Config\Cache), false)
 5 FCPATH\index.php(67): CodeIgniter\CodeIgniter->run()
 6 SYSTEMPATH\Commands\Server\rewrite.php(43): require_once('FCPATH\\index.php')
CRITICAL - 2022-11-08 21:44:59 --> Argument 1 passed to App\Controllers\Admin\Extras::buscaExtraOu404() must be of the type int or null, string given, called in C:\xampp\htdocs\sistemaFood\app\Controllers\Admin\Extras.php on line 153
in APPPATH\Controllers\Admin\Extras.php on line 231.
 1 APPPATH\Controllers\Admin\Extras.php(153): App\Controllers\Admin\Extras->buscaExtraOu404('images')
 2 SYSTEMPATH\CodeIgniter.php(904): App\Controllers\Admin\Extras->show('images', 'logo-mini.png')
 3 SYSTEMPATH\CodeIgniter.php(457): CodeIgniter\CodeIgniter->runController(Object(App\Controllers\Admin\Extras))
 4 SYSTEMPATH\CodeIgniter.php(340): CodeIgniter\CodeIgniter->handleRequest(null, Object(Config\Cache), false)
 5 FCPATH\index.php(67): CodeIgniter\CodeIgniter->run()
 6 SYSTEMPATH\Commands\Server\rewrite.php(43): require_once('FCPATH\\index.php')
CRITICAL - 2022-11-08 21:44:59 --> Argument 1 passed to App\Controllers\Admin\Extras::buscaExtraOu404() must be of the type int or null, string given, called in C:\xampp\htdocs\sistemaFood\app\Controllers\Admin\Extras.php on line 153
in APPPATH\Controllers\Admin\Extras.php on line 231.
 1 APPPATH\Controllers\Admin\Extras.php(153): App\Controllers\Admin\Extras->buscaExtraOu404('images')
 2 SYSTEMPATH\CodeIgniter.php(904): App\Controllers\Admin\Extras->show('images', 'faces', 'face5.jpg')
 3 SYSTEMPATH\CodeIgniter.php(457): CodeIgniter\CodeIgniter->runController(Object(App\Controllers\Admin\Extras))
 4 SYSTEMPATH\CodeIgniter.php(340): CodeIgniter\CodeIgniter->handleRequest(null, Object(Config\Cache), false)
 5 FCPATH\index.php(67): CodeIgniter\CodeIgniter->run()
 6 SYSTEMPATH\Commands\Server\rewrite.php(43): require_once('FCPATH\\index.php')
CRITICAL - 2022-11-08 21:45:21 --> Argument 1 passed to App\Controllers\Admin\Extras::buscaExtraOu404() must be of the type int or null, string given, called in C:\xampp\htdocs\sistemaFood\app\Controllers\Admin\Extras.php on line 153
in APPPATH\Controllers\Admin\Extras.php on line 231.
 1 APPPATH\Controllers\Admin\Extras.php(153): App\Controllers\Admin\Extras->buscaExtraOu404('images')
 2 SYSTEMPATH\CodeIgniter.php(904): App\Controllers\Admin\Extras->show('images', 'logoAdmin.png')
 3 SYSTEMPATH\CodeIgniter.php(457): CodeIgniter\CodeIgniter->runController(Object(App\Controllers\Admin\Extras))
 4 SYSTEMPATH\CodeIgniter.php(340): CodeIgniter\CodeIgniter->handleRequest(null, Object(Config\Cache), false)
 5 FCPATH\index.php(67): CodeIgniter\CodeIgniter->run()
 6 SYSTEMPATH\Commands\Server\rewrite.php(43): require_once('FCPATH\\index.php')
CRITICAL - 2022-11-08 21:45:21 --> Argument 1 passed to App\Controllers\Admin\Extras::buscaExtraOu404() must be of the type int or null, string given, called in C:\xampp\htdocs\sistemaFood\app\Controllers\Admin\Extras.php on line 153
in APPPATH\Controllers\Admin\Extras.php on line 231.
 1 APPPATH\Controllers\Admin\Extras.php(153): App\Controllers\Admin\Extras->buscaExtraOu404('images')
 2 SYSTEMPATH\CodeIgniter.php(904): App\Controllers\Admin\Extras->show('images', 'logo-mini.png')
 3 SYSTEMPATH\CodeIgniter.php(457): CodeIgniter\CodeIgniter->runController(Object(App\Controllers\Admin\Extras))
 4 SYSTEMPATH\CodeIgniter.php(340): CodeIgniter\CodeIgniter->handleRequest(null, Object(Config\Cache), false)
 5 FCPATH\index.php(67): CodeIgniter\CodeIgniter->run()
 6 SYSTEMPATH\Commands\Server\rewrite.php(43): require_once('FCPATH\\index.php')
CRITICAL - 2022-11-08 21:45:21 --> Argument 1 passed to App\Controllers\Admin\Extras::buscaExtraOu404() must be of the type int or null, string given, called in C:\xampp\htdocs\sistemaFood\app\Controllers\Admin\Extras.php on line 153
in APPPATH\Controllers\Admin\Extras.php on line 231.
 1 APPPATH\Controllers\Admin\Extras.php(153): App\Controllers\Admin\Extras->buscaExtraOu404('images')
 2 SYSTEMPATH\CodeIgniter.php(904): App\Controllers\Admin\Extras->show('images', 'faces', 'face5.jpg')
 3 SYSTEMPATH\CodeIgniter.php(457): CodeIgniter\CodeIgniter->runController(Object(App\Controllers\Admin\Extras))
 4 SYSTEMPATH\CodeIgniter.php(340): CodeIgniter\CodeIgniter->handleRequest(null, Object(Config\Cache), false)
 5 FCPATH\index.php(67): CodeIgniter\CodeIgniter->run()
 6 SYSTEMPATH\Commands\Server\rewrite.php(43): require_once('FCPATH\\index.php')
