CRITICAL - 2022-11-03 09:50:50 --> syntax error, unexpected '}', expecting ';' or ','
in APPPATH/Controllers/Checkout.php on line 24.
 1 SYSTEMPATH/Router/Router.php(499): CodeIgniter\Router\AutoRouter->getRoute()
 2 SYSTEMPATH/Router/Router.php(205): CodeIgniter\Router\Router->autoRoute()
 3 SYSTEMPATH/CodeIgniter.php(779): CodeIgniter\Router\Router->handle()
 4 SYSTEMPATH/CodeIgniter.php(406): CodeIgniter\CodeIgniter->tryToRouteIt()
 5 SYSTEMPATH/CodeIgniter.php(340): CodeIgniter\CodeIgniter->handleRequest()
 6 FCPATH/index.php(67): CodeIgniter\CodeIgniter->run()
 7 SYSTEMPATH/Commands/Server/rewrite.php(43): require_once('FCPATH/index.php')
CRITICAL - 2022-11-03 10:48:53 --> Undefined variable: especificacao
in APPPATH/Views/Checkout/index.php on line 110.
 1 APPPATH/Views/Checkout/index.php(110): CodeIgniter\Debug\Exceptions->errorHandler()
 2 SYSTEMPATH/View/View.php(213): include('APPPATH/Views/Checkout/index.php')
 3 SYSTEMPATH/View/View.php(216): CodeIgniter\View\View->CodeIgniter\View\{closure}()
 4 SYSTEMPATH/Common.php(1137): CodeIgniter\View\View->render()
 5 APPPATH/Controllers/Checkout.php(29): view()
 6 SYSTEMPATH/CodeIgniter.php(904): App\Controllers\Checkout->index()
 7 SYSTEMPATH/CodeIgniter.php(457): CodeIgniter\CodeIgniter->runController()
 8 SYSTEMPATH/CodeIgniter.php(340): CodeIgniter\CodeIgniter->handleRequest()
 9 FCPATH/index.php(67): CodeIgniter\CodeIgniter->run()
10 SYSTEMPATH/Commands/Server/rewrite.php(43): require_once('FCPATH/index.php')
CRITICAL - 2022-11-03 13:55:20 --> Undefined variable: print_r
in APPPATH/Controllers/Checkout.php on line 67.
 1 APPPATH/Controllers/Checkout.php(67): CodeIgniter\Debug\Exceptions->errorHandler()
 2 SYSTEMPATH/CodeIgniter.php(904): App\Controllers\Checkout->consultaCep()
 3 SYSTEMPATH/CodeIgniter.php(457): CodeIgniter\CodeIgniter->runController()
 4 SYSTEMPATH/CodeIgniter.php(340): CodeIgniter\CodeIgniter->handleRequest()
 5 FCPATH/index.php(67): CodeIgniter\CodeIgniter->run()
 6 SYSTEMPATH/Commands/Server/rewrite.php(43): require_once('FCPATH/index.php')
ERROR - 2022-11-03 14:55:22 --> mysqli_sql_exception: You have an error in your SQL syntax; check the manual that corresponds to your MySQL server version for the right syntax to use near ' true
AND `formas_pagamento`.`deletado_em` IS NULL
 LIMIT 1' at line 4 in /var/www/sistemaFood/system/Database/MySQLi/Connection.php:292
Stack trace:
#0 /var/www/sistemaFood/system/Database/MySQLi/Connection.php(292): mysqli->query()
#1 /var/www/sistemaFood/system/Database/BaseConnection.php(693): CodeIgniter\Database\MySQLi\Connection->execute()
#2 /var/www/sistemaFood/system/Database/BaseConnection.php(620): CodeIgniter\Database\BaseConnection->simpleQuery()
#3 /var/www/sistemaFood/system/Database/BaseBuilder.php(1585): CodeIgniter\Database\BaseConnection->query()
#4 /var/www/sistemaFood/system/Model.php(249): CodeIgniter\Database\BaseBuilder->get()
#5 /var/www/sistemaFood/system/BaseModel.php(622): CodeIgniter\Model->doFirst()
#6 /var/www/sistemaFood/app/Controllers/Checkout.php(141): CodeIgniter\BaseModel->first()
#7 /var/www/sistemaFood/system/CodeIgniter.php(904): App\Controllers\Checkout->processar()
#8 /var/www/sistemaFood/system/CodeIgniter.php(457): CodeIgniter\CodeIgniter->runController()
#9 /var/www/sistemaFood/system/CodeIgniter.php(340): CodeIgniter\CodeIgniter->handleRequest()
#10 /var/www/sistemaFood/public/index.php(67): CodeIgniter\CodeIgniter->run()
#11 /var/www/sistemaFood/system/Commands/Server/rewrite.php(43): require_once('/var/www/sistem...')
#12 {main}
CRITICAL - 2022-11-03 14:55:22 --> You have an error in your SQL syntax; check the manual that corresponds to your MySQL server version for the right syntax to use near ' true
AND `formas_pagamento`.`deletado_em` IS NULL
 LIMIT 1' at line 4
in SYSTEMPATH/Database/MySQLi/Connection.php on line 292.
 1 SYSTEMPATH/Database/MySQLi/Connection.php(292): mysqli->query()
 2 SYSTEMPATH/Database/BaseConnection.php(693): CodeIgniter\Database\MySQLi\Connection->execute()
 3 SYSTEMPATH/Database/BaseConnection.php(620): CodeIgniter\Database\BaseConnection->simpleQuery()
 4 SYSTEMPATH/Database/BaseBuilder.php(1585): CodeIgniter\Database\BaseConnection->query()
 5 SYSTEMPATH/Model.php(249): CodeIgniter\Database\BaseBuilder->get()
 6 SYSTEMPATH/BaseModel.php(622): CodeIgniter\Model->doFirst()
 7 APPPATH/Controllers/Checkout.php(141): CodeIgniter\BaseModel->first()
 8 SYSTEMPATH/CodeIgniter.php(904): App\Controllers\Checkout->processar()
 9 SYSTEMPATH/CodeIgniter.php(457): CodeIgniter\CodeIgniter->runController()
10 SYSTEMPATH/CodeIgniter.php(340): CodeIgniter\CodeIgniter->handleRequest()
11 FCPATH/index.php(67): CodeIgniter\CodeIgniter->run()
12 SYSTEMPATH/Commands/Server/rewrite.php(43): require_once('FCPATH/index.php')
ERROR - 2022-11-03 14:55:39 --> mysqli_sql_exception: You have an error in your SQL syntax; check the manual that corresponds to your MySQL server version for the right syntax to use near ' true
AND `formas_pagamento`.`deletado_em` IS NULL
 LIMIT 1' at line 4 in /var/www/sistemaFood/system/Database/MySQLi/Connection.php:292
Stack trace:
#0 /var/www/sistemaFood/system/Database/MySQLi/Connection.php(292): mysqli->query()
#1 /var/www/sistemaFood/system/Database/BaseConnection.php(693): CodeIgniter\Database\MySQLi\Connection->execute()
#2 /var/www/sistemaFood/system/Database/BaseConnection.php(620): CodeIgniter\Database\BaseConnection->simpleQuery()
#3 /var/www/sistemaFood/system/Database/BaseBuilder.php(1585): CodeIgniter\Database\BaseConnection->query()
#4 /var/www/sistemaFood/system/Model.php(249): CodeIgniter\Database\BaseBuilder->get()
#5 /var/www/sistemaFood/system/BaseModel.php(622): CodeIgniter\Model->doFirst()
#6 /var/www/sistemaFood/app/Controllers/Checkout.php(141): CodeIgniter\BaseModel->first()
#7 /var/www/sistemaFood/system/CodeIgniter.php(904): App\Controllers\Checkout->processar()
#8 /var/www/sistemaFood/system/CodeIgniter.php(457): CodeIgniter\CodeIgniter->runController()
#9 /var/www/sistemaFood/system/CodeIgniter.php(340): CodeIgniter\CodeIgniter->handleRequest()
#10 /var/www/sistemaFood/public/index.php(67): CodeIgniter\CodeIgniter->run()
#11 /var/www/sistemaFood/system/Commands/Server/rewrite.php(43): require_once('/var/www/sistem...')
#12 {main}
CRITICAL - 2022-11-03 14:55:39 --> You have an error in your SQL syntax; check the manual that corresponds to your MySQL server version for the right syntax to use near ' true
AND `formas_pagamento`.`deletado_em` IS NULL
 LIMIT 1' at line 4
in SYSTEMPATH/Database/MySQLi/Connection.php on line 292.
 1 SYSTEMPATH/Database/MySQLi/Connection.php(292): mysqli->query()
 2 SYSTEMPATH/Database/BaseConnection.php(693): CodeIgniter\Database\MySQLi\Connection->execute()
 3 SYSTEMPATH/Database/BaseConnection.php(620): CodeIgniter\Database\BaseConnection->simpleQuery()
 4 SYSTEMPATH/Database/BaseBuilder.php(1585): CodeIgniter\Database\BaseConnection->query()
 5 SYSTEMPATH/Model.php(249): CodeIgniter\Database\BaseBuilder->get()
 6 SYSTEMPATH/BaseModel.php(622): CodeIgniter\Model->doFirst()
 7 APPPATH/Controllers/Checkout.php(141): CodeIgniter\BaseModel->first()
 8 SYSTEMPATH/CodeIgniter.php(904): App\Controllers\Checkout->processar()
 9 SYSTEMPATH/CodeIgniter.php(457): CodeIgniter\CodeIgniter->runController()
10 SYSTEMPATH/CodeIgniter.php(340): CodeIgniter\CodeIgniter->handleRequest()
11 FCPATH/index.php(67): CodeIgniter\CodeIgniter->run()
12 SYSTEMPATH/Commands/Server/rewrite.php(43): require_once('FCPATH/index.php')
ERROR - 2022-11-03 14:58:38 --> mysqli_sql_exception: You have an error in your SQL syntax; check the manual that corresponds to your MySQL server version for the right syntax to use near ' true
AND `formas_pagamento`.`deletado_em` IS NULL
 LIMIT 1' at line 4 in /var/www/sistemaFood/system/Database/MySQLi/Connection.php:292
Stack trace:
#0 /var/www/sistemaFood/system/Database/MySQLi/Connection.php(292): mysqli->query()
#1 /var/www/sistemaFood/system/Database/BaseConnection.php(693): CodeIgniter\Database\MySQLi\Connection->execute()
#2 /var/www/sistemaFood/system/Database/BaseConnection.php(620): CodeIgniter\Database\BaseConnection->simpleQuery()
#3 /var/www/sistemaFood/system/Database/BaseBuilder.php(1585): CodeIgniter\Database\BaseConnection->query()
#4 /var/www/sistemaFood/system/Model.php(249): CodeIgniter\Database\BaseBuilder->get()
#5 /var/www/sistemaFood/system/BaseModel.php(622): CodeIgniter\Model->doFirst()
#6 /var/www/sistemaFood/app/Controllers/Checkout.php(141): CodeIgniter\BaseModel->first()
#7 /var/www/sistemaFood/system/CodeIgniter.php(904): App\Controllers\Checkout->processar()
#8 /var/www/sistemaFood/system/CodeIgniter.php(457): CodeIgniter\CodeIgniter->runController()
#9 /var/www/sistemaFood/system/CodeIgniter.php(340): CodeIgniter\CodeIgniter->handleRequest()
#10 /var/www/sistemaFood/public/index.php(67): CodeIgniter\CodeIgniter->run()
#11 /var/www/sistemaFood/system/Commands/Server/rewrite.php(43): require_once('/var/www/sistem...')
#12 {main}
CRITICAL - 2022-11-03 14:58:38 --> You have an error in your SQL syntax; check the manual that corresponds to your MySQL server version for the right syntax to use near ' true
AND `formas_pagamento`.`deletado_em` IS NULL
 LIMIT 1' at line 4
in SYSTEMPATH/Database/MySQLi/Connection.php on line 292.
 1 SYSTEMPATH/Database/MySQLi/Connection.php(292): mysqli->query()
 2 SYSTEMPATH/Database/BaseConnection.php(693): CodeIgniter\Database\MySQLi\Connection->execute()
 3 SYSTEMPATH/Database/BaseConnection.php(620): CodeIgniter\Database\BaseConnection->simpleQuery()
 4 SYSTEMPATH/Database/BaseBuilder.php(1585): CodeIgniter\Database\BaseConnection->query()
 5 SYSTEMPATH/Model.php(249): CodeIgniter\Database\BaseBuilder->get()
 6 SYSTEMPATH/BaseModel.php(622): CodeIgniter\Model->doFirst()
 7 APPPATH/Controllers/Checkout.php(141): CodeIgniter\BaseModel->first()
 8 SYSTEMPATH/CodeIgniter.php(904): App\Controllers\Checkout->processar()
 9 SYSTEMPATH/CodeIgniter.php(457): CodeIgniter\CodeIgniter->runController()
10 SYSTEMPATH/CodeIgniter.php(340): CodeIgniter\CodeIgniter->handleRequest()
11 FCPATH/index.php(67): CodeIgniter\CodeIgniter->run()
12 SYSTEMPATH/Commands/Server/rewrite.php(43): require_once('FCPATH/index.php')
ERROR - 2022-11-03 14:58:39 --> mysqli_sql_exception: You have an error in your SQL syntax; check the manual that corresponds to your MySQL server version for the right syntax to use near ' true
AND `formas_pagamento`.`deletado_em` IS NULL
 LIMIT 1' at line 4 in /var/www/sistemaFood/system/Database/MySQLi/Connection.php:292
Stack trace:
#0 /var/www/sistemaFood/system/Database/MySQLi/Connection.php(292): mysqli->query()
#1 /var/www/sistemaFood/system/Database/BaseConnection.php(693): CodeIgniter\Database\MySQLi\Connection->execute()
#2 /var/www/sistemaFood/system/Database/BaseConnection.php(620): CodeIgniter\Database\BaseConnection->simpleQuery()
#3 /var/www/sistemaFood/system/Database/BaseBuilder.php(1585): CodeIgniter\Database\BaseConnection->query()
#4 /var/www/sistemaFood/system/Model.php(249): CodeIgniter\Database\BaseBuilder->get()
#5 /var/www/sistemaFood/system/BaseModel.php(622): CodeIgniter\Model->doFirst()
#6 /var/www/sistemaFood/app/Controllers/Checkout.php(141): CodeIgniter\BaseModel->first()
#7 /var/www/sistemaFood/system/CodeIgniter.php(904): App\Controllers\Checkout->processar()
#8 /var/www/sistemaFood/system/CodeIgniter.php(457): CodeIgniter\CodeIgniter->runController()
#9 /var/www/sistemaFood/system/CodeIgniter.php(340): CodeIgniter\CodeIgniter->handleRequest()
#10 /var/www/sistemaFood/public/index.php(67): CodeIgniter\CodeIgniter->run()
#11 /var/www/sistemaFood/system/Commands/Server/rewrite.php(43): require_once('/var/www/sistem...')
#12 {main}
CRITICAL - 2022-11-03 14:58:39 --> You have an error in your SQL syntax; check the manual that corresponds to your MySQL server version for the right syntax to use near ' true
AND `formas_pagamento`.`deletado_em` IS NULL
 LIMIT 1' at line 4
in SYSTEMPATH/Database/MySQLi/Connection.php on line 292.
 1 SYSTEMPATH/Database/MySQLi/Connection.php(292): mysqli->query()
 2 SYSTEMPATH/Database/BaseConnection.php(693): CodeIgniter\Database\MySQLi\Connection->execute()
 3 SYSTEMPATH/Database/BaseConnection.php(620): CodeIgniter\Database\BaseConnection->simpleQuery()
 4 SYSTEMPATH/Database/BaseBuilder.php(1585): CodeIgniter\Database\BaseConnection->query()
 5 SYSTEMPATH/Model.php(249): CodeIgniter\Database\BaseBuilder->get()
 6 SYSTEMPATH/BaseModel.php(622): CodeIgniter\Model->doFirst()
 7 APPPATH/Controllers/Checkout.php(141): CodeIgniter\BaseModel->first()
 8 SYSTEMPATH/CodeIgniter.php(904): App\Controllers\Checkout->processar()
 9 SYSTEMPATH/CodeIgniter.php(457): CodeIgniter\CodeIgniter->runController()
10 SYSTEMPATH/CodeIgniter.php(340): CodeIgniter\CodeIgniter->handleRequest()
11 FCPATH/index.php(67): CodeIgniter\CodeIgniter->run()
12 SYSTEMPATH/Commands/Server/rewrite.php(43): require_once('FCPATH/index.php')
ERROR - 2022-11-03 14:58:49 --> mysqli_sql_exception: You have an error in your SQL syntax; check the manual that corresponds to your MySQL server version for the right syntax to use near ' true
AND `formas_pagamento`.`deletado_em` IS NULL
 LIMIT 1' at line 4 in /var/www/sistemaFood/system/Database/MySQLi/Connection.php:292
Stack trace:
#0 /var/www/sistemaFood/system/Database/MySQLi/Connection.php(292): mysqli->query()
#1 /var/www/sistemaFood/system/Database/BaseConnection.php(693): CodeIgniter\Database\MySQLi\Connection->execute()
#2 /var/www/sistemaFood/system/Database/BaseConnection.php(620): CodeIgniter\Database\BaseConnection->simpleQuery()
#3 /var/www/sistemaFood/system/Database/BaseBuilder.php(1585): CodeIgniter\Database\BaseConnection->query()
#4 /var/www/sistemaFood/system/Model.php(249): CodeIgniter\Database\BaseBuilder->get()
#5 /var/www/sistemaFood/system/BaseModel.php(622): CodeIgniter\Model->doFirst()
#6 /var/www/sistemaFood/app/Controllers/Checkout.php(141): CodeIgniter\BaseModel->first()
#7 /var/www/sistemaFood/system/CodeIgniter.php(904): App\Controllers\Checkout->processar()
#8 /var/www/sistemaFood/system/CodeIgniter.php(457): CodeIgniter\CodeIgniter->runController()
#9 /var/www/sistemaFood/system/CodeIgniter.php(340): CodeIgniter\CodeIgniter->handleRequest()
#10 /var/www/sistemaFood/public/index.php(67): CodeIgniter\CodeIgniter->run()
#11 /var/www/sistemaFood/system/Commands/Server/rewrite.php(43): require_once('/var/www/sistem...')
#12 {main}
CRITICAL - 2022-11-03 14:58:49 --> You have an error in your SQL syntax; check the manual that corresponds to your MySQL server version for the right syntax to use near ' true
AND `formas_pagamento`.`deletado_em` IS NULL
 LIMIT 1' at line 4
in SYSTEMPATH/Database/MySQLi/Connection.php on line 292.
 1 SYSTEMPATH/Database/MySQLi/Connection.php(292): mysqli->query()
 2 SYSTEMPATH/Database/BaseConnection.php(693): CodeIgniter\Database\MySQLi\Connection->execute()
 3 SYSTEMPATH/Database/BaseConnection.php(620): CodeIgniter\Database\BaseConnection->simpleQuery()
 4 SYSTEMPATH/Database/BaseBuilder.php(1585): CodeIgniter\Database\BaseConnection->query()
 5 SYSTEMPATH/Model.php(249): CodeIgniter\Database\BaseBuilder->get()
 6 SYSTEMPATH/BaseModel.php(622): CodeIgniter\Model->doFirst()
 7 APPPATH/Controllers/Checkout.php(141): CodeIgniter\BaseModel->first()
 8 SYSTEMPATH/CodeIgniter.php(904): App\Controllers\Checkout->processar()
 9 SYSTEMPATH/CodeIgniter.php(457): CodeIgniter\CodeIgniter->runController()
10 SYSTEMPATH/CodeIgniter.php(340): CodeIgniter\CodeIgniter->handleRequest()
11 FCPATH/index.php(67): CodeIgniter\CodeIgniter->run()
12 SYSTEMPATH/Commands/Server/rewrite.php(43): require_once('FCPATH/index.php')
ERROR - 2022-11-03 14:59:01 --> mysqli_sql_exception: You have an error in your SQL syntax; check the manual that corresponds to your MySQL server version for the right syntax to use near ' true
AND `formas_pagamento`.`deletado_em` IS NULL
 LIMIT 1' at line 4 in /var/www/sistemaFood/system/Database/MySQLi/Connection.php:292
Stack trace:
#0 /var/www/sistemaFood/system/Database/MySQLi/Connection.php(292): mysqli->query()
#1 /var/www/sistemaFood/system/Database/BaseConnection.php(693): CodeIgniter\Database\MySQLi\Connection->execute()
#2 /var/www/sistemaFood/system/Database/BaseConnection.php(620): CodeIgniter\Database\BaseConnection->simpleQuery()
#3 /var/www/sistemaFood/system/Database/BaseBuilder.php(1585): CodeIgniter\Database\BaseConnection->query()
#4 /var/www/sistemaFood/system/Model.php(249): CodeIgniter\Database\BaseBuilder->get()
#5 /var/www/sistemaFood/system/BaseModel.php(622): CodeIgniter\Model->doFirst()
#6 /var/www/sistemaFood/app/Controllers/Checkout.php(141): CodeIgniter\BaseModel->first()
#7 /var/www/sistemaFood/system/CodeIgniter.php(904): App\Controllers\Checkout->processar()
#8 /var/www/sistemaFood/system/CodeIgniter.php(457): CodeIgniter\CodeIgniter->runController()
#9 /var/www/sistemaFood/system/CodeIgniter.php(340): CodeIgniter\CodeIgniter->handleRequest()
#10 /var/www/sistemaFood/public/index.php(67): CodeIgniter\CodeIgniter->run()
#11 /var/www/sistemaFood/system/Commands/Server/rewrite.php(43): require_once('/var/www/sistem...')
#12 {main}
CRITICAL - 2022-11-03 14:59:01 --> You have an error in your SQL syntax; check the manual that corresponds to your MySQL server version for the right syntax to use near ' true
AND `formas_pagamento`.`deletado_em` IS NULL
 LIMIT 1' at line 4
in SYSTEMPATH/Database/MySQLi/Connection.php on line 292.
 1 SYSTEMPATH/Database/MySQLi/Connection.php(292): mysqli->query()
 2 SYSTEMPATH/Database/BaseConnection.php(693): CodeIgniter\Database\MySQLi\Connection->execute()
 3 SYSTEMPATH/Database/BaseConnection.php(620): CodeIgniter\Database\BaseConnection->simpleQuery()
 4 SYSTEMPATH/Database/BaseBuilder.php(1585): CodeIgniter\Database\BaseConnection->query()
 5 SYSTEMPATH/Model.php(249): CodeIgniter\Database\BaseBuilder->get()
 6 SYSTEMPATH/BaseModel.php(622): CodeIgniter\Model->doFirst()
 7 APPPATH/Controllers/Checkout.php(141): CodeIgniter\BaseModel->first()
 8 SYSTEMPATH/CodeIgniter.php(904): App\Controllers\Checkout->processar()
 9 SYSTEMPATH/CodeIgniter.php(457): CodeIgniter\CodeIgniter->runController()
10 SYSTEMPATH/CodeIgniter.php(340): CodeIgniter\CodeIgniter->handleRequest()
11 FCPATH/index.php(67): CodeIgniter\CodeIgniter->run()
12 SYSTEMPATH/Commands/Server/rewrite.php(43): require_once('FCPATH/index.php')
ERROR - 2022-11-03 15:00:18 --> mysqli_sql_exception: You have an error in your SQL syntax; check the manual that corresponds to your MySQL server version for the right syntax to use near ' true
AND `formas_pagamento`.`deletado_em` IS NULL
 LIMIT 1' at line 4 in /var/www/sistemaFood/system/Database/MySQLi/Connection.php:292
Stack trace:
#0 /var/www/sistemaFood/system/Database/MySQLi/Connection.php(292): mysqli->query()
#1 /var/www/sistemaFood/system/Database/BaseConnection.php(693): CodeIgniter\Database\MySQLi\Connection->execute()
#2 /var/www/sistemaFood/system/Database/BaseConnection.php(620): CodeIgniter\Database\BaseConnection->simpleQuery()
#3 /var/www/sistemaFood/system/Database/BaseBuilder.php(1585): CodeIgniter\Database\BaseConnection->query()
#4 /var/www/sistemaFood/system/Model.php(249): CodeIgniter\Database\BaseBuilder->get()
#5 /var/www/sistemaFood/system/BaseModel.php(622): CodeIgniter\Model->doFirst()
#6 /var/www/sistemaFood/app/Controllers/Checkout.php(141): CodeIgniter\BaseModel->first()
#7 /var/www/sistemaFood/system/CodeIgniter.php(904): App\Controllers\Checkout->processar()
#8 /var/www/sistemaFood/system/CodeIgniter.php(457): CodeIgniter\CodeIgniter->runController()
#9 /var/www/sistemaFood/system/CodeIgniter.php(340): CodeIgniter\CodeIgniter->handleRequest()
#10 /var/www/sistemaFood/public/index.php(67): CodeIgniter\CodeIgniter->run()
#11 /var/www/sistemaFood/system/Commands/Server/rewrite.php(43): require_once('/var/www/sistem...')
#12 {main}
CRITICAL - 2022-11-03 15:00:18 --> You have an error in your SQL syntax; check the manual that corresponds to your MySQL server version for the right syntax to use near ' true
AND `formas_pagamento`.`deletado_em` IS NULL
 LIMIT 1' at line 4
in SYSTEMPATH/Database/MySQLi/Connection.php on line 292.
 1 SYSTEMPATH/Database/MySQLi/Connection.php(292): mysqli->query()
 2 SYSTEMPATH/Database/BaseConnection.php(693): CodeIgniter\Database\MySQLi\Connection->execute()
 3 SYSTEMPATH/Database/BaseConnection.php(620): CodeIgniter\Database\BaseConnection->simpleQuery()
 4 SYSTEMPATH/Database/BaseBuilder.php(1585): CodeIgniter\Database\BaseConnection->query()
 5 SYSTEMPATH/Model.php(249): CodeIgniter\Database\BaseBuilder->get()
 6 SYSTEMPATH/BaseModel.php(622): CodeIgniter\Model->doFirst()
 7 APPPATH/Controllers/Checkout.php(141): CodeIgniter\BaseModel->first()
 8 SYSTEMPATH/CodeIgniter.php(904): App\Controllers\Checkout->processar()
 9 SYSTEMPATH/CodeIgniter.php(457): CodeIgniter\CodeIgniter->runController()
10 SYSTEMPATH/CodeIgniter.php(340): CodeIgniter\CodeIgniter->handleRequest()
11 FCPATH/index.php(67): CodeIgniter\CodeIgniter->run()
12 SYSTEMPATH/Commands/Server/rewrite.php(43): require_once('FCPATH/index.php')
ERROR - 2022-11-03 15:00:27 --> mysqli_sql_exception: You have an error in your SQL syntax; check the manual that corresponds to your MySQL server version for the right syntax to use near ' true
AND `formas_pagamento`.`deletado_em` IS NULL
 LIMIT 1' at line 4 in /var/www/sistemaFood/system/Database/MySQLi/Connection.php:292
Stack trace:
#0 /var/www/sistemaFood/system/Database/MySQLi/Connection.php(292): mysqli->query()
#1 /var/www/sistemaFood/system/Database/BaseConnection.php(693): CodeIgniter\Database\MySQLi\Connection->execute()
#2 /var/www/sistemaFood/system/Database/BaseConnection.php(620): CodeIgniter\Database\BaseConnection->simpleQuery()
#3 /var/www/sistemaFood/system/Database/BaseBuilder.php(1585): CodeIgniter\Database\BaseConnection->query()
#4 /var/www/sistemaFood/system/Model.php(249): CodeIgniter\Database\BaseBuilder->get()
#5 /var/www/sistemaFood/system/BaseModel.php(622): CodeIgniter\Model->doFirst()
#6 /var/www/sistemaFood/app/Controllers/Checkout.php(141): CodeIgniter\BaseModel->first()
#7 /var/www/sistemaFood/system/CodeIgniter.php(904): App\Controllers\Checkout->processar()
#8 /var/www/sistemaFood/system/CodeIgniter.php(457): CodeIgniter\CodeIgniter->runController()
#9 /var/www/sistemaFood/system/CodeIgniter.php(340): CodeIgniter\CodeIgniter->handleRequest()
#10 /var/www/sistemaFood/public/index.php(67): CodeIgniter\CodeIgniter->run()
#11 /var/www/sistemaFood/system/Commands/Server/rewrite.php(43): require_once('/var/www/sistem...')
#12 {main}
CRITICAL - 2022-11-03 15:00:27 --> You have an error in your SQL syntax; check the manual that corresponds to your MySQL server version for the right syntax to use near ' true
AND `formas_pagamento`.`deletado_em` IS NULL
 LIMIT 1' at line 4
in SYSTEMPATH/Database/MySQLi/Connection.php on line 292.
 1 SYSTEMPATH/Database/MySQLi/Connection.php(292): mysqli->query()
 2 SYSTEMPATH/Database/BaseConnection.php(693): CodeIgniter\Database\MySQLi\Connection->execute()
 3 SYSTEMPATH/Database/BaseConnection.php(620): CodeIgniter\Database\BaseConnection->simpleQuery()
 4 SYSTEMPATH/Database/BaseBuilder.php(1585): CodeIgniter\Database\BaseConnection->query()
 5 SYSTEMPATH/Model.php(249): CodeIgniter\Database\BaseBuilder->get()
 6 SYSTEMPATH/BaseModel.php(622): CodeIgniter\Model->doFirst()
 7 APPPATH/Controllers/Checkout.php(141): CodeIgniter\BaseModel->first()
 8 SYSTEMPATH/CodeIgniter.php(904): App\Controllers\Checkout->processar()
 9 SYSTEMPATH/CodeIgniter.php(457): CodeIgniter\CodeIgniter->runController()
10 SYSTEMPATH/CodeIgniter.php(340): CodeIgniter\CodeIgniter->handleRequest()
11 FCPATH/index.php(67): CodeIgniter\CodeIgniter->run()
12 SYSTEMPATH/Commands/Server/rewrite.php(43): require_once('FCPATH/index.php')
ERROR - 2022-11-03 15:00:55 --> mysqli_sql_exception: You have an error in your SQL syntax; check the manual that corresponds to your MySQL server version for the right syntax to use near ' true
AND `formas_pagamento`.`deletado_em` IS NULL
 LIMIT 1' at line 4 in /var/www/sistemaFood/system/Database/MySQLi/Connection.php:292
Stack trace:
#0 /var/www/sistemaFood/system/Database/MySQLi/Connection.php(292): mysqli->query()
#1 /var/www/sistemaFood/system/Database/BaseConnection.php(693): CodeIgniter\Database\MySQLi\Connection->execute()
#2 /var/www/sistemaFood/system/Database/BaseConnection.php(620): CodeIgniter\Database\BaseConnection->simpleQuery()
#3 /var/www/sistemaFood/system/Database/BaseBuilder.php(1585): CodeIgniter\Database\BaseConnection->query()
#4 /var/www/sistemaFood/system/Model.php(249): CodeIgniter\Database\BaseBuilder->get()
#5 /var/www/sistemaFood/system/BaseModel.php(622): CodeIgniter\Model->doFirst()
#6 /var/www/sistemaFood/app/Controllers/Checkout.php(141): CodeIgniter\BaseModel->first()
#7 /var/www/sistemaFood/system/CodeIgniter.php(904): App\Controllers\Checkout->processar()
#8 /var/www/sistemaFood/system/CodeIgniter.php(457): CodeIgniter\CodeIgniter->runController()
#9 /var/www/sistemaFood/system/CodeIgniter.php(340): CodeIgniter\CodeIgniter->handleRequest()
#10 /var/www/sistemaFood/public/index.php(67): CodeIgniter\CodeIgniter->run()
#11 /var/www/sistemaFood/system/Commands/Server/rewrite.php(43): require_once('/var/www/sistem...')
#12 {main}
CRITICAL - 2022-11-03 15:00:55 --> You have an error in your SQL syntax; check the manual that corresponds to your MySQL server version for the right syntax to use near ' true
AND `formas_pagamento`.`deletado_em` IS NULL
 LIMIT 1' at line 4
in SYSTEMPATH/Database/MySQLi/Connection.php on line 292.
 1 SYSTEMPATH/Database/MySQLi/Connection.php(292): mysqli->query()
 2 SYSTEMPATH/Database/BaseConnection.php(693): CodeIgniter\Database\MySQLi\Connection->execute()
 3 SYSTEMPATH/Database/BaseConnection.php(620): CodeIgniter\Database\BaseConnection->simpleQuery()
 4 SYSTEMPATH/Database/BaseBuilder.php(1585): CodeIgniter\Database\BaseConnection->query()
 5 SYSTEMPATH/Model.php(249): CodeIgniter\Database\BaseBuilder->get()
 6 SYSTEMPATH/BaseModel.php(622): CodeIgniter\Model->doFirst()
 7 APPPATH/Controllers/Checkout.php(141): CodeIgniter\BaseModel->first()
 8 SYSTEMPATH/CodeIgniter.php(904): App\Controllers\Checkout->processar()
 9 SYSTEMPATH/CodeIgniter.php(457): CodeIgniter\CodeIgniter->runController()
10 SYSTEMPATH/CodeIgniter.php(340): CodeIgniter\CodeIgniter->handleRequest()
11 FCPATH/index.php(67): CodeIgniter\CodeIgniter->run()
12 SYSTEMPATH/Commands/Server/rewrite.php(43): require_once('FCPATH/index.php')
ERROR - 2022-11-03 15:01:09 --> mysqli_sql_exception: You have an error in your SQL syntax; check the manual that corresponds to your MySQL server version for the right syntax to use near ' true
AND `formas_pagamento`.`deletado_em` IS NULL
 LIMIT 1' at line 4 in /var/www/sistemaFood/system/Database/MySQLi/Connection.php:292
Stack trace:
#0 /var/www/sistemaFood/system/Database/MySQLi/Connection.php(292): mysqli->query()
#1 /var/www/sistemaFood/system/Database/BaseConnection.php(693): CodeIgniter\Database\MySQLi\Connection->execute()
#2 /var/www/sistemaFood/system/Database/BaseConnection.php(620): CodeIgniter\Database\BaseConnection->simpleQuery()
#3 /var/www/sistemaFood/system/Database/BaseBuilder.php(1585): CodeIgniter\Database\BaseConnection->query()
#4 /var/www/sistemaFood/system/Model.php(249): CodeIgniter\Database\BaseBuilder->get()
#5 /var/www/sistemaFood/system/BaseModel.php(622): CodeIgniter\Model->doFirst()
#6 /var/www/sistemaFood/app/Controllers/Checkout.php(141): CodeIgniter\BaseModel->first()
#7 /var/www/sistemaFood/system/CodeIgniter.php(904): App\Controllers\Checkout->processar()
#8 /var/www/sistemaFood/system/CodeIgniter.php(457): CodeIgniter\CodeIgniter->runController()
#9 /var/www/sistemaFood/system/CodeIgniter.php(340): CodeIgniter\CodeIgniter->handleRequest()
#10 /var/www/sistemaFood/public/index.php(67): CodeIgniter\CodeIgniter->run()
#11 /var/www/sistemaFood/system/Commands/Server/rewrite.php(43): require_once('/var/www/sistem...')
#12 {main}
CRITICAL - 2022-11-03 15:01:09 --> You have an error in your SQL syntax; check the manual that corresponds to your MySQL server version for the right syntax to use near ' true
AND `formas_pagamento`.`deletado_em` IS NULL
 LIMIT 1' at line 4
in SYSTEMPATH/Database/MySQLi/Connection.php on line 292.
 1 SYSTEMPATH/Database/MySQLi/Connection.php(292): mysqli->query()
 2 SYSTEMPATH/Database/BaseConnection.php(693): CodeIgniter\Database\MySQLi\Connection->execute()
 3 SYSTEMPATH/Database/BaseConnection.php(620): CodeIgniter\Database\BaseConnection->simpleQuery()
 4 SYSTEMPATH/Database/BaseBuilder.php(1585): CodeIgniter\Database\BaseConnection->query()
 5 SYSTEMPATH/Model.php(249): CodeIgniter\Database\BaseBuilder->get()
 6 SYSTEMPATH/BaseModel.php(622): CodeIgniter\Model->doFirst()
 7 APPPATH/Controllers/Checkout.php(141): CodeIgniter\BaseModel->first()
 8 SYSTEMPATH/CodeIgniter.php(904): App\Controllers\Checkout->processar()
 9 SYSTEMPATH/CodeIgniter.php(457): CodeIgniter\CodeIgniter->runController()
10 SYSTEMPATH/CodeIgniter.php(340): CodeIgniter\CodeIgniter->handleRequest()
11 FCPATH/index.php(67): CodeIgniter\CodeIgniter->run()
12 SYSTEMPATH/Commands/Server/rewrite.php(43): require_once('FCPATH/index.php')
ERROR - 2022-11-03 15:17:28 --> mysqli_sql_exception: Table 'expediente' already exists in /var/www/sistemaFood/system/Database/MySQLi/Connection.php:292
Stack trace:
#0 /var/www/sistemaFood/system/Database/MySQLi/Connection.php(292): mysqli->query()
#1 /var/www/sistemaFood/system/Database/BaseConnection.php(693): CodeIgniter\Database\MySQLi\Connection->execute()
#2 /var/www/sistemaFood/system/Database/BaseConnection.php(620): CodeIgniter\Database\BaseConnection->simpleQuery()
#3 /var/www/sistemaFood/system/Database/Forge.php(509): CodeIgniter\Database\BaseConnection->query()
#4 /var/www/sistemaFood/app/Database/Migrations/2022-10-26-004015_CriaTabelaExpediente.php(53): CodeIgniter\Database\Forge->createTable()
#5 /var/www/sistemaFood/system/Database/MigrationRunner.php(868): App\Database\Migrations\CriaTabelaExpediente->up()
#6 /var/www/sistemaFood/system/Database/MigrationRunner.php(187): CodeIgniter\Database\MigrationRunner->migrate()
#7 /var/www/sistemaFood/system/Commands/Database/Migrate.php(84): CodeIgniter\Database\MigrationRunner->latest()
#8 /var/www/sistemaFood/system/CLI/Commands.php(63): CodeIgniter\Commands\Database\Migrate->run()
#9 /var/www/sistemaFood/system/CLI/CommandRunner.php(65): CodeIgniter\CLI\Commands->run()
#10 /var/www/sistemaFood/system/CLI/CommandRunner.php(51): CodeIgniter\CLI\CommandRunner->index()
#11 /var/www/sistemaFood/system/CodeIgniter.php(897): CodeIgniter\CLI\CommandRunner->_remap()
#12 /var/www/sistemaFood/system/CodeIgniter.php(457): CodeIgniter\CodeIgniter->runController()
#13 /var/www/sistemaFood/system/CodeIgniter.php(336): CodeIgniter\CodeIgniter->handleRequest()
#14 /var/www/sistemaFood/system/CLI/Console.php(48): CodeIgniter\CodeIgniter->run()
#15 /var/www/sistemaFood/spark(98): CodeIgniter\CLI\Console->run()
#16 {main}
ERROR - 2022-11-03 15:17:55 --> mysqli_sql_exception: Table 'expediente' already exists in /var/www/sistemaFood/system/Database/MySQLi/Connection.php:292
Stack trace:
#0 /var/www/sistemaFood/system/Database/MySQLi/Connection.php(292): mysqli->query()
#1 /var/www/sistemaFood/system/Database/BaseConnection.php(693): CodeIgniter\Database\MySQLi\Connection->execute()
#2 /var/www/sistemaFood/system/Database/BaseConnection.php(620): CodeIgniter\Database\BaseConnection->simpleQuery()
#3 /var/www/sistemaFood/system/Database/Forge.php(509): CodeIgniter\Database\BaseConnection->query()
#4 /var/www/sistemaFood/app/Database/Migrations/2022-10-26-004015_CriaTabelaExpediente.php(53): CodeIgniter\Database\Forge->createTable()
#5 /var/www/sistemaFood/system/Database/MigrationRunner.php(868): App\Database\Migrations\CriaTabelaExpediente->up()
#6 /var/www/sistemaFood/system/Database/MigrationRunner.php(187): CodeIgniter\Database\MigrationRunner->migrate()
#7 /var/www/sistemaFood/system/Commands/Database/Migrate.php(84): CodeIgniter\Database\MigrationRunner->latest()
#8 /var/www/sistemaFood/system/CLI/Commands.php(63): CodeIgniter\Commands\Database\Migrate->run()
#9 /var/www/sistemaFood/system/CLI/CommandRunner.php(65): CodeIgniter\CLI\Commands->run()
#10 /var/www/sistemaFood/system/CLI/CommandRunner.php(51): CodeIgniter\CLI\CommandRunner->index()
#11 /var/www/sistemaFood/system/CodeIgniter.php(897): CodeIgniter\CLI\CommandRunner->_remap()
#12 /var/www/sistemaFood/system/CodeIgniter.php(457): CodeIgniter\CodeIgniter->runController()
#13 /var/www/sistemaFood/system/CodeIgniter.php(336): CodeIgniter\CodeIgniter->handleRequest()
#14 /var/www/sistemaFood/system/CLI/Console.php(48): CodeIgniter\CodeIgniter->run()
#15 /var/www/sistemaFood/spark(98): CodeIgniter\CLI\Console->run()
#16 {main}
ERROR - 2022-11-03 15:18:09 --> mysqli_sql_exception: Table 'expediente' already exists in /var/www/sistemaFood/system/Database/MySQLi/Connection.php:292
Stack trace:
#0 /var/www/sistemaFood/system/Database/MySQLi/Connection.php(292): mysqli->query()
#1 /var/www/sistemaFood/system/Database/BaseConnection.php(693): CodeIgniter\Database\MySQLi\Connection->execute()
#2 /var/www/sistemaFood/system/Database/BaseConnection.php(620): CodeIgniter\Database\BaseConnection->simpleQuery()
#3 /var/www/sistemaFood/system/Database/Forge.php(509): CodeIgniter\Database\BaseConnection->query()
#4 /var/www/sistemaFood/app/Database/Migrations/2022-10-26-004015_CriaTabelaExpediente.php(53): CodeIgniter\Database\Forge->createTable()
#5 /var/www/sistemaFood/system/Database/MigrationRunner.php(868): App\Database\Migrations\CriaTabelaExpediente->up()
#6 /var/www/sistemaFood/system/Database/MigrationRunner.php(187): CodeIgniter\Database\MigrationRunner->migrate()
#7 /var/www/sistemaFood/system/Commands/Database/Migrate.php(84): CodeIgniter\Database\MigrationRunner->latest()
#8 /var/www/sistemaFood/system/CLI/Commands.php(63): CodeIgniter\Commands\Database\Migrate->run()
#9 /var/www/sistemaFood/system/CLI/BaseCommand.php(112): CodeIgniter\CLI\Commands->run()
#10 /var/www/sistemaFood/system/Commands/Database/MigrateRefresh.php(85): CodeIgniter\CLI\BaseCommand->call()
#11 /var/www/sistemaFood/system/CLI/Commands.php(63): CodeIgniter\Commands\Database\MigrateRefresh->run()
#12 /var/www/sistemaFood/system/CLI/CommandRunner.php(65): CodeIgniter\CLI\Commands->run()
#13 /var/www/sistemaFood/system/CLI/CommandRunner.php(51): CodeIgniter\CLI\CommandRunner->index()
#14 /var/www/sistemaFood/system/CodeIgniter.php(897): CodeIgniter\CLI\CommandRunner->_remap()
#15 /var/www/sistemaFood/system/CodeIgniter.php(457): CodeIgniter\CodeIgniter->runController()
#16 /var/www/sistemaFood/system/CodeIgniter.php(336): CodeIgniter\CodeIgniter->handleRequest()
#17 /var/www/sistemaFood/system/CLI/Console.php(48): CodeIgniter\CodeIgniter->run()
#18 /var/www/sistemaFood/spark(98): CodeIgniter\CLI\Console->run()
#19 {main}
ERROR - 2022-11-03 15:19:55 --> mysqli_sql_exception: Table 'bairros' already exists in /var/www/sistemaFood/system/Database/MySQLi/Connection.php:292
Stack trace:
#0 /var/www/sistemaFood/system/Database/MySQLi/Connection.php(292): mysqli->query()
#1 /var/www/sistemaFood/system/Database/BaseConnection.php(693): CodeIgniter\Database\MySQLi\Connection->execute()
#2 /var/www/sistemaFood/system/Database/BaseConnection.php(620): CodeIgniter\Database\BaseConnection->simpleQuery()
#3 /var/www/sistemaFood/system/Database/Forge.php(509): CodeIgniter\Database\BaseConnection->query()
#4 /var/www/sistemaFood/app/Database/Migrations/2022-10-26-032511_CriaTabelaBairros.php(73): CodeIgniter\Database\Forge->createTable()
#5 /var/www/sistemaFood/system/Database/MigrationRunner.php(868): App\Database\Migrations\CriaTabelaBairros->up()
#6 /var/www/sistemaFood/system/Database/MigrationRunner.php(187): CodeIgniter\Database\MigrationRunner->migrate()
#7 /var/www/sistemaFood/system/Commands/Database/Migrate.php(84): CodeIgniter\Database\MigrationRunner->latest()
#8 /var/www/sistemaFood/system/CLI/Commands.php(63): CodeIgniter\Commands\Database\Migrate->run()
#9 /var/www/sistemaFood/system/CLI/CommandRunner.php(65): CodeIgniter\CLI\Commands->run()
#10 /var/www/sistemaFood/system/CLI/CommandRunner.php(51): CodeIgniter\CLI\CommandRunner->index()
#11 /var/www/sistemaFood/system/CodeIgniter.php(897): CodeIgniter\CLI\CommandRunner->_remap()
#12 /var/www/sistemaFood/system/CodeIgniter.php(457): CodeIgniter\CodeIgniter->runController()
#13 /var/www/sistemaFood/system/CodeIgniter.php(336): CodeIgniter\CodeIgniter->handleRequest()
#14 /var/www/sistemaFood/system/CLI/Console.php(48): CodeIgniter\CodeIgniter->run()
#15 /var/www/sistemaFood/spark(98): CodeIgniter\CLI\Console->run()
#16 {main}
ERROR - 2022-11-03 15:21:09 --> mysqli_sql_exception: Cannot add foreign key constraint in /var/www/sistemaFood/system/Database/MySQLi/Connection.php:292
Stack trace:
#0 /var/www/sistemaFood/system/Database/MySQLi/Connection.php(292): mysqli->query()
#1 /var/www/sistemaFood/system/Database/BaseConnection.php(693): CodeIgniter\Database\MySQLi\Connection->execute()
#2 /var/www/sistemaFood/system/Database/BaseConnection.php(620): CodeIgniter\Database\BaseConnection->simpleQuery()
#3 /var/www/sistemaFood/system/Database/Forge.php(509): CodeIgniter\Database\BaseConnection->query()
#4 /var/www/sistemaFood/app/Database/Migrations/2022-11-03-180901_CriaTabelaPedidos.php(104): CodeIgniter\Database\Forge->createTable()
#5 /var/www/sistemaFood/system/Database/MigrationRunner.php(868): App\Database\Migrations\CriaTabelaPedidos->up()
#6 /var/www/sistemaFood/system/Database/MigrationRunner.php(187): CodeIgniter\Database\MigrationRunner->migrate()
#7 /var/www/sistemaFood/system/Commands/Database/Migrate.php(84): CodeIgniter\Database\MigrationRunner->latest()
#8 /var/www/sistemaFood/system/CLI/Commands.php(63): CodeIgniter\Commands\Database\Migrate->run()
#9 /var/www/sistemaFood/system/CLI/CommandRunner.php(65): CodeIgniter\CLI\Commands->run()
#10 /var/www/sistemaFood/system/CLI/CommandRunner.php(51): CodeIgniter\CLI\CommandRunner->index()
#11 /var/www/sistemaFood/system/CodeIgniter.php(897): CodeIgniter\CLI\CommandRunner->_remap()
#12 /var/www/sistemaFood/system/CodeIgniter.php(457): CodeIgniter\CodeIgniter->runController()
#13 /var/www/sistemaFood/system/CodeIgniter.php(336): CodeIgniter\CodeIgniter->handleRequest()
#14 /var/www/sistemaFood/system/CLI/Console.php(48): CodeIgniter\CodeIgniter->run()
#15 /var/www/sistemaFood/spark(98): CodeIgniter\CLI\Console->run()
#16 {main}
ERROR - 2022-11-03 15:21:36 --> mysqli_sql_exception: Cannot add foreign key constraint in /var/www/sistemaFood/system/Database/MySQLi/Connection.php:292
Stack trace:
#0 /var/www/sistemaFood/system/Database/MySQLi/Connection.php(292): mysqli->query()
#1 /var/www/sistemaFood/system/Database/BaseConnection.php(693): CodeIgniter\Database\MySQLi\Connection->execute()
#2 /var/www/sistemaFood/system/Database/BaseConnection.php(620): CodeIgniter\Database\BaseConnection->simpleQuery()
#3 /var/www/sistemaFood/system/Database/Forge.php(509): CodeIgniter\Database\BaseConnection->query()
#4 /var/www/sistemaFood/app/Database/Migrations/2022-11-03-180901_CriaTabelaPedidos.php(104): CodeIgniter\Database\Forge->createTable()
#5 /var/www/sistemaFood/system/Database/MigrationRunner.php(868): App\Database\Migrations\CriaTabelaPedidos->up()
#6 /var/www/sistemaFood/system/Database/MigrationRunner.php(187): CodeIgniter\Database\MigrationRunner->migrate()
#7 /var/www/sistemaFood/system/Commands/Database/Migrate.php(84): CodeIgniter\Database\MigrationRunner->latest()
#8 /var/www/sistemaFood/system/CLI/Commands.php(63): CodeIgniter\Commands\Database\Migrate->run()
#9 /var/www/sistemaFood/system/CLI/BaseCommand.php(112): CodeIgniter\CLI\Commands->run()
#10 /var/www/sistemaFood/system/Commands/Database/MigrateRefresh.php(85): CodeIgniter\CLI\BaseCommand->call()
#11 /var/www/sistemaFood/system/CLI/Commands.php(63): CodeIgniter\Commands\Database\MigrateRefresh->run()
#12 /var/www/sistemaFood/system/CLI/CommandRunner.php(65): CodeIgniter\CLI\Commands->run()
#13 /var/www/sistemaFood/system/CLI/CommandRunner.php(51): CodeIgniter\CLI\CommandRunner->index()
#14 /var/www/sistemaFood/system/CodeIgniter.php(897): CodeIgniter\CLI\CommandRunner->_remap()
#15 /var/www/sistemaFood/system/CodeIgniter.php(457): CodeIgniter\CodeIgniter->runController()
#16 /var/www/sistemaFood/system/CodeIgniter.php(336): CodeIgniter\CodeIgniter->handleRequest()
#17 /var/www/sistemaFood/system/CLI/Console.php(48): CodeIgniter\CodeIgniter->run()
#18 /var/www/sistemaFood/spark(98): CodeIgniter\CLI\Console->run()
#19 {main}
